21-Jan-2024 11:56:36.682 INFO [main] org.apache.catalina.startup.VersionLoggerListener.log Server version name:   Apache Tomcat/9.0.65
21-Jan-2024 11:56:36.691 INFO [main] org.apache.catalina.startup.VersionLoggerListener.log Server built:          Jul 14 2022 12:28:53 UTC
21-Jan-2024 11:56:36.692 INFO [main] org.apache.catalina.startup.VersionLoggerListener.log Server version number: 9.0.65.0
21-Jan-2024 11:56:36.693 INFO [main] org.apache.catalina.startup.VersionLoggerListener.log OS Name:               Windows 10
21-Jan-2024 11:56:36.693 INFO [main] org.apache.catalina.startup.VersionLoggerListener.log OS Version:            10.0
21-Jan-2024 11:56:36.694 INFO [main] org.apache.catalina.startup.VersionLoggerListener.log Architecture:          amd64
21-Jan-2024 11:56:36.694 INFO [main] org.apache.catalina.startup.VersionLoggerListener.log Java Home:             C:\jdk-17.0.6
21-Jan-2024 11:56:36.695 INFO [main] org.apache.catalina.startup.VersionLoggerListener.log JVM Version:           17.0.6+9-LTS-190
21-Jan-2024 11:56:36.695 INFO [main] org.apache.catalina.startup.VersionLoggerListener.log JVM Vendor:            Oracle Corporation
21-Jan-2024 11:56:36.696 INFO [main] org.apache.catalina.startup.VersionLoggerListener.log CATALINA_BASE:         C:\THA105_WebApp\apache-tomcat-9.0.65
21-Jan-2024 11:56:36.696 INFO [main] org.apache.catalina.startup.VersionLoggerListener.log CATALINA_HOME:         C:\THA105_WebApp\apache-tomcat-9.0.65
21-Jan-2024 11:56:36.724 INFO [main] org.apache.catalina.startup.VersionLoggerListener.log Command line argument: --add-opens=java.base/java.lang=ALL-UNNAMED
21-Jan-2024 11:56:36.725 INFO [main] org.apache.catalina.startup.VersionLoggerListener.log Command line argument: --add-opens=java.base/java.io=ALL-UNNAMED
21-Jan-2024 11:56:36.726 INFO [main] org.apache.catalina.startup.VersionLoggerListener.log Command line argument: --add-opens=java.base/java.util=ALL-UNNAMED
21-Jan-2024 11:56:36.726 INFO [main] org.apache.catalina.startup.VersionLoggerListener.log Command line argument: --add-opens=java.base/java.util.concurrent=ALL-UNNAMED
21-Jan-2024 11:56:36.726 INFO [main] org.apache.catalina.startup.VersionLoggerListener.log Command line argument: --add-opens=java.rmi/sun.rmi.transport=ALL-UNNAMED
21-Jan-2024 11:56:36.728 INFO [main] org.apache.catalina.startup.VersionLoggerListener.log Command line argument: -Djava.util.logging.config.file=C:\THA105_WebApp\apache-tomcat-9.0.65\conf\logging.properties
21-Jan-2024 11:56:36.730 INFO [main] org.apache.catalina.startup.VersionLoggerListener.log Command line argument: -Djava.util.logging.manager=org.apache.juli.ClassLoaderLogManager
21-Jan-2024 11:56:36.731 INFO [main] org.apache.catalina.startup.VersionLoggerListener.log Command line argument: -Djdk.tls.ephemeralDHKeySize=2048
21-Jan-2024 11:56:36.732 INFO [main] org.apache.catalina.startup.VersionLoggerListener.log Command line argument: -Djava.protocol.handler.pkgs=org.apache.catalina.webresources
21-Jan-2024 11:56:36.733 INFO [main] org.apache.catalina.startup.VersionLoggerListener.log Command line argument: -Dignore.endorsed.dirs=
21-Jan-2024 11:56:36.735 INFO [main] org.apache.catalina.startup.VersionLoggerListener.log Command line argument: -Dcatalina.base=C:\THA105_WebApp\apache-tomcat-9.0.65
21-Jan-2024 11:56:36.742 INFO [main] org.apache.catalina.startup.VersionLoggerListener.log Command line argument: -Dcatalina.home=C:\THA105_WebApp\apache-tomcat-9.0.65
21-Jan-2024 11:56:36.743 INFO [main] org.apache.catalina.startup.VersionLoggerListener.log Command line argument: -Djava.io.tmpdir=C:\THA105_WebApp\apache-tomcat-9.0.65\temp
21-Jan-2024 11:56:36.763 INFO [main] org.apache.catalina.core.AprLifecycleListener.lifecycleEvent The Apache Tomcat Native library which allows using OpenSSL was not found on the java.library.path: [C:\jdk-17.0.6\bin;C:\WINDOWS\Sun\Java\bin;C:\WINDOWS\system32;C:\WINDOWS;C:\jdk-17.0.6\bin;C:\Program Files\Common Files\Oracle\Java\javapath;C:\Windows\system32;C:\Windows;C:\Windows\System32\Wbem;C:\Windows\System32\WindowsPowerShell\v1.0\;C:\Windows\System32\OpenSSH\;C:\Program Files (x86)\NVIDIA Corporation\PhysX\Common;C:\Program Files\NVIDIA Corporation\NVIDIA NvDLISR;C:\WINDOWS\system32;C:\WINDOWS;C:\WINDOWS\System32\Wbem;C:\WINDOWS\System32\WindowsPowerShell\v1.0\;C:\WINDOWS\System32\OpenSSH\;C:\Program Files\Bandizip\;C:\Program Files\Docker\Docker\resources\bin;C:\Program Files\Git\cmd;C:\Redis\;C:\Users\EX14\AppData\Local\Programs\Microsoft VS Code\bin;C:\Program Files\nodejs\;C:\Users\EX14\AppData\Roaming\npm;C:\PROGRA~2\IDMCOM~1\ULTRAE~1;C:\Users\EX14\AppData\Roaming\npm;;C:\Users\EX14\AppData\Local\Programs\Microsoft VS Code\bin;.]
21-Jan-2024 11:56:37.475 INFO [main] org.apache.coyote.AbstractProtocol.init Initializing ProtocolHandler ["http-nio-8081"]
21-Jan-2024 11:56:37.557 INFO [main] org.apache.catalina.startup.Catalina.load Server initialization in [1354] milliseconds
21-Jan-2024 11:56:37.731 INFO [main] org.apache.catalina.core.StandardService.startInternal Starting service [Catalina]
21-Jan-2024 11:56:37.732 INFO [main] org.apache.catalina.core.StandardEngine.startInternal Starting Servlet engine: [Apache Tomcat/9.0.65]
21-Jan-2024 11:56:37.787 INFO [main] org.apache.catalina.startup.HostConfig.deployWAR Deploying web application archive [C:\THA105_WebApp\apache-tomcat-9.0.65\webapps\IBM.war]
21-Jan-2024 11:56:40.250 INFO [main] org.apache.jasper.servlet.TldScanner.scanJars At least one JAR was scanned for TLDs yet contained no TLDs. Enable debug logging for this logger for a complete list of JARs that were scanned but no TLDs were found in them. Skipping unneeded JARs during scanning can improve startup time and JSP compilation time.
21-Jan-2024 11:56:40.434 WARNING [main] org.apache.catalina.util.SessionIdGeneratorBase.createSecureRandom Creation of SecureRandom instance for session ID generation using [SHA1PRNG] took [141] milliseconds.
21-Jan-2024 11:56:40.478 INFO [main] org.apache.catalina.startup.HostConfig.deployWAR Deployment of web application archive [C:\THA105_WebApp\apache-tomcat-9.0.65\webapps\IBM.war] has finished in [2,691] ms
21-Jan-2024 11:56:40.481 INFO [main] org.apache.catalina.startup.HostConfig.deployWAR Deploying web application archive [C:\THA105_WebApp\apache-tomcat-9.0.65\webapps\IBM2.war]
21-Jan-2024 11:56:41.824 INFO [main] org.apache.jasper.servlet.TldScanner.scanJars At least one JAR was scanned for TLDs yet contained no TLDs. Enable debug logging for this logger for a complete list of JARs that were scanned but no TLDs were found in them. Skipping unneeded JARs during scanning can improve startup time and JSP compilation time.
21-Jan-2024 11:56:41.832 INFO [main] org.apache.catalina.startup.HostConfig.deployWAR Deployment of web application archive [C:\THA105_WebApp\apache-tomcat-9.0.65\webapps\IBM2.war] has finished in [1,350] ms
21-Jan-2024 11:56:41.941 INFO [main] org.apache.catalina.startup.HostConfig.deployWAR Deploying web application archive [C:\THA105_WebApp\apache-tomcat-9.0.65\webapps\Servlet4.war]
21-Jan-2024 11:56:42.972 INFO [main] org.apache.jasper.servlet.TldScanner.scanJars At least one JAR was scanned for TLDs yet contained no TLDs. Enable debug logging for this logger for a complete list of JARs that were scanned but no TLDs were found in them. Skipping unneeded JARs during scanning can improve startup time and JSP compilation time.
21-Jan-2024 11:56:42.976 INFO [main] org.apache.catalina.startup.HostConfig.deployWAR Deployment of web application archive [C:\THA105_WebApp\apache-tomcat-9.0.65\webapps\Servlet4.war] has finished in [1,035] ms
21-Jan-2024 11:56:42.977 INFO [main] org.apache.catalina.startup.HostConfig.deployDirectory Deploying web application directory [C:\THA105_WebApp\apache-tomcat-9.0.65\webapps\docs]
21-Jan-2024 11:56:44.086 INFO [main] org.apache.jasper.servlet.TldScanner.scanJars At least one JAR was scanned for TLDs yet contained no TLDs. Enable debug logging for this logger for a complete list of JARs that were scanned but no TLDs were found in them. Skipping unneeded JARs during scanning can improve startup time and JSP compilation time.
21-Jan-2024 11:56:44.090 INFO [main] org.apache.catalina.startup.HostConfig.deployDirectory Deployment of web application directory [C:\THA105_WebApp\apache-tomcat-9.0.65\webapps\docs] has finished in [1,113] ms
21-Jan-2024 11:56:44.091 INFO [main] org.apache.catalina.startup.HostConfig.deployDirectory Deploying web application directory [C:\THA105_WebApp\apache-tomcat-9.0.65\webapps\examples]
21-Jan-2024 11:56:47.645 INFO [main] org.apache.jasper.servlet.TldScanner.scanJars At least one JAR was scanned for TLDs yet contained no TLDs. Enable debug logging for this logger for a complete list of JARs that were scanned but no TLDs were found in them. Skipping unneeded JARs during scanning can improve startup time and JSP compilation time.
21-Jan-2024 11:56:47.770 INFO [main] org.apache.catalina.startup.HostConfig.deployDirectory Deployment of web application directory [C:\THA105_WebApp\apache-tomcat-9.0.65\webapps\examples] has finished in [3,679] ms
21-Jan-2024 11:56:47.771 INFO [main] org.apache.catalina.startup.HostConfig.deployDirectory Deploying web application directory [C:\THA105_WebApp\apache-tomcat-9.0.65\webapps\ForwardRedirect]
21-Jan-2024 11:56:48.966 INFO [main] org.apache.jasper.servlet.TldScanner.scanJars At least one JAR was scanned for TLDs yet contained no TLDs. Enable debug logging for this logger for a complete list of JARs that were scanned but no TLDs were found in them. Skipping unneeded JARs during scanning can improve startup time and JSP compilation time.
21-Jan-2024 11:56:48.972 INFO [main] org.apache.catalina.startup.HostConfig.deployDirectory Deployment of web application directory [C:\THA105_WebApp\apache-tomcat-9.0.65\webapps\ForwardRedirect] has finished in [1,202] ms
21-Jan-2024 11:56:48.973 INFO [main] org.apache.catalina.startup.HostConfig.deployDirectory Deploying web application directory [C:\THA105_WebApp\apache-tomcat-9.0.65\webapps\ForwardRedirect2]
21-Jan-2024 11:56:50.018 INFO [main] org.apache.jasper.servlet.TldScanner.scanJars At least one JAR was scanned for TLDs yet contained no TLDs. Enable debug logging for this logger for a complete list of JARs that were scanned but no TLDs were found in them. Skipping unneeded JARs during scanning can improve startup time and JSP compilation time.
21-Jan-2024 11:56:50.023 INFO [main] org.apache.catalina.startup.HostConfig.deployDirectory Deployment of web application directory [C:\THA105_WebApp\apache-tomcat-9.0.65\webapps\ForwardRedirect2] has finished in [1,050] ms
21-Jan-2024 11:56:50.024 INFO [main] org.apache.catalina.startup.HostConfig.deployDirectory Deploying web application directory [C:\THA105_WebApp\apache-tomcat-9.0.65\webapps\host-manager]
21-Jan-2024 11:56:50.988 INFO [main] org.apache.jasper.servlet.TldScanner.scanJars At least one JAR was scanned for TLDs yet contained no TLDs. Enable debug logging for this logger for a complete list of JARs that were scanned but no TLDs were found in them. Skipping unneeded JARs during scanning can improve startup time and JSP compilation time.
21-Jan-2024 11:56:51.002 INFO [main] org.apache.catalina.startup.HostConfig.deployDirectory Deployment of web application directory [C:\THA105_WebApp\apache-tomcat-9.0.65\webapps\host-manager] has finished in [978] ms
21-Jan-2024 11:56:51.004 INFO [main] org.apache.catalina.startup.HostConfig.deployDirectory Deploying web application directory [C:\THA105_WebApp\apache-tomcat-9.0.65\webapps\IBM_9]
21-Jan-2024 11:56:52.042 INFO [main] org.apache.jasper.servlet.TldScanner.scanJars At least one JAR was scanned for TLDs yet contained no TLDs. Enable debug logging for this logger for a complete list of JARs that were scanned but no TLDs were found in them. Skipping unneeded JARs during scanning can improve startup time and JSP compilation time.
21-Jan-2024 11:56:52.048 INFO [main] org.apache.catalina.startup.HostConfig.deployDirectory Deployment of web application directory [C:\THA105_WebApp\apache-tomcat-9.0.65\webapps\IBM_9] has finished in [1,044] ms
21-Jan-2024 11:56:52.049 INFO [main] org.apache.catalina.startup.HostConfig.deployDirectory Deploying web application directory [C:\THA105_WebApp\apache-tomcat-9.0.65\webapps\IBM_HelloBean]
21-Jan-2024 11:56:53.081 INFO [main] org.apache.jasper.servlet.TldScanner.scanJars At least one JAR was scanned for TLDs yet contained no TLDs. Enable debug logging for this logger for a complete list of JARs that were scanned but no TLDs were found in them. Skipping unneeded JARs during scanning can improve startup time and JSP compilation time.
21-Jan-2024 11:56:53.085 INFO [main] org.apache.catalina.startup.HostConfig.deployDirectory Deployment of web application directory [C:\THA105_WebApp\apache-tomcat-9.0.65\webapps\IBM_HelloBean] has finished in [1,036] ms
21-Jan-2024 11:56:53.085 INFO [main] org.apache.catalina.startup.HostConfig.deployDirectory Deploying web application directory [C:\THA105_WebApp\apache-tomcat-9.0.65\webapps\manager]
21-Jan-2024 11:56:54.028 INFO [main] org.apache.jasper.servlet.TldScanner.scanJars At least one JAR was scanned for TLDs yet contained no TLDs. Enable debug logging for this logger for a complete list of JARs that were scanned but no TLDs were found in them. Skipping unneeded JARs during scanning can improve startup time and JSP compilation time.
21-Jan-2024 11:56:54.033 INFO [main] org.apache.catalina.startup.HostConfig.deployDirectory Deployment of web application directory [C:\THA105_WebApp\apache-tomcat-9.0.65\webapps\manager] has finished in [948] ms
21-Jan-2024 11:56:54.033 INFO [main] org.apache.catalina.startup.HostConfig.deployDirectory Deploying web application directory [C:\THA105_WebApp\apache-tomcat-9.0.65\webapps\ROOT]
21-Jan-2024 11:56:54.966 INFO [main] org.apache.jasper.servlet.TldScanner.scanJars At least one JAR was scanned for TLDs yet contained no TLDs. Enable debug logging for this logger for a complete list of JARs that were scanned but no TLDs were found in them. Skipping unneeded JARs during scanning can improve startup time and JSP compilation time.
21-Jan-2024 11:56:54.970 INFO [main] org.apache.catalina.startup.HostConfig.deployDirectory Deployment of web application directory [C:\THA105_WebApp\apache-tomcat-9.0.65\webapps\ROOT] has finished in [937] ms
21-Jan-2024 11:56:54.975 INFO [main] org.apache.coyote.AbstractProtocol.start Starting ProtocolHandler ["http-nio-8081"]
21-Jan-2024 11:56:55.083 INFO [main] org.apache.catalina.startup.Catalina.start Server startup in [17524] milliseconds
21-Jan-2024 12:17:18.401 INFO [main] org.apache.catalina.startup.VersionLoggerListener.log Server version name:   Apache Tomcat/9.0.65
21-Jan-2024 12:17:18.411 INFO [main] org.apache.catalina.startup.VersionLoggerListener.log Server built:          Jul 14 2022 12:28:53 UTC
21-Jan-2024 12:17:18.412 INFO [main] org.apache.catalina.startup.VersionLoggerListener.log Server version number: 9.0.65.0
21-Jan-2024 12:17:18.412 INFO [main] org.apache.catalina.startup.VersionLoggerListener.log OS Name:               Windows 10
21-Jan-2024 12:17:18.413 INFO [main] org.apache.catalina.startup.VersionLoggerListener.log OS Version:            10.0
21-Jan-2024 12:17:18.413 INFO [main] org.apache.catalina.startup.VersionLoggerListener.log Architecture:          amd64
21-Jan-2024 12:17:18.414 INFO [main] org.apache.catalina.startup.VersionLoggerListener.log Java Home:             C:\jdk-17.0.6
21-Jan-2024 12:17:18.414 INFO [main] org.apache.catalina.startup.VersionLoggerListener.log JVM Version:           17.0.6+9-LTS-190
21-Jan-2024 12:17:18.415 INFO [main] org.apache.catalina.startup.VersionLoggerListener.log JVM Vendor:            Oracle Corporation
21-Jan-2024 12:17:18.415 INFO [main] org.apache.catalina.startup.VersionLoggerListener.log CATALINA_BASE:         C:\THA105_WebApp\apache-tomcat-9.0.65
21-Jan-2024 12:17:18.416 INFO [main] org.apache.catalina.startup.VersionLoggerListener.log CATALINA_HOME:         C:\THA105_WebApp\apache-tomcat-9.0.65
21-Jan-2024 12:17:18.439 INFO [main] org.apache.catalina.startup.VersionLoggerListener.log Command line argument: --add-opens=java.base/java.lang=ALL-UNNAMED
21-Jan-2024 12:17:18.440 INFO [main] org.apache.catalina.startup.VersionLoggerListener.log Command line argument: --add-opens=java.base/java.io=ALL-UNNAMED
21-Jan-2024 12:17:18.440 INFO [main] org.apache.catalina.startup.VersionLoggerListener.log Command line argument: --add-opens=java.base/java.util=ALL-UNNAMED
21-Jan-2024 12:17:18.441 INFO [main] org.apache.catalina.startup.VersionLoggerListener.log Command line argument: --add-opens=java.base/java.util.concurrent=ALL-UNNAMED
21-Jan-2024 12:17:18.441 INFO [main] org.apache.catalina.startup.VersionLoggerListener.log Command line argument: --add-opens=java.rmi/sun.rmi.transport=ALL-UNNAMED
21-Jan-2024 12:17:18.442 INFO [main] org.apache.catalina.startup.VersionLoggerListener.log Command line argument: -Djava.util.logging.config.file=C:\THA105_WebApp\apache-tomcat-9.0.65\conf\logging.properties
21-Jan-2024 12:17:18.443 INFO [main] org.apache.catalina.startup.VersionLoggerListener.log Command line argument: -Djava.util.logging.manager=org.apache.juli.ClassLoaderLogManager
21-Jan-2024 12:17:18.444 INFO [main] org.apache.catalina.startup.VersionLoggerListener.log Command line argument: -Djdk.tls.ephemeralDHKeySize=2048
21-Jan-2024 12:17:18.445 INFO [main] org.apache.catalina.startup.VersionLoggerListener.log Command line argument: -Djava.protocol.handler.pkgs=org.apache.catalina.webresources
21-Jan-2024 12:17:18.446 INFO [main] org.apache.catalina.startup.VersionLoggerListener.log Command line argument: -Dignore.endorsed.dirs=
21-Jan-2024 12:17:18.447 INFO [main] org.apache.catalina.startup.VersionLoggerListener.log Command line argument: -Dcatalina.base=C:\THA105_WebApp\apache-tomcat-9.0.65
21-Jan-2024 12:17:18.447 INFO [main] org.apache.catalina.startup.VersionLoggerListener.log Command line argument: -Dcatalina.home=C:\THA105_WebApp\apache-tomcat-9.0.65
21-Jan-2024 12:17:18.448 INFO [main] org.apache.catalina.startup.VersionLoggerListener.log Command line argument: -Djava.io.tmpdir=C:\THA105_WebApp\apache-tomcat-9.0.65\temp
21-Jan-2024 12:17:18.480 INFO [main] org.apache.catalina.core.AprLifecycleListener.lifecycleEvent The Apache Tomcat Native library which allows using OpenSSL was not found on the java.library.path: [C:\jdk-17.0.6\bin;C:\WINDOWS\Sun\Java\bin;C:\WINDOWS\system32;C:\WINDOWS;C:\jdk-17.0.6\bin;C:\Program Files\Common Files\Oracle\Java\javapath;C:\Windows\system32;C:\Windows;C:\Windows\System32\Wbem;C:\Windows\System32\WindowsPowerShell\v1.0\;C:\Windows\System32\OpenSSH\;C:\Program Files (x86)\NVIDIA Corporation\PhysX\Common;C:\Program Files\NVIDIA Corporation\NVIDIA NvDLISR;C:\WINDOWS\system32;C:\WINDOWS;C:\WINDOWS\System32\Wbem;C:\WINDOWS\System32\WindowsPowerShell\v1.0\;C:\WINDOWS\System32\OpenSSH\;C:\Program Files\Bandizip\;C:\Program Files\Docker\Docker\resources\bin;C:\Program Files\Git\cmd;C:\Redis\;C:\Users\EX14\AppData\Local\Programs\Microsoft VS Code\bin;C:\Program Files\nodejs\;C:\Users\EX14\AppData\Roaming\npm;C:\PROGRA~2\IDMCOM~1\ULTRAE~1;C:\Users\EX14\AppData\Roaming\npm;;C:\Users\EX14\AppData\Local\Programs\Microsoft VS Code\bin;.]
21-Jan-2024 12:17:19.218 INFO [main] org.apache.coyote.AbstractProtocol.init Initializing ProtocolHandler ["http-nio-8081"]
21-Jan-2024 12:17:19.276 INFO [main] org.apache.catalina.startup.Catalina.load Server initialization in [1241] milliseconds
21-Jan-2024 12:17:19.397 INFO [main] org.apache.catalina.core.StandardService.startInternal Starting service [Catalina]
21-Jan-2024 12:17:19.398 INFO [main] org.apache.catalina.core.StandardEngine.startInternal Starting Servlet engine: [Apache Tomcat/9.0.65]
21-Jan-2024 12:17:19.439 INFO [main] org.apache.catalina.startup.HostConfig.deployWAR Deploying web application archive [C:\THA105_WebApp\apache-tomcat-9.0.65\webapps\IBM.war]
21-Jan-2024 12:17:21.690 INFO [main] org.apache.jasper.servlet.TldScanner.scanJars At least one JAR was scanned for TLDs yet contained no TLDs. Enable debug logging for this logger for a complete list of JARs that were scanned but no TLDs were found in them. Skipping unneeded JARs during scanning can improve startup time and JSP compilation time.
21-Jan-2024 12:17:21.856 WARNING [main] org.apache.catalina.util.SessionIdGeneratorBase.createSecureRandom Creation of SecureRandom instance for session ID generation using [SHA1PRNG] took [126] milliseconds.
21-Jan-2024 12:17:21.900 INFO [main] org.apache.catalina.startup.HostConfig.deployWAR Deployment of web application archive [C:\THA105_WebApp\apache-tomcat-9.0.65\webapps\IBM.war] has finished in [2,461] ms
21-Jan-2024 12:17:21.904 INFO [main] org.apache.catalina.startup.HostConfig.deployWAR Deploying web application archive [C:\THA105_WebApp\apache-tomcat-9.0.65\webapps\IBM2.war]
21-Jan-2024 12:17:23.617 INFO [main] org.apache.jasper.servlet.TldScanner.scanJars At least one JAR was scanned for TLDs yet contained no TLDs. Enable debug logging for this logger for a complete list of JARs that were scanned but no TLDs were found in them. Skipping unneeded JARs during scanning can improve startup time and JSP compilation time.
21-Jan-2024 12:17:23.635 INFO [main] org.apache.catalina.startup.HostConfig.deployWAR Deployment of web application archive [C:\THA105_WebApp\apache-tomcat-9.0.65\webapps\IBM2.war] has finished in [1,730] ms
21-Jan-2024 12:17:23.640 INFO [main] org.apache.catalina.startup.HostConfig.deployWAR Deploying web application archive [C:\THA105_WebApp\apache-tomcat-9.0.65\webapps\Servlet4.war]
21-Jan-2024 12:17:25.085 INFO [main] org.apache.jasper.servlet.TldScanner.scanJars At least one JAR was scanned for TLDs yet contained no TLDs. Enable debug logging for this logger for a complete list of JARs that were scanned but no TLDs were found in them. Skipping unneeded JARs during scanning can improve startup time and JSP compilation time.
21-Jan-2024 12:17:25.092 INFO [main] org.apache.catalina.startup.HostConfig.deployWAR Deployment of web application archive [C:\THA105_WebApp\apache-tomcat-9.0.65\webapps\Servlet4.war] has finished in [1,453] ms
21-Jan-2024 12:17:25.094 INFO [main] org.apache.catalina.startup.HostConfig.deployDirectory Deploying web application directory [C:\THA105_WebApp\apache-tomcat-9.0.65\webapps\docs]
21-Jan-2024 12:17:25.966 INFO [main] org.apache.jasper.servlet.TldScanner.scanJars At least one JAR was scanned for TLDs yet contained no TLDs. Enable debug logging for this logger for a complete list of JARs that were scanned but no TLDs were found in them. Skipping unneeded JARs during scanning can improve startup time and JSP compilation time.
21-Jan-2024 12:17:25.969 INFO [main] org.apache.catalina.startup.HostConfig.deployDirectory Deployment of web application directory [C:\THA105_WebApp\apache-tomcat-9.0.65\webapps\docs] has finished in [875] ms
21-Jan-2024 12:17:25.970 INFO [main] org.apache.catalina.startup.HostConfig.deployDirectory Deploying web application directory [C:\THA105_WebApp\apache-tomcat-9.0.65\webapps\examples]
21-Jan-2024 12:17:27.482 INFO [main] org.apache.jasper.servlet.TldScanner.scanJars At least one JAR was scanned for TLDs yet contained no TLDs. Enable debug logging for this logger for a complete list of JARs that were scanned but no TLDs were found in them. Skipping unneeded JARs during scanning can improve startup time and JSP compilation time.
21-Jan-2024 12:17:27.597 INFO [main] org.apache.catalina.startup.HostConfig.deployDirectory Deployment of web application directory [C:\THA105_WebApp\apache-tomcat-9.0.65\webapps\examples] has finished in [1,627] ms
21-Jan-2024 12:17:27.598 INFO [main] org.apache.catalina.startup.HostConfig.deployDirectory Deploying web application directory [C:\THA105_WebApp\apache-tomcat-9.0.65\webapps\ForwardRedirect]
21-Jan-2024 12:17:28.981 INFO [main] org.apache.jasper.servlet.TldScanner.scanJars At least one JAR was scanned for TLDs yet contained no TLDs. Enable debug logging for this logger for a complete list of JARs that were scanned but no TLDs were found in them. Skipping unneeded JARs during scanning can improve startup time and JSP compilation time.
21-Jan-2024 12:17:28.988 INFO [main] org.apache.catalina.startup.HostConfig.deployDirectory Deployment of web application directory [C:\THA105_WebApp\apache-tomcat-9.0.65\webapps\ForwardRedirect] has finished in [1,390] ms
21-Jan-2024 12:17:28.989 INFO [main] org.apache.catalina.startup.HostConfig.deployDirectory Deploying web application directory [C:\THA105_WebApp\apache-tomcat-9.0.65\webapps\ForwardRedirect2]
21-Jan-2024 12:17:30.256 INFO [main] org.apache.jasper.servlet.TldScanner.scanJars At least one JAR was scanned for TLDs yet contained no TLDs. Enable debug logging for this logger for a complete list of JARs that were scanned but no TLDs were found in them. Skipping unneeded JARs during scanning can improve startup time and JSP compilation time.
21-Jan-2024 12:17:30.260 INFO [main] org.apache.catalina.startup.HostConfig.deployDirectory Deployment of web application directory [C:\THA105_WebApp\apache-tomcat-9.0.65\webapps\ForwardRedirect2] has finished in [1,271] ms
21-Jan-2024 12:17:30.261 INFO [main] org.apache.catalina.startup.HostConfig.deployDirectory Deploying web application directory [C:\THA105_WebApp\apache-tomcat-9.0.65\webapps\host-manager]
21-Jan-2024 12:17:31.064 INFO [main] org.apache.jasper.servlet.TldScanner.scanJars At least one JAR was scanned for TLDs yet contained no TLDs. Enable debug logging for this logger for a complete list of JARs that were scanned but no TLDs were found in them. Skipping unneeded JARs during scanning can improve startup time and JSP compilation time.
21-Jan-2024 12:17:31.076 INFO [main] org.apache.catalina.startup.HostConfig.deployDirectory Deployment of web application directory [C:\THA105_WebApp\apache-tomcat-9.0.65\webapps\host-manager] has finished in [814] ms
21-Jan-2024 12:17:31.077 INFO [main] org.apache.catalina.startup.HostConfig.deployDirectory Deploying web application directory [C:\THA105_WebApp\apache-tomcat-9.0.65\webapps\IBM_9]
21-Jan-2024 12:17:31.933 INFO [main] org.apache.jasper.servlet.TldScanner.scanJars At least one JAR was scanned for TLDs yet contained no TLDs. Enable debug logging for this logger for a complete list of JARs that were scanned but no TLDs were found in them. Skipping unneeded JARs during scanning can improve startup time and JSP compilation time.
21-Jan-2024 12:17:31.938 INFO [main] org.apache.catalina.startup.HostConfig.deployDirectory Deployment of web application directory [C:\THA105_WebApp\apache-tomcat-9.0.65\webapps\IBM_9] has finished in [862] ms
21-Jan-2024 12:17:31.939 INFO [main] org.apache.catalina.startup.HostConfig.deployDirectory Deploying web application directory [C:\THA105_WebApp\apache-tomcat-9.0.65\webapps\IBM_HelloBean]
21-Jan-2024 12:17:32.753 INFO [main] org.apache.jasper.servlet.TldScanner.scanJars At least one JAR was scanned for TLDs yet contained no TLDs. Enable debug logging for this logger for a complete list of JARs that were scanned but no TLDs were found in them. Skipping unneeded JARs during scanning can improve startup time and JSP compilation time.
21-Jan-2024 12:17:32.757 INFO [main] org.apache.catalina.startup.HostConfig.deployDirectory Deployment of web application directory [C:\THA105_WebApp\apache-tomcat-9.0.65\webapps\IBM_HelloBean] has finished in [817] ms
21-Jan-2024 12:17:32.758 INFO [main] org.apache.catalina.startup.HostConfig.deployDirectory Deploying web application directory [C:\THA105_WebApp\apache-tomcat-9.0.65\webapps\manager]
21-Jan-2024 12:17:33.578 INFO [main] org.apache.jasper.servlet.TldScanner.scanJars At least one JAR was scanned for TLDs yet contained no TLDs. Enable debug logging for this logger for a complete list of JARs that were scanned but no TLDs were found in them. Skipping unneeded JARs during scanning can improve startup time and JSP compilation time.
21-Jan-2024 12:17:33.580 INFO [main] org.apache.catalina.startup.HostConfig.deployDirectory Deployment of web application directory [C:\THA105_WebApp\apache-tomcat-9.0.65\webapps\manager] has finished in [822] ms
21-Jan-2024 12:17:33.581 INFO [main] org.apache.catalina.startup.HostConfig.deployDirectory Deploying web application directory [C:\THA105_WebApp\apache-tomcat-9.0.65\webapps\ROOT]
21-Jan-2024 12:17:34.419 INFO [main] org.apache.jasper.servlet.TldScanner.scanJars At least one JAR was scanned for TLDs yet contained no TLDs. Enable debug logging for this logger for a complete list of JARs that were scanned but no TLDs were found in them. Skipping unneeded JARs during scanning can improve startup time and JSP compilation time.
21-Jan-2024 12:17:34.424 INFO [main] org.apache.catalina.startup.HostConfig.deployDirectory Deployment of web application directory [C:\THA105_WebApp\apache-tomcat-9.0.65\webapps\ROOT] has finished in [842] ms
21-Jan-2024 12:17:34.429 INFO [main] org.apache.coyote.AbstractProtocol.start Starting ProtocolHandler ["http-nio-8081"]
21-Jan-2024 12:17:34.511 INFO [main] org.apache.catalina.startup.Catalina.start Server startup in [15233] milliseconds
21-Jan-2024 12:19:38.566 INFO [main] org.apache.catalina.startup.VersionLoggerListener.log Server version name:   Apache Tomcat/9.0.65
21-Jan-2024 12:19:38.576 INFO [main] org.apache.catalina.startup.VersionLoggerListener.log Server built:          Jul 14 2022 12:28:53 UTC
21-Jan-2024 12:19:38.577 INFO [main] org.apache.catalina.startup.VersionLoggerListener.log Server version number: 9.0.65.0
21-Jan-2024 12:19:38.577 INFO [main] org.apache.catalina.startup.VersionLoggerListener.log OS Name:               Windows 10
21-Jan-2024 12:19:38.578 INFO [main] org.apache.catalina.startup.VersionLoggerListener.log OS Version:            10.0
21-Jan-2024 12:19:38.578 INFO [main] org.apache.catalina.startup.VersionLoggerListener.log Architecture:          amd64
21-Jan-2024 12:19:38.579 INFO [main] org.apache.catalina.startup.VersionLoggerListener.log Java Home:             C:\jdk-17.0.6
21-Jan-2024 12:19:38.579 INFO [main] org.apache.catalina.startup.VersionLoggerListener.log JVM Version:           17.0.6+9-LTS-190
21-Jan-2024 12:19:38.580 INFO [main] org.apache.catalina.startup.VersionLoggerListener.log JVM Vendor:            Oracle Corporation
21-Jan-2024 12:19:38.580 INFO [main] org.apache.catalina.startup.VersionLoggerListener.log CATALINA_BASE:         C:\THA105_WebApp\apache-tomcat-9.0.65
21-Jan-2024 12:19:38.581 INFO [main] org.apache.catalina.startup.VersionLoggerListener.log CATALINA_HOME:         C:\THA105_WebApp\apache-tomcat-9.0.65
21-Jan-2024 12:19:38.606 INFO [main] org.apache.catalina.startup.VersionLoggerListener.log Command line argument: --add-opens=java.base/java.lang=ALL-UNNAMED
21-Jan-2024 12:19:38.607 INFO [main] org.apache.catalina.startup.VersionLoggerListener.log Command line argument: --add-opens=java.base/java.io=ALL-UNNAMED
21-Jan-2024 12:19:38.608 INFO [main] org.apache.catalina.startup.VersionLoggerListener.log Command line argument: --add-opens=java.base/java.util=ALL-UNNAMED
21-Jan-2024 12:19:38.609 INFO [main] org.apache.catalina.startup.VersionLoggerListener.log Command line argument: --add-opens=java.base/java.util.concurrent=ALL-UNNAMED
21-Jan-2024 12:19:38.610 INFO [main] org.apache.catalina.startup.VersionLoggerListener.log Command line argument: --add-opens=java.rmi/sun.rmi.transport=ALL-UNNAMED
21-Jan-2024 12:19:38.611 INFO [main] org.apache.catalina.startup.VersionLoggerListener.log Command line argument: -Djava.util.logging.config.file=C:\THA105_WebApp\apache-tomcat-9.0.65\conf\logging.properties
21-Jan-2024 12:19:38.630 INFO [main] org.apache.catalina.startup.VersionLoggerListener.log Command line argument: -Djava.util.logging.manager=org.apache.juli.ClassLoaderLogManager
21-Jan-2024 12:19:38.647 INFO [main] org.apache.catalina.startup.VersionLoggerListener.log Command line argument: -Djdk.tls.ephemeralDHKeySize=2048
21-Jan-2024 12:19:38.655 INFO [main] org.apache.catalina.startup.VersionLoggerListener.log Command line argument: -Djava.protocol.handler.pkgs=org.apache.catalina.webresources
21-Jan-2024 12:19:38.662 INFO [main] org.apache.catalina.startup.VersionLoggerListener.log Command line argument: -Dignore.endorsed.dirs=
21-Jan-2024 12:19:38.678 INFO [main] org.apache.catalina.startup.VersionLoggerListener.log Command line argument: -Dcatalina.base=C:\THA105_WebApp\apache-tomcat-9.0.65
21-Jan-2024 12:19:38.692 INFO [main] org.apache.catalina.startup.VersionLoggerListener.log Command line argument: -Dcatalina.home=C:\THA105_WebApp\apache-tomcat-9.0.65
21-Jan-2024 12:19:38.708 INFO [main] org.apache.catalina.startup.VersionLoggerListener.log Command line argument: -Djava.io.tmpdir=C:\THA105_WebApp\apache-tomcat-9.0.65\temp
21-Jan-2024 12:19:38.755 INFO [main] org.apache.catalina.core.AprLifecycleListener.lifecycleEvent The Apache Tomcat Native library which allows using OpenSSL was not found on the java.library.path: [C:\jdk-17.0.6\bin;C:\WINDOWS\Sun\Java\bin;C:\WINDOWS\system32;C:\WINDOWS;C:\jdk-17.0.6\bin;C:\Program Files\Common Files\Oracle\Java\javapath;C:\Windows\system32;C:\Windows;C:\Windows\System32\Wbem;C:\Windows\System32\WindowsPowerShell\v1.0\;C:\Windows\System32\OpenSSH\;C:\Program Files (x86)\NVIDIA Corporation\PhysX\Common;C:\Program Files\NVIDIA Corporation\NVIDIA NvDLISR;C:\WINDOWS\system32;C:\WINDOWS;C:\WINDOWS\System32\Wbem;C:\WINDOWS\System32\WindowsPowerShell\v1.0\;C:\WINDOWS\System32\OpenSSH\;C:\Program Files\Bandizip\;C:\Program Files\Docker\Docker\resources\bin;C:\Program Files\Git\cmd;C:\Redis\;C:\Users\EX14\AppData\Local\Programs\Microsoft VS Code\bin;C:\Program Files\nodejs\;C:\Users\EX14\AppData\Roaming\npm;C:\PROGRA~2\IDMCOM~1\ULTRAE~1;C:\Users\EX14\AppData\Roaming\npm;;C:\Users\EX14\AppData\Local\Programs\Microsoft VS Code\bin;.]
21-Jan-2024 12:19:39.629 INFO [main] org.apache.coyote.AbstractProtocol.init Initializing ProtocolHandler ["http-nio-8081"]
21-Jan-2024 12:19:39.697 INFO [main] org.apache.catalina.startup.Catalina.load Server initialization in [1519] milliseconds
21-Jan-2024 12:19:39.862 INFO [main] org.apache.catalina.core.StandardService.startInternal Starting service [Catalina]
21-Jan-2024 12:19:39.863 INFO [main] org.apache.catalina.core.StandardEngine.startInternal Starting Servlet engine: [Apache Tomcat/9.0.65]
21-Jan-2024 12:19:39.927 INFO [main] org.apache.catalina.startup.HostConfig.deployWAR Deploying web application archive [C:\THA105_WebApp\apache-tomcat-9.0.65\webapps\IBM.war]
21-Jan-2024 12:19:42.440 INFO [main] org.apache.jasper.servlet.TldScanner.scanJars At least one JAR was scanned for TLDs yet contained no TLDs. Enable debug logging for this logger for a complete list of JARs that were scanned but no TLDs were found in them. Skipping unneeded JARs during scanning can improve startup time and JSP compilation time.
21-Jan-2024 12:19:42.645 WARNING [main] org.apache.catalina.util.SessionIdGeneratorBase.createSecureRandom Creation of SecureRandom instance for session ID generation using [SHA1PRNG] took [151] milliseconds.
21-Jan-2024 12:19:42.699 INFO [main] org.apache.catalina.startup.HostConfig.deployWAR Deployment of web application archive [C:\THA105_WebApp\apache-tomcat-9.0.65\webapps\IBM.war] has finished in [2,772] ms
21-Jan-2024 12:19:42.703 INFO [main] org.apache.catalina.startup.HostConfig.deployWAR Deploying web application archive [C:\THA105_WebApp\apache-tomcat-9.0.65\webapps\IBM2.war]
21-Jan-2024 12:19:44.204 INFO [main] org.apache.jasper.servlet.TldScanner.scanJars At least one JAR was scanned for TLDs yet contained no TLDs. Enable debug logging for this logger for a complete list of JARs that were scanned but no TLDs were found in them. Skipping unneeded JARs during scanning can improve startup time and JSP compilation time.
21-Jan-2024 12:19:44.211 INFO [main] org.apache.catalina.startup.HostConfig.deployWAR Deployment of web application archive [C:\THA105_WebApp\apache-tomcat-9.0.65\webapps\IBM2.war] has finished in [1,508] ms
21-Jan-2024 12:19:44.213 INFO [main] org.apache.catalina.startup.HostConfig.deployWAR Deploying web application archive [C:\THA105_WebApp\apache-tomcat-9.0.65\webapps\Servlet4.war]
21-Jan-2024 12:19:45.181 INFO [main] org.apache.jasper.servlet.TldScanner.scanJars At least one JAR was scanned for TLDs yet contained no TLDs. Enable debug logging for this logger for a complete list of JARs that were scanned but no TLDs were found in them. Skipping unneeded JARs during scanning can improve startup time and JSP compilation time.
21-Jan-2024 12:19:45.186 INFO [main] org.apache.catalina.startup.HostConfig.deployWAR Deployment of web application archive [C:\THA105_WebApp\apache-tomcat-9.0.65\webapps\Servlet4.war] has finished in [973] ms
21-Jan-2024 12:19:45.187 INFO [main] org.apache.catalina.startup.HostConfig.deployDirectory Deploying web application directory [C:\THA105_WebApp\apache-tomcat-9.0.65\webapps\docs]
21-Jan-2024 12:19:45.990 INFO [main] org.apache.jasper.servlet.TldScanner.scanJars At least one JAR was scanned for TLDs yet contained no TLDs. Enable debug logging for this logger for a complete list of JARs that were scanned but no TLDs were found in them. Skipping unneeded JARs during scanning can improve startup time and JSP compilation time.
21-Jan-2024 12:19:45.995 INFO [main] org.apache.catalina.startup.HostConfig.deployDirectory Deployment of web application directory [C:\THA105_WebApp\apache-tomcat-9.0.65\webapps\docs] has finished in [807] ms
21-Jan-2024 12:19:45.995 INFO [main] org.apache.catalina.startup.HostConfig.deployDirectory Deploying web application directory [C:\THA105_WebApp\apache-tomcat-9.0.65\webapps\examples]
21-Jan-2024 12:19:47.371 INFO [main] org.apache.jasper.servlet.TldScanner.scanJars At least one JAR was scanned for TLDs yet contained no TLDs. Enable debug logging for this logger for a complete list of JARs that were scanned but no TLDs were found in them. Skipping unneeded JARs during scanning can improve startup time and JSP compilation time.
21-Jan-2024 12:19:47.503 INFO [main] org.apache.catalina.startup.HostConfig.deployDirectory Deployment of web application directory [C:\THA105_WebApp\apache-tomcat-9.0.65\webapps\examples] has finished in [1,508] ms
21-Jan-2024 12:19:47.506 INFO [main] org.apache.catalina.startup.HostConfig.deployDirectory Deploying web application directory [C:\THA105_WebApp\apache-tomcat-9.0.65\webapps\ForwardRedirect]
21-Jan-2024 12:19:48.796 INFO [main] org.apache.jasper.servlet.TldScanner.scanJars At least one JAR was scanned for TLDs yet contained no TLDs. Enable debug logging for this logger for a complete list of JARs that were scanned but no TLDs were found in them. Skipping unneeded JARs during scanning can improve startup time and JSP compilation time.
21-Jan-2024 12:19:48.803 INFO [main] org.apache.catalina.startup.HostConfig.deployDirectory Deployment of web application directory [C:\THA105_WebApp\apache-tomcat-9.0.65\webapps\ForwardRedirect] has finished in [1,299] ms
21-Jan-2024 12:19:48.804 INFO [main] org.apache.catalina.startup.HostConfig.deployDirectory Deploying web application directory [C:\THA105_WebApp\apache-tomcat-9.0.65\webapps\ForwardRedirect2]
21-Jan-2024 12:19:50.132 INFO [main] org.apache.jasper.servlet.TldScanner.scanJars At least one JAR was scanned for TLDs yet contained no TLDs. Enable debug logging for this logger for a complete list of JARs that were scanned but no TLDs were found in them. Skipping unneeded JARs during scanning can improve startup time and JSP compilation time.
21-Jan-2024 12:19:50.137 INFO [main] org.apache.catalina.startup.HostConfig.deployDirectory Deployment of web application directory [C:\THA105_WebApp\apache-tomcat-9.0.65\webapps\ForwardRedirect2] has finished in [1,333] ms
21-Jan-2024 12:19:50.138 INFO [main] org.apache.catalina.startup.HostConfig.deployDirectory Deploying web application directory [C:\THA105_WebApp\apache-tomcat-9.0.65\webapps\host-manager]
21-Jan-2024 12:19:51.071 INFO [main] org.apache.jasper.servlet.TldScanner.scanJars At least one JAR was scanned for TLDs yet contained no TLDs. Enable debug logging for this logger for a complete list of JARs that were scanned but no TLDs were found in them. Skipping unneeded JARs during scanning can improve startup time and JSP compilation time.
21-Jan-2024 12:19:51.081 INFO [main] org.apache.catalina.startup.HostConfig.deployDirectory Deployment of web application directory [C:\THA105_WebApp\apache-tomcat-9.0.65\webapps\host-manager] has finished in [942] ms
21-Jan-2024 12:19:51.082 INFO [main] org.apache.catalina.startup.HostConfig.deployDirectory Deploying web application directory [C:\THA105_WebApp\apache-tomcat-9.0.65\webapps\IBM_9]
21-Jan-2024 12:19:51.942 INFO [main] org.apache.jasper.servlet.TldScanner.scanJars At least one JAR was scanned for TLDs yet contained no TLDs. Enable debug logging for this logger for a complete list of JARs that were scanned but no TLDs were found in them. Skipping unneeded JARs during scanning can improve startup time and JSP compilation time.
21-Jan-2024 12:19:51.947 INFO [main] org.apache.catalina.startup.HostConfig.deployDirectory Deployment of web application directory [C:\THA105_WebApp\apache-tomcat-9.0.65\webapps\IBM_9] has finished in [865] ms
21-Jan-2024 12:19:51.950 INFO [main] org.apache.catalina.startup.HostConfig.deployDirectory Deploying web application directory [C:\THA105_WebApp\apache-tomcat-9.0.65\webapps\IBM_HelloBean]
21-Jan-2024 12:19:52.796 INFO [main] org.apache.jasper.servlet.TldScanner.scanJars At least one JAR was scanned for TLDs yet contained no TLDs. Enable debug logging for this logger for a complete list of JARs that were scanned but no TLDs were found in them. Skipping unneeded JARs during scanning can improve startup time and JSP compilation time.
21-Jan-2024 12:19:52.801 INFO [main] org.apache.catalina.startup.HostConfig.deployDirectory Deployment of web application directory [C:\THA105_WebApp\apache-tomcat-9.0.65\webapps\IBM_HelloBean] has finished in [850] ms
21-Jan-2024 12:19:52.801 INFO [main] org.apache.catalina.startup.HostConfig.deployDirectory Deploying web application directory [C:\THA105_WebApp\apache-tomcat-9.0.65\webapps\manager]
21-Jan-2024 12:19:53.560 INFO [main] org.apache.jasper.servlet.TldScanner.scanJars At least one JAR was scanned for TLDs yet contained no TLDs. Enable debug logging for this logger for a complete list of JARs that were scanned but no TLDs were found in them. Skipping unneeded JARs during scanning can improve startup time and JSP compilation time.
21-Jan-2024 12:19:53.564 INFO [main] org.apache.catalina.startup.HostConfig.deployDirectory Deployment of web application directory [C:\THA105_WebApp\apache-tomcat-9.0.65\webapps\manager] has finished in [763] ms
21-Jan-2024 12:19:53.565 INFO [main] org.apache.catalina.startup.HostConfig.deployDirectory Deploying web application directory [C:\THA105_WebApp\apache-tomcat-9.0.65\webapps\ROOT]
21-Jan-2024 12:19:54.228 INFO [main] org.apache.jasper.servlet.TldScanner.scanJars At least one JAR was scanned for TLDs yet contained no TLDs. Enable debug logging for this logger for a complete list of JARs that were scanned but no TLDs were found in them. Skipping unneeded JARs during scanning can improve startup time and JSP compilation time.
21-Jan-2024 12:19:54.231 INFO [main] org.apache.catalina.startup.HostConfig.deployDirectory Deployment of web application directory [C:\THA105_WebApp\apache-tomcat-9.0.65\webapps\ROOT] has finished in [666] ms
21-Jan-2024 12:19:54.237 INFO [main] org.apache.coyote.AbstractProtocol.start Starting ProtocolHandler ["http-nio-8081"]
21-Jan-2024 12:19:54.301 INFO [main] org.apache.catalina.startup.Catalina.start Server startup in [14603] milliseconds
21-Jan-2024 12:22:41.941 INFO [main] org.apache.catalina.core.StandardServer.await A valid shutdown command was received via the shutdown port. Stopping the Server instance.
21-Jan-2024 12:22:41.942 INFO [main] org.apache.coyote.AbstractProtocol.pause Pausing ProtocolHandler ["http-nio-8081"]
21-Jan-2024 12:22:41.967 INFO [main] org.apache.catalina.core.StandardService.stopInternal Stopping service [Catalina]
21-Jan-2024 12:22:42.052 INFO [main] org.apache.coyote.AbstractProtocol.stop Stopping ProtocolHandler ["http-nio-8081"]
21-Jan-2024 12:22:42.073 INFO [main] org.apache.coyote.AbstractProtocol.destroy Destroying ProtocolHandler ["http-nio-8081"]
21-Jan-2024 12:22:44.882 INFO [main] org.apache.catalina.startup.VersionLoggerListener.log Server version name:   Apache Tomcat/9.0.65
21-Jan-2024 12:22:44.893 INFO [main] org.apache.catalina.startup.VersionLoggerListener.log Server built:          Jul 14 2022 12:28:53 UTC
21-Jan-2024 12:22:44.893 INFO [main] org.apache.catalina.startup.VersionLoggerListener.log Server version number: 9.0.65.0
21-Jan-2024 12:22:44.894 INFO [main] org.apache.catalina.startup.VersionLoggerListener.log OS Name:               Windows 10
21-Jan-2024 12:22:44.894 INFO [main] org.apache.catalina.startup.VersionLoggerListener.log OS Version:            10.0
21-Jan-2024 12:22:44.894 INFO [main] org.apache.catalina.startup.VersionLoggerListener.log Architecture:          amd64
21-Jan-2024 12:22:44.895 INFO [main] org.apache.catalina.startup.VersionLoggerListener.log Java Home:             C:\jdk-17.0.6
21-Jan-2024 12:22:44.895 INFO [main] org.apache.catalina.startup.VersionLoggerListener.log JVM Version:           17.0.6+9-LTS-190
21-Jan-2024 12:22:44.896 INFO [main] org.apache.catalina.startup.VersionLoggerListener.log JVM Vendor:            Oracle Corporation
21-Jan-2024 12:22:44.897 INFO [main] org.apache.catalina.startup.VersionLoggerListener.log CATALINA_BASE:         C:\THA105_WebApp\apache-tomcat-9.0.65
21-Jan-2024 12:22:44.897 INFO [main] org.apache.catalina.startup.VersionLoggerListener.log CATALINA_HOME:         C:\THA105_WebApp\apache-tomcat-9.0.65
21-Jan-2024 12:22:44.920 INFO [main] org.apache.catalina.startup.VersionLoggerListener.log Command line argument: --add-opens=java.base/java.lang=ALL-UNNAMED
21-Jan-2024 12:22:44.920 INFO [main] org.apache.catalina.startup.VersionLoggerListener.log Command line argument: --add-opens=java.base/java.io=ALL-UNNAMED
21-Jan-2024 12:22:44.921 INFO [main] org.apache.catalina.startup.VersionLoggerListener.log Command line argument: --add-opens=java.base/java.util=ALL-UNNAMED
21-Jan-2024 12:22:44.921 INFO [main] org.apache.catalina.startup.VersionLoggerListener.log Command line argument: --add-opens=java.base/java.util.concurrent=ALL-UNNAMED
21-Jan-2024 12:22:44.922 INFO [main] org.apache.catalina.startup.VersionLoggerListener.log Command line argument: --add-opens=java.rmi/sun.rmi.transport=ALL-UNNAMED
21-Jan-2024 12:22:44.927 INFO [main] org.apache.catalina.startup.VersionLoggerListener.log Command line argument: -Djava.util.logging.config.file=C:\THA105_WebApp\apache-tomcat-9.0.65\conf\logging.properties
21-Jan-2024 12:22:44.928 INFO [main] org.apache.catalina.startup.VersionLoggerListener.log Command line argument: -Djava.util.logging.manager=org.apache.juli.ClassLoaderLogManager
21-Jan-2024 12:22:44.929 INFO [main] org.apache.catalina.startup.VersionLoggerListener.log Command line argument: -Djdk.tls.ephemeralDHKeySize=2048
21-Jan-2024 12:22:44.935 INFO [main] org.apache.catalina.startup.VersionLoggerListener.log Command line argument: -Djava.protocol.handler.pkgs=org.apache.catalina.webresources
21-Jan-2024 12:22:44.943 INFO [main] org.apache.catalina.startup.VersionLoggerListener.log Command line argument: -Dignore.endorsed.dirs=
21-Jan-2024 12:22:44.950 INFO [main] org.apache.catalina.startup.VersionLoggerListener.log Command line argument: -Dcatalina.base=C:\THA105_WebApp\apache-tomcat-9.0.65
21-Jan-2024 12:22:44.957 INFO [main] org.apache.catalina.startup.VersionLoggerListener.log Command line argument: -Dcatalina.home=C:\THA105_WebApp\apache-tomcat-9.0.65
21-Jan-2024 12:22:44.959 INFO [main] org.apache.catalina.startup.VersionLoggerListener.log Command line argument: -Djava.io.tmpdir=C:\THA105_WebApp\apache-tomcat-9.0.65\temp
21-Jan-2024 12:22:44.989 INFO [main] org.apache.catalina.core.AprLifecycleListener.lifecycleEvent The Apache Tomcat Native library which allows using OpenSSL was not found on the java.library.path: [C:\jdk-17.0.6\bin;C:\WINDOWS\Sun\Java\bin;C:\WINDOWS\system32;C:\WINDOWS;C:\jdk-17.0.6\bin;C:\Program Files\Common Files\Oracle\Java\javapath;C:\Windows\system32;C:\Windows;C:\Windows\System32\Wbem;C:\Windows\System32\WindowsPowerShell\v1.0\;C:\Windows\System32\OpenSSH\;C:\Program Files (x86)\NVIDIA Corporation\PhysX\Common;C:\Program Files\NVIDIA Corporation\NVIDIA NvDLISR;C:\WINDOWS\system32;C:\WINDOWS;C:\WINDOWS\System32\Wbem;C:\WINDOWS\System32\WindowsPowerShell\v1.0\;C:\WINDOWS\System32\OpenSSH\;C:\Program Files\Bandizip\;C:\Program Files\Docker\Docker\resources\bin;C:\Program Files\Git\cmd;C:\Redis\;C:\Users\EX14\AppData\Local\Programs\Microsoft VS Code\bin;C:\Program Files\nodejs\;C:\Users\EX14\AppData\Roaming\npm;C:\PROGRA~2\IDMCOM~1\ULTRAE~1;C:\Users\EX14\AppData\Roaming\npm;;C:\Users\EX14\AppData\Local\Programs\Microsoft VS Code\bin;.]
21-Jan-2024 12:22:45.822 INFO [main] org.apache.coyote.AbstractProtocol.init Initializing ProtocolHandler ["http-nio-8081"]
21-Jan-2024 12:22:45.887 INFO [main] org.apache.catalina.startup.Catalina.load Server initialization in [1387] milliseconds
21-Jan-2024 12:22:46.028 INFO [main] org.apache.catalina.core.StandardService.startInternal Starting service [Catalina]
21-Jan-2024 12:22:46.029 INFO [main] org.apache.catalina.core.StandardEngine.startInternal Starting Servlet engine: [Apache Tomcat/9.0.65]
21-Jan-2024 12:22:46.091 INFO [main] org.apache.catalina.startup.HostConfig.deployWAR Deploying web application archive [C:\THA105_WebApp\apache-tomcat-9.0.65\webapps\IBM.war]
21-Jan-2024 12:22:48.469 INFO [main] org.apache.jasper.servlet.TldScanner.scanJars At least one JAR was scanned for TLDs yet contained no TLDs. Enable debug logging for this logger for a complete list of JARs that were scanned but no TLDs were found in them. Skipping unneeded JARs during scanning can improve startup time and JSP compilation time.
21-Jan-2024 12:22:48.650 WARNING [main] org.apache.catalina.util.SessionIdGeneratorBase.createSecureRandom Creation of SecureRandom instance for session ID generation using [SHA1PRNG] took [143] milliseconds.
21-Jan-2024 12:22:48.706 INFO [main] org.apache.catalina.startup.HostConfig.deployWAR Deployment of web application archive [C:\THA105_WebApp\apache-tomcat-9.0.65\webapps\IBM.war] has finished in [2,614] ms
21-Jan-2024 12:22:48.709 INFO [main] org.apache.catalina.startup.HostConfig.deployWAR Deploying web application archive [C:\THA105_WebApp\apache-tomcat-9.0.65\webapps\IBM2.war]
21-Jan-2024 12:22:50.579 INFO [main] org.apache.jasper.servlet.TldScanner.scanJars At least one JAR was scanned for TLDs yet contained no TLDs. Enable debug logging for this logger for a complete list of JARs that were scanned but no TLDs were found in them. Skipping unneeded JARs during scanning can improve startup time and JSP compilation time.
21-Jan-2024 12:22:50.588 INFO [main] org.apache.catalina.startup.HostConfig.deployWAR Deployment of web application archive [C:\THA105_WebApp\apache-tomcat-9.0.65\webapps\IBM2.war] has finished in [1,880] ms
21-Jan-2024 12:22:50.592 INFO [main] org.apache.catalina.startup.HostConfig.deployWAR Deploying web application archive [C:\THA105_WebApp\apache-tomcat-9.0.65\webapps\Servlet4.war]
21-Jan-2024 12:22:51.969 INFO [main] org.apache.jasper.servlet.TldScanner.scanJars At least one JAR was scanned for TLDs yet contained no TLDs. Enable debug logging for this logger for a complete list of JARs that were scanned but no TLDs were found in them. Skipping unneeded JARs during scanning can improve startup time and JSP compilation time.
21-Jan-2024 12:22:51.974 INFO [main] org.apache.catalina.startup.HostConfig.deployWAR Deployment of web application archive [C:\THA105_WebApp\apache-tomcat-9.0.65\webapps\Servlet4.war] has finished in [1,382] ms
21-Jan-2024 12:22:51.976 INFO [main] org.apache.catalina.startup.HostConfig.deployDirectory Deploying web application directory [C:\THA105_WebApp\apache-tomcat-9.0.65\webapps\docs]
21-Jan-2024 12:22:53.007 INFO [main] org.apache.jasper.servlet.TldScanner.scanJars At least one JAR was scanned for TLDs yet contained no TLDs. Enable debug logging for this logger for a complete list of JARs that were scanned but no TLDs were found in them. Skipping unneeded JARs during scanning can improve startup time and JSP compilation time.
21-Jan-2024 12:22:53.016 INFO [main] org.apache.catalina.startup.HostConfig.deployDirectory Deployment of web application directory [C:\THA105_WebApp\apache-tomcat-9.0.65\webapps\docs] has finished in [1,039] ms
21-Jan-2024 12:22:53.016 INFO [main] org.apache.catalina.startup.HostConfig.deployDirectory Deploying web application directory [C:\THA105_WebApp\apache-tomcat-9.0.65\webapps\examples]
21-Jan-2024 12:22:55.540 INFO [main] org.apache.jasper.servlet.TldScanner.scanJars At least one JAR was scanned for TLDs yet contained no TLDs. Enable debug logging for this logger for a complete list of JARs that were scanned but no TLDs were found in them. Skipping unneeded JARs during scanning can improve startup time and JSP compilation time.
21-Jan-2024 12:22:55.722 INFO [main] org.apache.catalina.startup.HostConfig.deployDirectory Deployment of web application directory [C:\THA105_WebApp\apache-tomcat-9.0.65\webapps\examples] has finished in [2,706] ms
21-Jan-2024 12:22:55.723 INFO [main] org.apache.catalina.startup.HostConfig.deployDirectory Deploying web application directory [C:\THA105_WebApp\apache-tomcat-9.0.65\webapps\ForwardRedirect]
21-Jan-2024 12:22:57.318 INFO [main] org.apache.jasper.servlet.TldScanner.scanJars At least one JAR was scanned for TLDs yet contained no TLDs. Enable debug logging for this logger for a complete list of JARs that were scanned but no TLDs were found in them. Skipping unneeded JARs during scanning can improve startup time and JSP compilation time.
21-Jan-2024 12:22:57.326 INFO [main] org.apache.catalina.startup.HostConfig.deployDirectory Deployment of web application directory [C:\THA105_WebApp\apache-tomcat-9.0.65\webapps\ForwardRedirect] has finished in [1,602] ms
21-Jan-2024 12:22:57.327 INFO [main] org.apache.catalina.startup.HostConfig.deployDirectory Deploying web application directory [C:\THA105_WebApp\apache-tomcat-9.0.65\webapps\ForwardRedirect2]
21-Jan-2024 12:22:58.667 INFO [main] org.apache.jasper.servlet.TldScanner.scanJars At least one JAR was scanned for TLDs yet contained no TLDs. Enable debug logging for this logger for a complete list of JARs that were scanned but no TLDs were found in them. Skipping unneeded JARs during scanning can improve startup time and JSP compilation time.
21-Jan-2024 12:22:58.672 INFO [main] org.apache.catalina.startup.HostConfig.deployDirectory Deployment of web application directory [C:\THA105_WebApp\apache-tomcat-9.0.65\webapps\ForwardRedirect2] has finished in [1,345] ms
21-Jan-2024 12:22:58.673 INFO [main] org.apache.catalina.startup.HostConfig.deployDirectory Deploying web application directory [C:\THA105_WebApp\apache-tomcat-9.0.65\webapps\host-manager]
21-Jan-2024 12:22:59.575 INFO [main] org.apache.jasper.servlet.TldScanner.scanJars At least one JAR was scanned for TLDs yet contained no TLDs. Enable debug logging for this logger for a complete list of JARs that were scanned but no TLDs were found in them. Skipping unneeded JARs during scanning can improve startup time and JSP compilation time.
21-Jan-2024 12:22:59.586 INFO [main] org.apache.catalina.startup.HostConfig.deployDirectory Deployment of web application directory [C:\THA105_WebApp\apache-tomcat-9.0.65\webapps\host-manager] has finished in [913] ms
21-Jan-2024 12:22:59.587 INFO [main] org.apache.catalina.startup.HostConfig.deployDirectory Deploying web application directory [C:\THA105_WebApp\apache-tomcat-9.0.65\webapps\IBM_9]
21-Jan-2024 12:23:00.617 INFO [main] org.apache.jasper.servlet.TldScanner.scanJars At least one JAR was scanned for TLDs yet contained no TLDs. Enable debug logging for this logger for a complete list of JARs that were scanned but no TLDs were found in them. Skipping unneeded JARs during scanning can improve startup time and JSP compilation time.
21-Jan-2024 12:23:00.622 INFO [main] org.apache.catalina.startup.HostConfig.deployDirectory Deployment of web application directory [C:\THA105_WebApp\apache-tomcat-9.0.65\webapps\IBM_9] has finished in [1,034] ms
21-Jan-2024 12:23:00.623 INFO [main] org.apache.catalina.startup.HostConfig.deployDirectory Deploying web application directory [C:\THA105_WebApp\apache-tomcat-9.0.65\webapps\IBM_HelloBean]
21-Jan-2024 12:23:01.589 INFO [main] org.apache.jasper.servlet.TldScanner.scanJars At least one JAR was scanned for TLDs yet contained no TLDs. Enable debug logging for this logger for a complete list of JARs that were scanned but no TLDs were found in them. Skipping unneeded JARs during scanning can improve startup time and JSP compilation time.
21-Jan-2024 12:23:01.594 INFO [main] org.apache.catalina.startup.HostConfig.deployDirectory Deployment of web application directory [C:\THA105_WebApp\apache-tomcat-9.0.65\webapps\IBM_HelloBean] has finished in [970] ms
21-Jan-2024 12:23:01.594 INFO [main] org.apache.catalina.startup.HostConfig.deployDirectory Deploying web application directory [C:\THA105_WebApp\apache-tomcat-9.0.65\webapps\manager]
21-Jan-2024 12:23:02.513 INFO [main] org.apache.jasper.servlet.TldScanner.scanJars At least one JAR was scanned for TLDs yet contained no TLDs. Enable debug logging for this logger for a complete list of JARs that were scanned but no TLDs were found in them. Skipping unneeded JARs during scanning can improve startup time and JSP compilation time.
21-Jan-2024 12:23:02.517 INFO [main] org.apache.catalina.startup.HostConfig.deployDirectory Deployment of web application directory [C:\THA105_WebApp\apache-tomcat-9.0.65\webapps\manager] has finished in [923] ms
21-Jan-2024 12:23:02.518 INFO [main] org.apache.catalina.startup.HostConfig.deployDirectory Deploying web application directory [C:\THA105_WebApp\apache-tomcat-9.0.65\webapps\ROOT]
21-Jan-2024 12:23:03.573 INFO [main] org.apache.jasper.servlet.TldScanner.scanJars At least one JAR was scanned for TLDs yet contained no TLDs. Enable debug logging for this logger for a complete list of JARs that were scanned but no TLDs were found in them. Skipping unneeded JARs during scanning can improve startup time and JSP compilation time.
21-Jan-2024 12:23:03.579 INFO [main] org.apache.catalina.startup.HostConfig.deployDirectory Deployment of web application directory [C:\THA105_WebApp\apache-tomcat-9.0.65\webapps\ROOT] has finished in [1,061] ms
21-Jan-2024 12:23:03.586 INFO [main] org.apache.coyote.AbstractProtocol.start Starting ProtocolHandler ["http-nio-8081"]
21-Jan-2024 12:23:03.696 INFO [main] org.apache.catalina.startup.Catalina.start Server startup in [17808] milliseconds
21-Jan-2024 12:38:58.903 INFO [main] org.apache.catalina.startup.VersionLoggerListener.log Server version name:   Apache Tomcat/9.0.65
21-Jan-2024 12:38:58.909 INFO [main] org.apache.catalina.startup.VersionLoggerListener.log Server built:          Jul 14 2022 12:28:53 UTC
21-Jan-2024 12:38:58.910 INFO [main] org.apache.catalina.startup.VersionLoggerListener.log Server version number: 9.0.65.0
21-Jan-2024 12:38:58.910 INFO [main] org.apache.catalina.startup.VersionLoggerListener.log OS Name:               Windows 10
21-Jan-2024 12:38:58.910 INFO [main] org.apache.catalina.startup.VersionLoggerListener.log OS Version:            10.0
21-Jan-2024 12:38:58.911 INFO [main] org.apache.catalina.startup.VersionLoggerListener.log Architecture:          amd64
21-Jan-2024 12:38:58.911 INFO [main] org.apache.catalina.startup.VersionLoggerListener.log Java Home:             C:\jdk-17.0.6
21-Jan-2024 12:38:58.911 INFO [main] org.apache.catalina.startup.VersionLoggerListener.log JVM Version:           17.0.6+9-LTS-190
21-Jan-2024 12:38:58.912 INFO [main] org.apache.catalina.startup.VersionLoggerListener.log JVM Vendor:            Oracle Corporation
21-Jan-2024 12:38:58.912 INFO [main] org.apache.catalina.startup.VersionLoggerListener.log CATALINA_BASE:         C:\THA105_WebApp\apache-tomcat-9.0.65
21-Jan-2024 12:38:58.913 INFO [main] org.apache.catalina.startup.VersionLoggerListener.log CATALINA_HOME:         C:\THA105_WebApp\apache-tomcat-9.0.65
21-Jan-2024 12:38:58.931 INFO [main] org.apache.catalina.startup.VersionLoggerListener.log Command line argument: --add-opens=java.base/java.lang=ALL-UNNAMED
21-Jan-2024 12:38:58.931 INFO [main] org.apache.catalina.startup.VersionLoggerListener.log Command line argument: --add-opens=java.base/java.io=ALL-UNNAMED
21-Jan-2024 12:38:58.931 INFO [main] org.apache.catalina.startup.VersionLoggerListener.log Command line argument: --add-opens=java.base/java.util=ALL-UNNAMED
21-Jan-2024 12:38:58.932 INFO [main] org.apache.catalina.startup.VersionLoggerListener.log Command line argument: --add-opens=java.base/java.util.concurrent=ALL-UNNAMED
21-Jan-2024 12:38:58.932 INFO [main] org.apache.catalina.startup.VersionLoggerListener.log Command line argument: --add-opens=java.rmi/sun.rmi.transport=ALL-UNNAMED
21-Jan-2024 12:38:58.933 INFO [main] org.apache.catalina.startup.VersionLoggerListener.log Command line argument: -Djava.util.logging.config.file=C:\THA105_WebApp\apache-tomcat-9.0.65\conf\logging.properties
21-Jan-2024 12:38:58.935 INFO [main] org.apache.catalina.startup.VersionLoggerListener.log Command line argument: -Djava.util.logging.manager=org.apache.juli.ClassLoaderLogManager
21-Jan-2024 12:38:58.935 INFO [main] org.apache.catalina.startup.VersionLoggerListener.log Command line argument: -Djdk.tls.ephemeralDHKeySize=2048
21-Jan-2024 12:38:58.936 INFO [main] org.apache.catalina.startup.VersionLoggerListener.log Command line argument: -Djava.protocol.handler.pkgs=org.apache.catalina.webresources
21-Jan-2024 12:38:58.936 INFO [main] org.apache.catalina.startup.VersionLoggerListener.log Command line argument: -Dignore.endorsed.dirs=
21-Jan-2024 12:38:58.937 INFO [main] org.apache.catalina.startup.VersionLoggerListener.log Command line argument: -Dcatalina.base=C:\THA105_WebApp\apache-tomcat-9.0.65
21-Jan-2024 12:38:58.937 INFO [main] org.apache.catalina.startup.VersionLoggerListener.log Command line argument: -Dcatalina.home=C:\THA105_WebApp\apache-tomcat-9.0.65
21-Jan-2024 12:38:58.938 INFO [main] org.apache.catalina.startup.VersionLoggerListener.log Command line argument: -Djava.io.tmpdir=C:\THA105_WebApp\apache-tomcat-9.0.65\temp
21-Jan-2024 12:38:58.959 INFO [main] org.apache.catalina.core.AprLifecycleListener.lifecycleEvent The Apache Tomcat Native library which allows using OpenSSL was not found on the java.library.path: [C:\jdk-17.0.6\bin;C:\WINDOWS\Sun\Java\bin;C:\WINDOWS\system32;C:\WINDOWS;C:\jdk-17.0.6\bin;C:\Program Files\Common Files\Oracle\Java\javapath;C:\Windows\system32;C:\Windows;C:\Windows\System32\Wbem;C:\Windows\System32\WindowsPowerShell\v1.0\;C:\Windows\System32\OpenSSH\;C:\Program Files (x86)\NVIDIA Corporation\PhysX\Common;C:\Program Files\NVIDIA Corporation\NVIDIA NvDLISR;C:\WINDOWS\system32;C:\WINDOWS;C:\WINDOWS\System32\Wbem;C:\WINDOWS\System32\WindowsPowerShell\v1.0\;C:\WINDOWS\System32\OpenSSH\;C:\Program Files\Bandizip\;C:\Program Files\Docker\Docker\resources\bin;C:\Program Files\Git\cmd;C:\Redis\;C:\Users\EX14\AppData\Local\Programs\Microsoft VS Code\bin;C:\Program Files\nodejs\;C:\Users\EX14\AppData\Roaming\npm;C:\PROGRA~2\IDMCOM~1\ULTRAE~1;C:\Users\EX14\AppData\Roaming\npm;;C:\Users\EX14\AppData\Local\Programs\Microsoft VS Code\bin;.]
21-Jan-2024 12:38:59.524 INFO [main] org.apache.coyote.AbstractProtocol.init Initializing ProtocolHandler ["http-nio-8081"]
21-Jan-2024 12:38:59.574 INFO [main] org.apache.catalina.startup.Catalina.load Server initialization in [956] milliseconds
21-Jan-2024 12:38:59.677 INFO [main] org.apache.catalina.core.StandardService.startInternal Starting service [Catalina]
21-Jan-2024 12:38:59.678 INFO [main] org.apache.catalina.core.StandardEngine.startInternal Starting Servlet engine: [Apache Tomcat/9.0.65]
21-Jan-2024 12:38:59.716 INFO [main] org.apache.catalina.startup.HostConfig.deployWAR Deploying web application archive [C:\THA105_WebApp\apache-tomcat-9.0.65\webapps\IBM.war]
21-Jan-2024 12:39:01.507 INFO [main] org.apache.jasper.servlet.TldScanner.scanJars At least one JAR was scanned for TLDs yet contained no TLDs. Enable debug logging for this logger for a complete list of JARs that were scanned but no TLDs were found in them. Skipping unneeded JARs during scanning can improve startup time and JSP compilation time.
21-Jan-2024 12:39:01.675 WARNING [main] org.apache.catalina.util.SessionIdGeneratorBase.createSecureRandom Creation of SecureRandom instance for session ID generation using [SHA1PRNG] took [129] milliseconds.
21-Jan-2024 12:39:01.718 INFO [main] org.apache.catalina.startup.HostConfig.deployWAR Deployment of web application archive [C:\THA105_WebApp\apache-tomcat-9.0.65\webapps\IBM.war] has finished in [2,003] ms
21-Jan-2024 12:39:01.721 INFO [main] org.apache.catalina.startup.HostConfig.deployWAR Deploying web application archive [C:\THA105_WebApp\apache-tomcat-9.0.65\webapps\IBM2.war]
21-Jan-2024 12:39:02.951 INFO [main] org.apache.jasper.servlet.TldScanner.scanJars At least one JAR was scanned for TLDs yet contained no TLDs. Enable debug logging for this logger for a complete list of JARs that were scanned but no TLDs were found in them. Skipping unneeded JARs during scanning can improve startup time and JSP compilation time.
21-Jan-2024 12:39:02.959 INFO [main] org.apache.catalina.startup.HostConfig.deployWAR Deployment of web application archive [C:\THA105_WebApp\apache-tomcat-9.0.65\webapps\IBM2.war] has finished in [1,238] ms
21-Jan-2024 12:39:02.963 INFO [main] org.apache.catalina.startup.HostConfig.deployWAR Deploying web application archive [C:\THA105_WebApp\apache-tomcat-9.0.65\webapps\Servlet4.war]
21-Jan-2024 12:39:04.029 INFO [main] org.apache.jasper.servlet.TldScanner.scanJars At least one JAR was scanned for TLDs yet contained no TLDs. Enable debug logging for this logger for a complete list of JARs that were scanned but no TLDs were found in them. Skipping unneeded JARs during scanning can improve startup time and JSP compilation time.
21-Jan-2024 12:39:04.035 INFO [main] org.apache.catalina.startup.HostConfig.deployWAR Deployment of web application archive [C:\THA105_WebApp\apache-tomcat-9.0.65\webapps\Servlet4.war] has finished in [1,073] ms
21-Jan-2024 12:39:04.036 INFO [main] org.apache.catalina.startup.HostConfig.deployDirectory Deploying web application directory [C:\THA105_WebApp\apache-tomcat-9.0.65\webapps\docs]
21-Jan-2024 12:39:04.932 INFO [main] org.apache.jasper.servlet.TldScanner.scanJars At least one JAR was scanned for TLDs yet contained no TLDs. Enable debug logging for this logger for a complete list of JARs that were scanned but no TLDs were found in them. Skipping unneeded JARs during scanning can improve startup time and JSP compilation time.
21-Jan-2024 12:39:04.936 INFO [main] org.apache.catalina.startup.HostConfig.deployDirectory Deployment of web application directory [C:\THA105_WebApp\apache-tomcat-9.0.65\webapps\docs] has finished in [900] ms
21-Jan-2024 12:39:04.937 INFO [main] org.apache.catalina.startup.HostConfig.deployDirectory Deploying web application directory [C:\THA105_WebApp\apache-tomcat-9.0.65\webapps\examples]
21-Jan-2024 12:39:06.028 INFO [main] org.apache.jasper.servlet.TldScanner.scanJars At least one JAR was scanned for TLDs yet contained no TLDs. Enable debug logging for this logger for a complete list of JARs that were scanned but no TLDs were found in them. Skipping unneeded JARs during scanning can improve startup time and JSP compilation time.
21-Jan-2024 12:39:06.113 INFO [main] org.apache.catalina.startup.HostConfig.deployDirectory Deployment of web application directory [C:\THA105_WebApp\apache-tomcat-9.0.65\webapps\examples] has finished in [1,177] ms
21-Jan-2024 12:39:06.114 INFO [main] org.apache.catalina.startup.HostConfig.deployDirectory Deploying web application directory [C:\THA105_WebApp\apache-tomcat-9.0.65\webapps\ForwardRedirect]
21-Jan-2024 12:39:07.163 INFO [main] org.apache.jasper.servlet.TldScanner.scanJars At least one JAR was scanned for TLDs yet contained no TLDs. Enable debug logging for this logger for a complete list of JARs that were scanned but no TLDs were found in them. Skipping unneeded JARs during scanning can improve startup time and JSP compilation time.
21-Jan-2024 12:39:07.171 INFO [main] org.apache.catalina.startup.HostConfig.deployDirectory Deployment of web application directory [C:\THA105_WebApp\apache-tomcat-9.0.65\webapps\ForwardRedirect] has finished in [1,056] ms
21-Jan-2024 12:39:07.173 INFO [main] org.apache.catalina.startup.HostConfig.deployDirectory Deploying web application directory [C:\THA105_WebApp\apache-tomcat-9.0.65\webapps\ForwardRedirect2]
21-Jan-2024 12:39:08.236 INFO [main] org.apache.jasper.servlet.TldScanner.scanJars At least one JAR was scanned for TLDs yet contained no TLDs. Enable debug logging for this logger for a complete list of JARs that were scanned but no TLDs were found in them. Skipping unneeded JARs during scanning can improve startup time and JSP compilation time.
21-Jan-2024 12:39:08.240 INFO [main] org.apache.catalina.startup.HostConfig.deployDirectory Deployment of web application directory [C:\THA105_WebApp\apache-tomcat-9.0.65\webapps\ForwardRedirect2] has finished in [1,068] ms
21-Jan-2024 12:39:08.241 INFO [main] org.apache.catalina.startup.HostConfig.deployDirectory Deploying web application directory [C:\THA105_WebApp\apache-tomcat-9.0.65\webapps\host-manager]
21-Jan-2024 12:39:09.101 INFO [main] org.apache.jasper.servlet.TldScanner.scanJars At least one JAR was scanned for TLDs yet contained no TLDs. Enable debug logging for this logger for a complete list of JARs that were scanned but no TLDs were found in them. Skipping unneeded JARs during scanning can improve startup time and JSP compilation time.
21-Jan-2024 12:39:09.113 INFO [main] org.apache.catalina.startup.HostConfig.deployDirectory Deployment of web application directory [C:\THA105_WebApp\apache-tomcat-9.0.65\webapps\host-manager] has finished in [871] ms
21-Jan-2024 12:39:09.114 INFO [main] org.apache.catalina.startup.HostConfig.deployDirectory Deploying web application directory [C:\THA105_WebApp\apache-tomcat-9.0.65\webapps\IBM_9]
21-Jan-2024 12:39:09.829 INFO [main] org.apache.jasper.servlet.TldScanner.scanJars At least one JAR was scanned for TLDs yet contained no TLDs. Enable debug logging for this logger for a complete list of JARs that were scanned but no TLDs were found in them. Skipping unneeded JARs during scanning can improve startup time and JSP compilation time.
21-Jan-2024 12:39:09.833 INFO [main] org.apache.catalina.startup.HostConfig.deployDirectory Deployment of web application directory [C:\THA105_WebApp\apache-tomcat-9.0.65\webapps\IBM_9] has finished in [719] ms
21-Jan-2024 12:39:09.833 INFO [main] org.apache.catalina.startup.HostConfig.deployDirectory Deploying web application directory [C:\THA105_WebApp\apache-tomcat-9.0.65\webapps\IBM_HelloBean]
21-Jan-2024 12:39:10.563 INFO [main] org.apache.jasper.servlet.TldScanner.scanJars At least one JAR was scanned for TLDs yet contained no TLDs. Enable debug logging for this logger for a complete list of JARs that were scanned but no TLDs were found in them. Skipping unneeded JARs during scanning can improve startup time and JSP compilation time.
21-Jan-2024 12:39:10.566 INFO [main] org.apache.catalina.startup.HostConfig.deployDirectory Deployment of web application directory [C:\THA105_WebApp\apache-tomcat-9.0.65\webapps\IBM_HelloBean] has finished in [733] ms
21-Jan-2024 12:39:10.567 INFO [main] org.apache.catalina.startup.HostConfig.deployDirectory Deploying web application directory [C:\THA105_WebApp\apache-tomcat-9.0.65\webapps\manager]
21-Jan-2024 12:39:11.196 INFO [main] org.apache.jasper.servlet.TldScanner.scanJars At least one JAR was scanned for TLDs yet contained no TLDs. Enable debug logging for this logger for a complete list of JARs that were scanned but no TLDs were found in them. Skipping unneeded JARs during scanning can improve startup time and JSP compilation time.
21-Jan-2024 12:39:11.201 INFO [main] org.apache.catalina.startup.HostConfig.deployDirectory Deployment of web application directory [C:\THA105_WebApp\apache-tomcat-9.0.65\webapps\manager] has finished in [634] ms
21-Jan-2024 12:39:11.202 INFO [main] org.apache.catalina.startup.HostConfig.deployDirectory Deploying web application directory [C:\THA105_WebApp\apache-tomcat-9.0.65\webapps\ROOT]
21-Jan-2024 12:39:11.910 INFO [main] org.apache.jasper.servlet.TldScanner.scanJars At least one JAR was scanned for TLDs yet contained no TLDs. Enable debug logging for this logger for a complete list of JARs that were scanned but no TLDs were found in them. Skipping unneeded JARs during scanning can improve startup time and JSP compilation time.
21-Jan-2024 12:39:11.915 INFO [main] org.apache.catalina.startup.HostConfig.deployDirectory Deployment of web application directory [C:\THA105_WebApp\apache-tomcat-9.0.65\webapps\ROOT] has finished in [712] ms
21-Jan-2024 12:39:11.920 INFO [main] org.apache.coyote.AbstractProtocol.start Starting ProtocolHandler ["http-nio-8081"]
21-Jan-2024 12:39:12.019 INFO [main] org.apache.catalina.startup.Catalina.start Server startup in [12444] milliseconds
21-Jan-2024 12:46:24.092 SEVERE [main] org.apache.catalina.startup.Catalina.stopServer Could not contact [localhost:8005] (base port [8005] and offset [0]). Tomcat may not be running.
21-Jan-2024 12:46:25.730 INFO [main] org.apache.catalina.startup.VersionLoggerListener.log Server version name:   Apache Tomcat/9.0.65
21-Jan-2024 12:46:25.738 INFO [main] org.apache.catalina.startup.VersionLoggerListener.log Server built:          Jul 14 2022 12:28:53 UTC
21-Jan-2024 12:46:25.740 INFO [main] org.apache.catalina.startup.VersionLoggerListener.log Server version number: 9.0.65.0
21-Jan-2024 12:46:25.740 INFO [main] org.apache.catalina.startup.VersionLoggerListener.log OS Name:               Windows 10
21-Jan-2024 12:46:25.740 INFO [main] org.apache.catalina.startup.VersionLoggerListener.log OS Version:            10.0
21-Jan-2024 12:46:25.741 INFO [main] org.apache.catalina.startup.VersionLoggerListener.log Architecture:          amd64
21-Jan-2024 12:46:25.741 INFO [main] org.apache.catalina.startup.VersionLoggerListener.log Java Home:             C:\jdk-17.0.6
21-Jan-2024 12:46:25.741 INFO [main] org.apache.catalina.startup.VersionLoggerListener.log JVM Version:           17.0.6+9-LTS-190
21-Jan-2024 12:46:25.742 INFO [main] org.apache.catalina.startup.VersionLoggerListener.log JVM Vendor:            Oracle Corporation
21-Jan-2024 12:46:25.742 INFO [main] org.apache.catalina.startup.VersionLoggerListener.log CATALINA_BASE:         C:\THA105_WebApp\apache-tomcat-9.0.65
21-Jan-2024 12:46:25.743 INFO [main] org.apache.catalina.startup.VersionLoggerListener.log CATALINA_HOME:         C:\THA105_WebApp\apache-tomcat-9.0.65
21-Jan-2024 12:46:25.758 INFO [main] org.apache.catalina.startup.VersionLoggerListener.log Command line argument: --add-opens=java.base/java.lang=ALL-UNNAMED
21-Jan-2024 12:46:25.761 INFO [main] org.apache.catalina.startup.VersionLoggerListener.log Command line argument: --add-opens=java.base/java.io=ALL-UNNAMED
21-Jan-2024 12:46:25.762 INFO [main] org.apache.catalina.startup.VersionLoggerListener.log Command line argument: --add-opens=java.base/java.util=ALL-UNNAMED
21-Jan-2024 12:46:25.762 INFO [main] org.apache.catalina.startup.VersionLoggerListener.log Command line argument: --add-opens=java.base/java.util.concurrent=ALL-UNNAMED
21-Jan-2024 12:46:25.763 INFO [main] org.apache.catalina.startup.VersionLoggerListener.log Command line argument: --add-opens=java.rmi/sun.rmi.transport=ALL-UNNAMED
21-Jan-2024 12:46:25.765 INFO [main] org.apache.catalina.startup.VersionLoggerListener.log Command line argument: -Djava.util.logging.config.file=C:\THA105_WebApp\apache-tomcat-9.0.65\conf\logging.properties
21-Jan-2024 12:46:25.766 INFO [main] org.apache.catalina.startup.VersionLoggerListener.log Command line argument: -Djava.util.logging.manager=org.apache.juli.ClassLoaderLogManager
21-Jan-2024 12:46:25.768 INFO [main] org.apache.catalina.startup.VersionLoggerListener.log Command line argument: -Djdk.tls.ephemeralDHKeySize=2048
21-Jan-2024 12:46:25.769 INFO [main] org.apache.catalina.startup.VersionLoggerListener.log Command line argument: -Djava.protocol.handler.pkgs=org.apache.catalina.webresources
21-Jan-2024 12:46:25.771 INFO [main] org.apache.catalina.startup.VersionLoggerListener.log Command line argument: -Dignore.endorsed.dirs=
21-Jan-2024 12:46:25.772 INFO [main] org.apache.catalina.startup.VersionLoggerListener.log Command line argument: -Dcatalina.base=C:\THA105_WebApp\apache-tomcat-9.0.65
21-Jan-2024 12:46:25.778 INFO [main] org.apache.catalina.startup.VersionLoggerListener.log Command line argument: -Dcatalina.home=C:\THA105_WebApp\apache-tomcat-9.0.65
21-Jan-2024 12:46:25.780 INFO [main] org.apache.catalina.startup.VersionLoggerListener.log Command line argument: -Djava.io.tmpdir=C:\THA105_WebApp\apache-tomcat-9.0.65\temp
21-Jan-2024 12:46:25.803 INFO [main] org.apache.catalina.core.AprLifecycleListener.lifecycleEvent The Apache Tomcat Native library which allows using OpenSSL was not found on the java.library.path: [C:\jdk-17.0.6\bin;C:\WINDOWS\Sun\Java\bin;C:\WINDOWS\system32;C:\WINDOWS;C:\jdk-17.0.6\bin;C:\Program Files\Common Files\Oracle\Java\javapath;C:\Windows\system32;C:\Windows;C:\Windows\System32\Wbem;C:\Windows\System32\WindowsPowerShell\v1.0\;C:\Windows\System32\OpenSSH\;C:\Program Files (x86)\NVIDIA Corporation\PhysX\Common;C:\Program Files\NVIDIA Corporation\NVIDIA NvDLISR;C:\WINDOWS\system32;C:\WINDOWS;C:\WINDOWS\System32\Wbem;C:\WINDOWS\System32\WindowsPowerShell\v1.0\;C:\WINDOWS\System32\OpenSSH\;C:\Program Files\Bandizip\;C:\Program Files\Docker\Docker\resources\bin;C:\Program Files\Git\cmd;C:\Redis\;C:\Users\EX14\AppData\Local\Programs\Microsoft VS Code\bin;C:\Program Files\nodejs\;C:\Users\EX14\AppData\Roaming\npm;C:\PROGRA~2\IDMCOM~1\ULTRAE~1;C:\Users\EX14\AppData\Roaming\npm;;C:\Users\EX14\AppData\Local\Programs\Microsoft VS Code\bin;.]
21-Jan-2024 12:46:26.436 INFO [main] org.apache.coyote.AbstractProtocol.init Initializing ProtocolHandler ["http-nio-8081"]
21-Jan-2024 12:46:26.481 INFO [main] org.apache.catalina.startup.Catalina.load Server initialization in [1068] milliseconds
21-Jan-2024 12:46:26.578 INFO [main] org.apache.catalina.core.StandardService.startInternal Starting service [Catalina]
21-Jan-2024 12:46:26.579 INFO [main] org.apache.catalina.core.StandardEngine.startInternal Starting Servlet engine: [Apache Tomcat/9.0.65]
21-Jan-2024 12:46:26.624 INFO [main] org.apache.catalina.startup.HostConfig.deployWAR Deploying web application archive [C:\THA105_WebApp\apache-tomcat-9.0.65\webapps\IBM.war]
21-Jan-2024 12:46:28.290 INFO [main] org.apache.jasper.servlet.TldScanner.scanJars At least one JAR was scanned for TLDs yet contained no TLDs. Enable debug logging for this logger for a complete list of JARs that were scanned but no TLDs were found in them. Skipping unneeded JARs during scanning can improve startup time and JSP compilation time.
21-Jan-2024 12:46:28.434 INFO [main] org.apache.catalina.startup.HostConfig.deployWAR Deployment of web application archive [C:\THA105_WebApp\apache-tomcat-9.0.65\webapps\IBM.war] has finished in [1,809] ms
21-Jan-2024 12:46:28.436 INFO [main] org.apache.catalina.startup.HostConfig.deployWAR Deploying web application archive [C:\THA105_WebApp\apache-tomcat-9.0.65\webapps\IBM2.war]
21-Jan-2024 12:46:29.506 INFO [main] org.apache.jasper.servlet.TldScanner.scanJars At least one JAR was scanned for TLDs yet contained no TLDs. Enable debug logging for this logger for a complete list of JARs that were scanned but no TLDs were found in them. Skipping unneeded JARs during scanning can improve startup time and JSP compilation time.
21-Jan-2024 12:46:29.514 INFO [main] org.apache.catalina.startup.HostConfig.deployWAR Deployment of web application archive [C:\THA105_WebApp\apache-tomcat-9.0.65\webapps\IBM2.war] has finished in [1,078] ms
21-Jan-2024 12:46:29.517 INFO [main] org.apache.catalina.startup.HostConfig.deployWAR Deploying web application archive [C:\THA105_WebApp\apache-tomcat-9.0.65\webapps\Servlet4.war]
21-Jan-2024 12:46:30.452 INFO [main] org.apache.jasper.servlet.TldScanner.scanJars At least one JAR was scanned for TLDs yet contained no TLDs. Enable debug logging for this logger for a complete list of JARs that were scanned but no TLDs were found in them. Skipping unneeded JARs during scanning can improve startup time and JSP compilation time.
21-Jan-2024 12:46:30.456 INFO [main] org.apache.catalina.startup.HostConfig.deployWAR Deployment of web application archive [C:\THA105_WebApp\apache-tomcat-9.0.65\webapps\Servlet4.war] has finished in [938] ms
21-Jan-2024 12:46:30.457 INFO [main] org.apache.catalina.startup.HostConfig.deployDirectory Deploying web application directory [C:\THA105_WebApp\apache-tomcat-9.0.65\webapps\docs]
21-Jan-2024 12:46:31.118 INFO [main] org.apache.jasper.servlet.TldScanner.scanJars At least one JAR was scanned for TLDs yet contained no TLDs. Enable debug logging for this logger for a complete list of JARs that were scanned but no TLDs were found in them. Skipping unneeded JARs during scanning can improve startup time and JSP compilation time.
21-Jan-2024 12:46:31.123 INFO [main] org.apache.catalina.startup.HostConfig.deployDirectory Deployment of web application directory [C:\THA105_WebApp\apache-tomcat-9.0.65\webapps\docs] has finished in [666] ms
21-Jan-2024 12:46:31.123 INFO [main] org.apache.catalina.startup.HostConfig.deployDirectory Deploying web application directory [C:\THA105_WebApp\apache-tomcat-9.0.65\webapps\examples]
21-Jan-2024 12:46:32.024 INFO [main] org.apache.jasper.servlet.TldScanner.scanJars At least one JAR was scanned for TLDs yet contained no TLDs. Enable debug logging for this logger for a complete list of JARs that were scanned but no TLDs were found in them. Skipping unneeded JARs during scanning can improve startup time and JSP compilation time.
21-Jan-2024 12:46:32.114 INFO [main] org.apache.catalina.startup.HostConfig.deployDirectory Deployment of web application directory [C:\THA105_WebApp\apache-tomcat-9.0.65\webapps\examples] has finished in [991] ms
21-Jan-2024 12:46:32.115 INFO [main] org.apache.catalina.startup.HostConfig.deployDirectory Deploying web application directory [C:\THA105_WebApp\apache-tomcat-9.0.65\webapps\ForwardRedirect]
21-Jan-2024 12:46:33.034 INFO [main] org.apache.jasper.servlet.TldScanner.scanJars At least one JAR was scanned for TLDs yet contained no TLDs. Enable debug logging for this logger for a complete list of JARs that were scanned but no TLDs were found in them. Skipping unneeded JARs during scanning can improve startup time and JSP compilation time.
21-Jan-2024 12:46:33.040 INFO [main] org.apache.catalina.startup.HostConfig.deployDirectory Deployment of web application directory [C:\THA105_WebApp\apache-tomcat-9.0.65\webapps\ForwardRedirect] has finished in [925] ms
21-Jan-2024 12:46:33.041 INFO [main] org.apache.catalina.startup.HostConfig.deployDirectory Deploying web application directory [C:\THA105_WebApp\apache-tomcat-9.0.65\webapps\ForwardRedirect2]
21-Jan-2024 12:46:33.999 INFO [main] org.apache.jasper.servlet.TldScanner.scanJars At least one JAR was scanned for TLDs yet contained no TLDs. Enable debug logging for this logger for a complete list of JARs that were scanned but no TLDs were found in them. Skipping unneeded JARs during scanning can improve startup time and JSP compilation time.
21-Jan-2024 12:46:34.005 INFO [main] org.apache.catalina.startup.HostConfig.deployDirectory Deployment of web application directory [C:\THA105_WebApp\apache-tomcat-9.0.65\webapps\ForwardRedirect2] has finished in [963] ms
21-Jan-2024 12:46:34.005 INFO [main] org.apache.catalina.startup.HostConfig.deployDirectory Deploying web application directory [C:\THA105_WebApp\apache-tomcat-9.0.65\webapps\host-manager]
21-Jan-2024 12:46:34.687 INFO [main] org.apache.jasper.servlet.TldScanner.scanJars At least one JAR was scanned for TLDs yet contained no TLDs. Enable debug logging for this logger for a complete list of JARs that were scanned but no TLDs were found in them. Skipping unneeded JARs during scanning can improve startup time and JSP compilation time.
21-Jan-2024 12:46:34.697 INFO [main] org.apache.catalina.startup.HostConfig.deployDirectory Deployment of web application directory [C:\THA105_WebApp\apache-tomcat-9.0.65\webapps\host-manager] has finished in [692] ms
21-Jan-2024 12:46:34.698 INFO [main] org.apache.catalina.startup.HostConfig.deployDirectory Deploying web application directory [C:\THA105_WebApp\apache-tomcat-9.0.65\webapps\IBM_9]
21-Jan-2024 12:46:35.348 INFO [main] org.apache.jasper.servlet.TldScanner.scanJars At least one JAR was scanned for TLDs yet contained no TLDs. Enable debug logging for this logger for a complete list of JARs that were scanned but no TLDs were found in them. Skipping unneeded JARs during scanning can improve startup time and JSP compilation time.
21-Jan-2024 12:46:35.351 INFO [main] org.apache.catalina.startup.HostConfig.deployDirectory Deployment of web application directory [C:\THA105_WebApp\apache-tomcat-9.0.65\webapps\IBM_9] has finished in [653] ms
21-Jan-2024 12:46:35.352 INFO [main] org.apache.catalina.startup.HostConfig.deployDirectory Deploying web application directory [C:\THA105_WebApp\apache-tomcat-9.0.65\webapps\IBM_HelloBean]
21-Jan-2024 12:46:35.923 INFO [main] org.apache.jasper.servlet.TldScanner.scanJars At least one JAR was scanned for TLDs yet contained no TLDs. Enable debug logging for this logger for a complete list of JARs that were scanned but no TLDs were found in them. Skipping unneeded JARs during scanning can improve startup time and JSP compilation time.
21-Jan-2024 12:46:35.925 INFO [main] org.apache.catalina.startup.HostConfig.deployDirectory Deployment of web application directory [C:\THA105_WebApp\apache-tomcat-9.0.65\webapps\IBM_HelloBean] has finished in [574] ms
21-Jan-2024 12:46:35.927 INFO [main] org.apache.catalina.startup.HostConfig.deployDirectory Deploying web application directory [C:\THA105_WebApp\apache-tomcat-9.0.65\webapps\manager]
21-Jan-2024 12:46:36.479 INFO [main] org.apache.jasper.servlet.TldScanner.scanJars At least one JAR was scanned for TLDs yet contained no TLDs. Enable debug logging for this logger for a complete list of JARs that were scanned but no TLDs were found in them. Skipping unneeded JARs during scanning can improve startup time and JSP compilation time.
21-Jan-2024 12:46:36.483 INFO [main] org.apache.catalina.startup.HostConfig.deployDirectory Deployment of web application directory [C:\THA105_WebApp\apache-tomcat-9.0.65\webapps\manager] has finished in [555] ms
21-Jan-2024 12:46:36.483 INFO [main] org.apache.catalina.startup.HostConfig.deployDirectory Deploying web application directory [C:\THA105_WebApp\apache-tomcat-9.0.65\webapps\ROOT]
21-Jan-2024 12:46:37.007 INFO [main] org.apache.jasper.servlet.TldScanner.scanJars At least one JAR was scanned for TLDs yet contained no TLDs. Enable debug logging for this logger for a complete list of JARs that were scanned but no TLDs were found in them. Skipping unneeded JARs during scanning can improve startup time and JSP compilation time.
21-Jan-2024 12:46:37.009 INFO [main] org.apache.catalina.startup.HostConfig.deployDirectory Deployment of web application directory [C:\THA105_WebApp\apache-tomcat-9.0.65\webapps\ROOT] has finished in [526] ms
21-Jan-2024 12:46:37.013 INFO [main] org.apache.coyote.AbstractProtocol.start Starting ProtocolHandler ["http-nio-8081"]
21-Jan-2024 12:46:37.073 INFO [main] org.apache.catalina.startup.Catalina.start Server startup in [10591] milliseconds
21-Jan-2024 17:50:30.787 INFO [main] org.apache.catalina.core.StandardServer.await A valid shutdown command was received via the shutdown port. Stopping the Server instance.
21-Jan-2024 17:50:30.792 INFO [main] org.apache.coyote.AbstractProtocol.pause Pausing ProtocolHandler ["http-nio-8081"]
21-Jan-2024 17:50:30.832 INFO [main] org.apache.catalina.core.StandardService.stopInternal Stopping service [Catalina]
21-Jan-2024 17:50:30.860 SEVERE [main] org.apache.catalina.startup.Catalina.stopServer Could not contact [localhost:8005] (base port [8005] and offset [0]). Tomcat may not be running.
21-Jan-2024 17:50:30.951 INFO [main] org.apache.coyote.AbstractProtocol.stop Stopping ProtocolHandler ["http-nio-8081"]
21-Jan-2024 17:50:30.970 INFO [main] org.apache.coyote.AbstractProtocol.destroy Destroying ProtocolHandler ["http-nio-8081"]
