19-Jan-2024 09:31:39.503 INFO [main] org.apache.catalina.startup.VersionLoggerListener.log Server version name:   Apache Tomcat/9.0.65
19-Jan-2024 09:31:39.507 INFO [main] org.apache.catalina.startup.VersionLoggerListener.log Server built:          Jul 14 2022 12:28:53 UTC
19-Jan-2024 09:31:39.508 INFO [main] org.apache.catalina.startup.VersionLoggerListener.log Server version number: 9.0.65.0
19-Jan-2024 09:31:39.508 INFO [main] org.apache.catalina.startup.VersionLoggerListener.log OS Name:               Windows 10
19-Jan-2024 09:31:39.508 INFO [main] org.apache.catalina.startup.VersionLoggerListener.log OS Version:            10.0
19-Jan-2024 09:31:39.509 INFO [main] org.apache.catalina.startup.VersionLoggerListener.log Architecture:          amd64
19-Jan-2024 09:31:39.509 INFO [main] org.apache.catalina.startup.VersionLoggerListener.log Java Home:             C:\jdk-17.0.6
19-Jan-2024 09:31:39.509 INFO [main] org.apache.catalina.startup.VersionLoggerListener.log JVM Version:           17.0.6+9-LTS-190
19-Jan-2024 09:31:39.509 INFO [main] org.apache.catalina.startup.VersionLoggerListener.log JVM Vendor:            Oracle Corporation
19-Jan-2024 09:31:39.510 INFO [main] org.apache.catalina.startup.VersionLoggerListener.log CATALINA_BASE:         C:\THA105_WebApp\apache-tomcat-9.0.65
19-Jan-2024 09:31:39.510 INFO [main] org.apache.catalina.startup.VersionLoggerListener.log CATALINA_HOME:         C:\THA105_WebApp\apache-tomcat-9.0.65
19-Jan-2024 09:31:39.522 INFO [main] org.apache.catalina.startup.VersionLoggerListener.log Command line argument: --add-opens=java.base/java.lang=ALL-UNNAMED
19-Jan-2024 09:31:39.522 INFO [main] org.apache.catalina.startup.VersionLoggerListener.log Command line argument: --add-opens=java.base/java.io=ALL-UNNAMED
19-Jan-2024 09:31:39.522 INFO [main] org.apache.catalina.startup.VersionLoggerListener.log Command line argument: --add-opens=java.base/java.util=ALL-UNNAMED
19-Jan-2024 09:31:39.522 INFO [main] org.apache.catalina.startup.VersionLoggerListener.log Command line argument: --add-opens=java.base/java.util.concurrent=ALL-UNNAMED
19-Jan-2024 09:31:39.522 INFO [main] org.apache.catalina.startup.VersionLoggerListener.log Command line argument: --add-opens=java.rmi/sun.rmi.transport=ALL-UNNAMED
19-Jan-2024 09:31:39.523 INFO [main] org.apache.catalina.startup.VersionLoggerListener.log Command line argument: -Djava.util.logging.config.file=C:\THA105_WebApp\apache-tomcat-9.0.65\conf\logging.properties
19-Jan-2024 09:31:39.523 INFO [main] org.apache.catalina.startup.VersionLoggerListener.log Command line argument: -Djava.util.logging.manager=org.apache.juli.ClassLoaderLogManager
19-Jan-2024 09:31:39.524 INFO [main] org.apache.catalina.startup.VersionLoggerListener.log Command line argument: -Djdk.tls.ephemeralDHKeySize=2048
19-Jan-2024 09:31:39.524 INFO [main] org.apache.catalina.startup.VersionLoggerListener.log Command line argument: -Djava.protocol.handler.pkgs=org.apache.catalina.webresources
19-Jan-2024 09:31:39.525 INFO [main] org.apache.catalina.startup.VersionLoggerListener.log Command line argument: -Dignore.endorsed.dirs=
19-Jan-2024 09:31:39.525 INFO [main] org.apache.catalina.startup.VersionLoggerListener.log Command line argument: -Dcatalina.base=C:\THA105_WebApp\apache-tomcat-9.0.65
19-Jan-2024 09:31:39.525 INFO [main] org.apache.catalina.startup.VersionLoggerListener.log Command line argument: -Dcatalina.home=C:\THA105_WebApp\apache-tomcat-9.0.65
19-Jan-2024 09:31:39.526 INFO [main] org.apache.catalina.startup.VersionLoggerListener.log Command line argument: -Djava.io.tmpdir=C:\THA105_WebApp\apache-tomcat-9.0.65\temp
19-Jan-2024 09:31:39.532 INFO [main] org.apache.catalina.core.AprLifecycleListener.lifecycleEvent The Apache Tomcat Native library which allows using OpenSSL was not found on the java.library.path: [C:\jdk-17.0.6\bin;C:\WINDOWS\Sun\Java\bin;C:\WINDOWS\system32;C:\WINDOWS;C:\jdk-17.0.6\bin;C:\Program Files\Common Files\Oracle\Java\javapath;C:\Windows\system32;C:\Windows;C:\Windows\System32\Wbem;C:\Windows\System32\WindowsPowerShell\v1.0\;C:\Windows\System32\OpenSSH\;C:\Program Files (x86)\NVIDIA Corporation\PhysX\Common;C:\Program Files\NVIDIA Corporation\NVIDIA NvDLISR;C:\WINDOWS\system32;C:\WINDOWS;C:\WINDOWS\System32\Wbem;C:\WINDOWS\System32\WindowsPowerShell\v1.0\;C:\WINDOWS\System32\OpenSSH\;C:\Program Files\Bandizip\;C:\Program Files\Docker\Docker\resources\bin;C:\Program Files\Git\cmd;C:\Redis\;C:\Users\EX14\AppData\Local\Programs\Microsoft VS Code\bin;C:\Program Files\nodejs\;C:\Users\EX14\AppData\Roaming\npm;C:\PROGRA~2\IDMCOM~1\ULTRAE~1;C:\Users\EX14\AppData\Roaming\npm;;.]
19-Jan-2024 09:31:39.779 INFO [main] org.apache.coyote.AbstractProtocol.init Initializing ProtocolHandler ["http-nio-8081"]
19-Jan-2024 09:31:39.804 INFO [main] org.apache.catalina.startup.Catalina.load Server initialization in [502] milliseconds
19-Jan-2024 09:31:39.854 INFO [main] org.apache.catalina.core.StandardService.startInternal Starting service [Catalina]
19-Jan-2024 09:31:39.854 INFO [main] org.apache.catalina.core.StandardEngine.startInternal Starting Servlet engine: [Apache Tomcat/9.0.65]
19-Jan-2024 09:31:39.877 INFO [main] org.apache.catalina.startup.HostConfig.deployWAR Deploying web application archive [C:\THA105_WebApp\apache-tomcat-9.0.65\webapps\IBM.war]
19-Jan-2024 09:31:40.723 INFO [main] org.apache.jasper.servlet.TldScanner.scanJars At least one JAR was scanned for TLDs yet contained no TLDs. Enable debug logging for this logger for a complete list of JARs that were scanned but no TLDs were found in them. Skipping unneeded JARs during scanning can improve startup time and JSP compilation time.
19-Jan-2024 09:31:40.817 INFO [main] org.apache.catalina.startup.HostConfig.deployWAR Deployment of web application archive [C:\THA105_WebApp\apache-tomcat-9.0.65\webapps\IBM.war] has finished in [938] ms
19-Jan-2024 09:31:40.826 INFO [main] org.apache.catalina.startup.HostConfig.deployWAR Deploying web application archive [C:\THA105_WebApp\apache-tomcat-9.0.65\webapps\IBM2.war]
19-Jan-2024 09:31:41.360 INFO [main] org.apache.jasper.servlet.TldScanner.scanJars At least one JAR was scanned for TLDs yet contained no TLDs. Enable debug logging for this logger for a complete list of JARs that were scanned but no TLDs were found in them. Skipping unneeded JARs during scanning can improve startup time and JSP compilation time.
19-Jan-2024 09:31:41.366 INFO [main] org.apache.catalina.startup.HostConfig.deployWAR Deployment of web application archive [C:\THA105_WebApp\apache-tomcat-9.0.65\webapps\IBM2.war] has finished in [540] ms
19-Jan-2024 09:31:41.430 INFO [main] org.apache.catalina.startup.HostConfig.deployWAR Deploying web application archive [C:\THA105_WebApp\apache-tomcat-9.0.65\webapps\Servlet4.war]
19-Jan-2024 09:31:41.910 INFO [main] org.apache.jasper.servlet.TldScanner.scanJars At least one JAR was scanned for TLDs yet contained no TLDs. Enable debug logging for this logger for a complete list of JARs that were scanned but no TLDs were found in them. Skipping unneeded JARs during scanning can improve startup time and JSP compilation time.
19-Jan-2024 09:31:41.913 INFO [main] org.apache.catalina.startup.HostConfig.deployWAR Deployment of web application archive [C:\THA105_WebApp\apache-tomcat-9.0.65\webapps\Servlet4.war] has finished in [482] ms
19-Jan-2024 09:31:41.914 INFO [main] org.apache.catalina.startup.HostConfig.deployDirectory Deploying web application directory [C:\THA105_WebApp\apache-tomcat-9.0.65\webapps\docs]
19-Jan-2024 09:31:42.336 INFO [main] org.apache.jasper.servlet.TldScanner.scanJars At least one JAR was scanned for TLDs yet contained no TLDs. Enable debug logging for this logger for a complete list of JARs that were scanned but no TLDs were found in them. Skipping unneeded JARs during scanning can improve startup time and JSP compilation time.
19-Jan-2024 09:31:42.338 INFO [main] org.apache.catalina.startup.HostConfig.deployDirectory Deployment of web application directory [C:\THA105_WebApp\apache-tomcat-9.0.65\webapps\docs] has finished in [424] ms
19-Jan-2024 09:31:42.339 INFO [main] org.apache.catalina.startup.HostConfig.deployDirectory Deploying web application directory [C:\THA105_WebApp\apache-tomcat-9.0.65\webapps\examples]
19-Jan-2024 09:31:43.694 INFO [main] org.apache.jasper.servlet.TldScanner.scanJars At least one JAR was scanned for TLDs yet contained no TLDs. Enable debug logging for this logger for a complete list of JARs that were scanned but no TLDs were found in them. Skipping unneeded JARs during scanning can improve startup time and JSP compilation time.
19-Jan-2024 09:31:43.734 INFO [main] org.apache.catalina.startup.HostConfig.deployDirectory Deployment of web application directory [C:\THA105_WebApp\apache-tomcat-9.0.65\webapps\examples] has finished in [1,396] ms
19-Jan-2024 09:31:43.735 INFO [main] org.apache.catalina.startup.HostConfig.deployDirectory Deploying web application directory [C:\THA105_WebApp\apache-tomcat-9.0.65\webapps\host-manager]
19-Jan-2024 09:31:44.201 INFO [main] org.apache.jasper.servlet.TldScanner.scanJars At least one JAR was scanned for TLDs yet contained no TLDs. Enable debug logging for this logger for a complete list of JARs that were scanned but no TLDs were found in them. Skipping unneeded JARs during scanning can improve startup time and JSP compilation time.
19-Jan-2024 09:31:44.211 INFO [main] org.apache.catalina.startup.HostConfig.deployDirectory Deployment of web application directory [C:\THA105_WebApp\apache-tomcat-9.0.65\webapps\host-manager] has finished in [475] ms
19-Jan-2024 09:31:44.215 INFO [main] org.apache.catalina.startup.HostConfig.deployDirectory Deploying web application directory [C:\THA105_WebApp\apache-tomcat-9.0.65\webapps\IBM_9]
19-Jan-2024 09:31:44.672 INFO [main] org.apache.jasper.servlet.TldScanner.scanJars At least one JAR was scanned for TLDs yet contained no TLDs. Enable debug logging for this logger for a complete list of JARs that were scanned but no TLDs were found in them. Skipping unneeded JARs during scanning can improve startup time and JSP compilation time.
19-Jan-2024 09:31:44.675 INFO [main] org.apache.catalina.startup.HostConfig.deployDirectory Deployment of web application directory [C:\THA105_WebApp\apache-tomcat-9.0.65\webapps\IBM_9] has finished in [459] ms
19-Jan-2024 09:31:44.675 INFO [main] org.apache.catalina.startup.HostConfig.deployDirectory Deploying web application directory [C:\THA105_WebApp\apache-tomcat-9.0.65\webapps\manager]
19-Jan-2024 09:31:45.092 INFO [main] org.apache.jasper.servlet.TldScanner.scanJars At least one JAR was scanned for TLDs yet contained no TLDs. Enable debug logging for this logger for a complete list of JARs that were scanned but no TLDs were found in them. Skipping unneeded JARs during scanning can improve startup time and JSP compilation time.
19-Jan-2024 09:31:45.096 INFO [main] org.apache.catalina.startup.HostConfig.deployDirectory Deployment of web application directory [C:\THA105_WebApp\apache-tomcat-9.0.65\webapps\manager] has finished in [421] ms
19-Jan-2024 09:31:45.097 INFO [main] org.apache.catalina.startup.HostConfig.deployDirectory Deploying web application directory [C:\THA105_WebApp\apache-tomcat-9.0.65\webapps\ROOT]
19-Jan-2024 09:31:45.474 INFO [main] org.apache.jasper.servlet.TldScanner.scanJars At least one JAR was scanned for TLDs yet contained no TLDs. Enable debug logging for this logger for a complete list of JARs that were scanned but no TLDs were found in them. Skipping unneeded JARs during scanning can improve startup time and JSP compilation time.
19-Jan-2024 09:31:45.477 INFO [main] org.apache.catalina.startup.HostConfig.deployDirectory Deployment of web application directory [C:\THA105_WebApp\apache-tomcat-9.0.65\webapps\ROOT] has finished in [380] ms
19-Jan-2024 09:31:45.478 INFO [main] org.apache.coyote.AbstractProtocol.start Starting ProtocolHandler ["http-nio-8081"]
19-Jan-2024 09:31:45.528 INFO [main] org.apache.catalina.startup.Catalina.start Server startup in [5723] milliseconds
19-Jan-2024 09:33:22.243 INFO [main] org.apache.catalina.core.StandardServer.await A valid shutdown command was received via the shutdown port. Stopping the Server instance.
19-Jan-2024 09:33:22.243 INFO [main] org.apache.coyote.AbstractProtocol.pause Pausing ProtocolHandler ["http-nio-8081"]
19-Jan-2024 09:33:22.258 INFO [main] org.apache.catalina.core.StandardService.stopInternal Stopping service [Catalina]
19-Jan-2024 09:33:22.298 INFO [main] org.apache.coyote.AbstractProtocol.stop Stopping ProtocolHandler ["http-nio-8081"]
19-Jan-2024 09:33:22.311 INFO [main] org.apache.coyote.AbstractProtocol.destroy Destroying ProtocolHandler ["http-nio-8081"]
19-Jan-2024 09:33:28.833 INFO [main] org.apache.catalina.startup.VersionLoggerListener.log Server version name:   Apache Tomcat/9.0.65
19-Jan-2024 09:33:28.836 INFO [main] org.apache.catalina.startup.VersionLoggerListener.log Server built:          Jul 14 2022 12:28:53 UTC
19-Jan-2024 09:33:28.836 INFO [main] org.apache.catalina.startup.VersionLoggerListener.log Server version number: 9.0.65.0
19-Jan-2024 09:33:28.836 INFO [main] org.apache.catalina.startup.VersionLoggerListener.log OS Name:               Windows 10
19-Jan-2024 09:33:28.837 INFO [main] org.apache.catalina.startup.VersionLoggerListener.log OS Version:            10.0
19-Jan-2024 09:33:28.837 INFO [main] org.apache.catalina.startup.VersionLoggerListener.log Architecture:          amd64
19-Jan-2024 09:33:28.837 INFO [main] org.apache.catalina.startup.VersionLoggerListener.log Java Home:             C:\jdk-17.0.6
19-Jan-2024 09:33:28.837 INFO [main] org.apache.catalina.startup.VersionLoggerListener.log JVM Version:           17.0.6+9-LTS-190
19-Jan-2024 09:33:28.838 INFO [main] org.apache.catalina.startup.VersionLoggerListener.log JVM Vendor:            Oracle Corporation
19-Jan-2024 09:33:28.838 INFO [main] org.apache.catalina.startup.VersionLoggerListener.log CATALINA_BASE:         C:\THA105_WebApp\apache-tomcat-9.0.65
19-Jan-2024 09:33:28.838 INFO [main] org.apache.catalina.startup.VersionLoggerListener.log CATALINA_HOME:         C:\THA105_WebApp\apache-tomcat-9.0.65
19-Jan-2024 09:33:28.845 INFO [main] org.apache.catalina.startup.VersionLoggerListener.log Command line argument: --add-opens=java.base/java.lang=ALL-UNNAMED
19-Jan-2024 09:33:28.845 INFO [main] org.apache.catalina.startup.VersionLoggerListener.log Command line argument: --add-opens=java.base/java.io=ALL-UNNAMED
19-Jan-2024 09:33:28.845 INFO [main] org.apache.catalina.startup.VersionLoggerListener.log Command line argument: --add-opens=java.base/java.util=ALL-UNNAMED
19-Jan-2024 09:33:28.845 INFO [main] org.apache.catalina.startup.VersionLoggerListener.log Command line argument: --add-opens=java.base/java.util.concurrent=ALL-UNNAMED
19-Jan-2024 09:33:28.845 INFO [main] org.apache.catalina.startup.VersionLoggerListener.log Command line argument: --add-opens=java.rmi/sun.rmi.transport=ALL-UNNAMED
19-Jan-2024 09:33:28.846 INFO [main] org.apache.catalina.startup.VersionLoggerListener.log Command line argument: -Djava.util.logging.config.file=C:\THA105_WebApp\apache-tomcat-9.0.65\conf\logging.properties
19-Jan-2024 09:33:28.846 INFO [main] org.apache.catalina.startup.VersionLoggerListener.log Command line argument: -Djava.util.logging.manager=org.apache.juli.ClassLoaderLogManager
19-Jan-2024 09:33:28.847 INFO [main] org.apache.catalina.startup.VersionLoggerListener.log Command line argument: -Djdk.tls.ephemeralDHKeySize=2048
19-Jan-2024 09:33:28.847 INFO [main] org.apache.catalina.startup.VersionLoggerListener.log Command line argument: -Djava.protocol.handler.pkgs=org.apache.catalina.webresources
19-Jan-2024 09:33:28.848 INFO [main] org.apache.catalina.startup.VersionLoggerListener.log Command line argument: -Dignore.endorsed.dirs=
19-Jan-2024 09:33:28.848 INFO [main] org.apache.catalina.startup.VersionLoggerListener.log Command line argument: -Dcatalina.base=C:\THA105_WebApp\apache-tomcat-9.0.65
19-Jan-2024 09:33:28.849 INFO [main] org.apache.catalina.startup.VersionLoggerListener.log Command line argument: -Dcatalina.home=C:\THA105_WebApp\apache-tomcat-9.0.65
19-Jan-2024 09:33:28.849 INFO [main] org.apache.catalina.startup.VersionLoggerListener.log Command line argument: -Djava.io.tmpdir=C:\THA105_WebApp\apache-tomcat-9.0.65\temp
19-Jan-2024 09:33:28.856 INFO [main] org.apache.catalina.core.AprLifecycleListener.lifecycleEvent The Apache Tomcat Native library which allows using OpenSSL was not found on the java.library.path: [C:\jdk-17.0.6\bin;C:\WINDOWS\Sun\Java\bin;C:\WINDOWS\system32;C:\WINDOWS;C:\jdk-17.0.6\bin;C:\Program Files\Common Files\Oracle\Java\javapath;C:\Windows\system32;C:\Windows;C:\Windows\System32\Wbem;C:\Windows\System32\WindowsPowerShell\v1.0\;C:\Windows\System32\OpenSSH\;C:\Program Files (x86)\NVIDIA Corporation\PhysX\Common;C:\Program Files\NVIDIA Corporation\NVIDIA NvDLISR;C:\WINDOWS\system32;C:\WINDOWS;C:\WINDOWS\System32\Wbem;C:\WINDOWS\System32\WindowsPowerShell\v1.0\;C:\WINDOWS\System32\OpenSSH\;C:\Program Files\Bandizip\;C:\Program Files\Docker\Docker\resources\bin;C:\Program Files\Git\cmd;C:\Redis\;C:\Users\EX14\AppData\Local\Programs\Microsoft VS Code\bin;C:\Program Files\nodejs\;C:\Users\EX14\AppData\Roaming\npm;C:\PROGRA~2\IDMCOM~1\ULTRAE~1;C:\Users\EX14\AppData\Roaming\npm;;.]
19-Jan-2024 09:33:29.087 INFO [main] org.apache.coyote.AbstractProtocol.init Initializing ProtocolHandler ["http-nio-8081"]
19-Jan-2024 09:33:29.110 INFO [main] org.apache.catalina.startup.Catalina.load Server initialization in [432] milliseconds
19-Jan-2024 09:33:29.169 INFO [main] org.apache.catalina.core.StandardService.startInternal Starting service [Catalina]
19-Jan-2024 09:33:29.169 INFO [main] org.apache.catalina.core.StandardEngine.startInternal Starting Servlet engine: [Apache Tomcat/9.0.65]
19-Jan-2024 09:33:29.183 INFO [main] org.apache.catalina.startup.HostConfig.deployWAR Deploying web application archive [C:\THA105_WebApp\apache-tomcat-9.0.65\webapps\IBM.war]
19-Jan-2024 09:33:29.965 INFO [main] org.apache.jasper.servlet.TldScanner.scanJars At least one JAR was scanned for TLDs yet contained no TLDs. Enable debug logging for this logger for a complete list of JARs that were scanned but no TLDs were found in them. Skipping unneeded JARs during scanning can improve startup time and JSP compilation time.
19-Jan-2024 09:33:30.046 INFO [main] org.apache.catalina.startup.HostConfig.deployWAR Deployment of web application archive [C:\THA105_WebApp\apache-tomcat-9.0.65\webapps\IBM.war] has finished in [862] ms
19-Jan-2024 09:33:30.047 INFO [main] org.apache.catalina.startup.HostConfig.deployWAR Deploying web application archive [C:\THA105_WebApp\apache-tomcat-9.0.65\webapps\IBM2.war]
19-Jan-2024 09:33:30.558 INFO [main] org.apache.jasper.servlet.TldScanner.scanJars At least one JAR was scanned for TLDs yet contained no TLDs. Enable debug logging for this logger for a complete list of JARs that were scanned but no TLDs were found in them. Skipping unneeded JARs during scanning can improve startup time and JSP compilation time.
19-Jan-2024 09:33:30.561 INFO [main] org.apache.catalina.startup.HostConfig.deployWAR Deployment of web application archive [C:\THA105_WebApp\apache-tomcat-9.0.65\webapps\IBM2.war] has finished in [514] ms
19-Jan-2024 09:33:30.563 INFO [main] org.apache.catalina.startup.HostConfig.deployWAR Deploying web application archive [C:\THA105_WebApp\apache-tomcat-9.0.65\webapps\Servlet4.war]
19-Jan-2024 09:33:31.020 INFO [main] org.apache.jasper.servlet.TldScanner.scanJars At least one JAR was scanned for TLDs yet contained no TLDs. Enable debug logging for this logger for a complete list of JARs that were scanned but no TLDs were found in them. Skipping unneeded JARs during scanning can improve startup time and JSP compilation time.
19-Jan-2024 09:33:31.022 INFO [main] org.apache.catalina.startup.HostConfig.deployWAR Deployment of web application archive [C:\THA105_WebApp\apache-tomcat-9.0.65\webapps\Servlet4.war] has finished in [459] ms
19-Jan-2024 09:33:31.023 INFO [main] org.apache.catalina.startup.HostConfig.deployDirectory Deploying web application directory [C:\THA105_WebApp\apache-tomcat-9.0.65\webapps\docs]
19-Jan-2024 09:33:31.415 INFO [main] org.apache.jasper.servlet.TldScanner.scanJars At least one JAR was scanned for TLDs yet contained no TLDs. Enable debug logging for this logger for a complete list of JARs that were scanned but no TLDs were found in them. Skipping unneeded JARs during scanning can improve startup time and JSP compilation time.
19-Jan-2024 09:33:31.418 INFO [main] org.apache.catalina.startup.HostConfig.deployDirectory Deployment of web application directory [C:\THA105_WebApp\apache-tomcat-9.0.65\webapps\docs] has finished in [395] ms
19-Jan-2024 09:33:31.419 INFO [main] org.apache.catalina.startup.HostConfig.deployDirectory Deploying web application directory [C:\THA105_WebApp\apache-tomcat-9.0.65\webapps\examples]
19-Jan-2024 09:33:32.039 INFO [main] org.apache.jasper.servlet.TldScanner.scanJars At least one JAR was scanned for TLDs yet contained no TLDs. Enable debug logging for this logger for a complete list of JARs that were scanned but no TLDs were found in them. Skipping unneeded JARs during scanning can improve startup time and JSP compilation time.
19-Jan-2024 09:33:32.084 INFO [main] org.apache.catalina.startup.HostConfig.deployDirectory Deployment of web application directory [C:\THA105_WebApp\apache-tomcat-9.0.65\webapps\examples] has finished in [665] ms
19-Jan-2024 09:33:32.084 INFO [main] org.apache.catalina.startup.HostConfig.deployDirectory Deploying web application directory [C:\THA105_WebApp\apache-tomcat-9.0.65\webapps\host-manager]
19-Jan-2024 09:33:32.517 INFO [main] org.apache.jasper.servlet.TldScanner.scanJars At least one JAR was scanned for TLDs yet contained no TLDs. Enable debug logging for this logger for a complete list of JARs that were scanned but no TLDs were found in them. Skipping unneeded JARs during scanning can improve startup time and JSP compilation time.
19-Jan-2024 09:33:32.527 INFO [main] org.apache.catalina.startup.HostConfig.deployDirectory Deployment of web application directory [C:\THA105_WebApp\apache-tomcat-9.0.65\webapps\host-manager] has finished in [443] ms
19-Jan-2024 09:33:32.528 INFO [main] org.apache.catalina.startup.HostConfig.deployDirectory Deploying web application directory [C:\THA105_WebApp\apache-tomcat-9.0.65\webapps\IBM_9]
19-Jan-2024 09:33:32.934 INFO [main] org.apache.jasper.servlet.TldScanner.scanJars At least one JAR was scanned for TLDs yet contained no TLDs. Enable debug logging for this logger for a complete list of JARs that were scanned but no TLDs were found in them. Skipping unneeded JARs during scanning can improve startup time and JSP compilation time.
19-Jan-2024 09:33:32.937 INFO [main] org.apache.catalina.startup.HostConfig.deployDirectory Deployment of web application directory [C:\THA105_WebApp\apache-tomcat-9.0.65\webapps\IBM_9] has finished in [409] ms
19-Jan-2024 09:33:32.937 INFO [main] org.apache.catalina.startup.HostConfig.deployDirectory Deploying web application directory [C:\THA105_WebApp\apache-tomcat-9.0.65\webapps\manager]
19-Jan-2024 09:33:33.349 INFO [main] org.apache.jasper.servlet.TldScanner.scanJars At least one JAR was scanned for TLDs yet contained no TLDs. Enable debug logging for this logger for a complete list of JARs that were scanned but no TLDs were found in them. Skipping unneeded JARs during scanning can improve startup time and JSP compilation time.
19-Jan-2024 09:33:33.352 INFO [main] org.apache.catalina.startup.HostConfig.deployDirectory Deployment of web application directory [C:\THA105_WebApp\apache-tomcat-9.0.65\webapps\manager] has finished in [415] ms
19-Jan-2024 09:33:33.354 INFO [main] org.apache.catalina.startup.HostConfig.deployDirectory Deploying web application directory [C:\THA105_WebApp\apache-tomcat-9.0.65\webapps\ROOT]
19-Jan-2024 09:33:33.749 INFO [main] org.apache.jasper.servlet.TldScanner.scanJars At least one JAR was scanned for TLDs yet contained no TLDs. Enable debug logging for this logger for a complete list of JARs that were scanned but no TLDs were found in them. Skipping unneeded JARs during scanning can improve startup time and JSP compilation time.
19-Jan-2024 09:33:33.752 INFO [main] org.apache.catalina.startup.HostConfig.deployDirectory Deployment of web application directory [C:\THA105_WebApp\apache-tomcat-9.0.65\webapps\ROOT] has finished in [399] ms
19-Jan-2024 09:33:33.755 INFO [main] org.apache.coyote.AbstractProtocol.start Starting ProtocolHandler ["http-nio-8081"]
19-Jan-2024 09:33:33.798 INFO [main] org.apache.catalina.startup.Catalina.start Server startup in [4688] milliseconds
19-Jan-2024 13:48:55.257 INFO [main] org.apache.catalina.startup.VersionLoggerListener.log Server version name:   Apache Tomcat/9.0.65
19-Jan-2024 13:48:55.262 INFO [main] org.apache.catalina.startup.VersionLoggerListener.log Server built:          Jul 14 2022 12:28:53 UTC
19-Jan-2024 13:48:55.263 INFO [main] org.apache.catalina.startup.VersionLoggerListener.log Server version number: 9.0.65.0
19-Jan-2024 13:48:55.263 INFO [main] org.apache.catalina.startup.VersionLoggerListener.log OS Name:               Windows 10
19-Jan-2024 13:48:55.263 INFO [main] org.apache.catalina.startup.VersionLoggerListener.log OS Version:            10.0
19-Jan-2024 13:48:55.263 INFO [main] org.apache.catalina.startup.VersionLoggerListener.log Architecture:          amd64
19-Jan-2024 13:48:55.264 INFO [main] org.apache.catalina.startup.VersionLoggerListener.log Java Home:             C:\jdk-17.0.6
19-Jan-2024 13:48:55.264 INFO [main] org.apache.catalina.startup.VersionLoggerListener.log JVM Version:           17.0.6+9-LTS-190
19-Jan-2024 13:48:55.264 INFO [main] org.apache.catalina.startup.VersionLoggerListener.log JVM Vendor:            Oracle Corporation
19-Jan-2024 13:48:55.265 INFO [main] org.apache.catalina.startup.VersionLoggerListener.log CATALINA_BASE:         C:\THA105_WebApp\apache-tomcat-9.0.65
19-Jan-2024 13:48:55.265 INFO [main] org.apache.catalina.startup.VersionLoggerListener.log CATALINA_HOME:         C:\THA105_WebApp\apache-tomcat-9.0.65
19-Jan-2024 13:48:55.275 INFO [main] org.apache.catalina.startup.VersionLoggerListener.log Command line argument: --add-opens=java.base/java.lang=ALL-UNNAMED
19-Jan-2024 13:48:55.275 INFO [main] org.apache.catalina.startup.VersionLoggerListener.log Command line argument: --add-opens=java.base/java.io=ALL-UNNAMED
19-Jan-2024 13:48:55.275 INFO [main] org.apache.catalina.startup.VersionLoggerListener.log Command line argument: --add-opens=java.base/java.util=ALL-UNNAMED
19-Jan-2024 13:48:55.275 INFO [main] org.apache.catalina.startup.VersionLoggerListener.log Command line argument: --add-opens=java.base/java.util.concurrent=ALL-UNNAMED
19-Jan-2024 13:48:55.276 INFO [main] org.apache.catalina.startup.VersionLoggerListener.log Command line argument: --add-opens=java.rmi/sun.rmi.transport=ALL-UNNAMED
19-Jan-2024 13:48:55.276 INFO [main] org.apache.catalina.startup.VersionLoggerListener.log Command line argument: -Djava.util.logging.config.file=C:\THA105_WebApp\apache-tomcat-9.0.65\conf\logging.properties
19-Jan-2024 13:48:55.277 INFO [main] org.apache.catalina.startup.VersionLoggerListener.log Command line argument: -Djava.util.logging.manager=org.apache.juli.ClassLoaderLogManager
19-Jan-2024 13:48:55.278 INFO [main] org.apache.catalina.startup.VersionLoggerListener.log Command line argument: -Djdk.tls.ephemeralDHKeySize=2048
19-Jan-2024 13:48:55.279 INFO [main] org.apache.catalina.startup.VersionLoggerListener.log Command line argument: -Djava.protocol.handler.pkgs=org.apache.catalina.webresources
19-Jan-2024 13:48:55.279 INFO [main] org.apache.catalina.startup.VersionLoggerListener.log Command line argument: -Dignore.endorsed.dirs=
19-Jan-2024 13:48:55.280 INFO [main] org.apache.catalina.startup.VersionLoggerListener.log Command line argument: -Dcatalina.base=C:\THA105_WebApp\apache-tomcat-9.0.65
19-Jan-2024 13:48:55.280 INFO [main] org.apache.catalina.startup.VersionLoggerListener.log Command line argument: -Dcatalina.home=C:\THA105_WebApp\apache-tomcat-9.0.65
19-Jan-2024 13:48:55.281 INFO [main] org.apache.catalina.startup.VersionLoggerListener.log Command line argument: -Djava.io.tmpdir=C:\THA105_WebApp\apache-tomcat-9.0.65\temp
19-Jan-2024 13:48:55.297 INFO [main] org.apache.catalina.core.AprLifecycleListener.lifecycleEvent The Apache Tomcat Native library which allows using OpenSSL was not found on the java.library.path: [C:\jdk-17.0.6\bin;C:\WINDOWS\Sun\Java\bin;C:\WINDOWS\system32;C:\WINDOWS;C:\jdk-17.0.6\bin;C:\Program Files\Common Files\Oracle\Java\javapath;C:\Windows\system32;C:\Windows;C:\Windows\System32\Wbem;C:\Windows\System32\WindowsPowerShell\v1.0\;C:\Windows\System32\OpenSSH\;C:\Program Files (x86)\NVIDIA Corporation\PhysX\Common;C:\Program Files\NVIDIA Corporation\NVIDIA NvDLISR;C:\WINDOWS\system32;C:\WINDOWS;C:\WINDOWS\System32\Wbem;C:\WINDOWS\System32\WindowsPowerShell\v1.0\;C:\WINDOWS\System32\OpenSSH\;C:\Program Files\Bandizip\;C:\Program Files\Docker\Docker\resources\bin;C:\Program Files\Git\cmd;C:\Redis\;C:\Users\EX14\AppData\Local\Programs\Microsoft VS Code\bin;C:\Program Files\nodejs\;C:\Users\EX14\AppData\Roaming\npm;C:\PROGRA~2\IDMCOM~1\ULTRAE~1;C:\Users\EX14\AppData\Roaming\npm;;.]
19-Jan-2024 13:48:55.731 INFO [main] org.apache.coyote.AbstractProtocol.init Initializing ProtocolHandler ["http-nio-8081"]
19-Jan-2024 13:48:55.760 SEVERE [main] org.apache.catalina.util.LifecycleBase.handleSubClassException Failed to initialize component [Connector[HTTP/1.1-8081]]
	org.apache.catalina.LifecycleException: Protocol handler initialization failed
		at org.apache.catalina.connector.Connector.initInternal(Connector.java:1051)
		at org.apache.catalina.util.LifecycleBase.init(LifecycleBase.java:136)
		at org.apache.catalina.core.StandardService.initInternal(StandardService.java:556)
		at org.apache.catalina.util.LifecycleBase.init(LifecycleBase.java:136)
		at org.apache.catalina.core.StandardServer.initInternal(StandardServer.java:1045)
		at org.apache.catalina.util.LifecycleBase.init(LifecycleBase.java:136)
		at org.apache.catalina.startup.Catalina.load(Catalina.java:724)
		at org.apache.catalina.startup.Catalina.load(Catalina.java:746)
		at java.base/jdk.internal.reflect.NativeMethodAccessorImpl.invoke0(Native Method)
		at java.base/jdk.internal.reflect.NativeMethodAccessorImpl.invoke(NativeMethodAccessorImpl.java:77)
		at java.base/jdk.internal.reflect.DelegatingMethodAccessorImpl.invoke(DelegatingMethodAccessorImpl.java:43)
		at java.base/java.lang.reflect.Method.invoke(Method.java:568)
		at org.apache.catalina.startup.Bootstrap.load(Bootstrap.java:305)
		at org.apache.catalina.startup.Bootstrap.main(Bootstrap.java:475)
	Caused by: java.net.BindException: Address already in use: bind
		at java.base/sun.nio.ch.Net.bind0(Native Method)
		at java.base/sun.nio.ch.Net.bind(Net.java:555)
		at java.base/sun.nio.ch.ServerSocketChannelImpl.netBind(ServerSocketChannelImpl.java:337)
		at java.base/sun.nio.ch.ServerSocketChannelImpl.bind(ServerSocketChannelImpl.java:294)
		at org.apache.tomcat.util.net.NioEndpoint.initServerSocket(NioEndpoint.java:275)
		at org.apache.tomcat.util.net.NioEndpoint.bind(NioEndpoint.java:230)
		at org.apache.tomcat.util.net.AbstractEndpoint.bindWithCleanup(AbstractEndpoint.java:1227)
		at org.apache.tomcat.util.net.AbstractEndpoint.init(AbstractEndpoint.java:1240)
		at org.apache.coyote.AbstractProtocol.init(AbstractProtocol.java:603)
		at org.apache.coyote.http11.AbstractHttp11Protocol.init(AbstractHttp11Protocol.java:80)
		at org.apache.catalina.connector.Connector.initInternal(Connector.java:1048)
		... 13 more
19-Jan-2024 13:48:55.762 INFO [main] org.apache.catalina.startup.Catalina.load Server initialization in [758] milliseconds
19-Jan-2024 13:48:55.848 INFO [main] org.apache.catalina.core.StandardService.startInternal Starting service [Catalina]
19-Jan-2024 13:48:55.848 INFO [main] org.apache.catalina.core.StandardEngine.startInternal Starting Servlet engine: [Apache Tomcat/9.0.65]
19-Jan-2024 13:48:55.879 INFO [main] org.apache.catalina.startup.HostConfig.deployWAR Deploying web application archive [C:\THA105_WebApp\apache-tomcat-9.0.65\webapps\IBM.war]
19-Jan-2024 13:48:57.317 INFO [main] org.apache.jasper.servlet.TldScanner.scanJars At least one JAR was scanned for TLDs yet contained no TLDs. Enable debug logging for this logger for a complete list of JARs that were scanned but no TLDs were found in them. Skipping unneeded JARs during scanning can improve startup time and JSP compilation time.
19-Jan-2024 13:48:57.429 INFO [main] org.apache.catalina.startup.HostConfig.deployWAR Deployment of web application archive [C:\THA105_WebApp\apache-tomcat-9.0.65\webapps\IBM.war] has finished in [1,549] ms
19-Jan-2024 13:48:57.432 INFO [main] org.apache.catalina.startup.HostConfig.deployWAR Deploying web application archive [C:\THA105_WebApp\apache-tomcat-9.0.65\webapps\IBM2.war]
19-Jan-2024 13:48:58.320 INFO [main] org.apache.jasper.servlet.TldScanner.scanJars At least one JAR was scanned for TLDs yet contained no TLDs. Enable debug logging for this logger for a complete list of JARs that were scanned but no TLDs were found in them. Skipping unneeded JARs during scanning can improve startup time and JSP compilation time.
19-Jan-2024 13:48:58.325 INFO [main] org.apache.catalina.startup.HostConfig.deployWAR Deployment of web application archive [C:\THA105_WebApp\apache-tomcat-9.0.65\webapps\IBM2.war] has finished in [892] ms
19-Jan-2024 13:48:58.326 INFO [main] org.apache.catalina.startup.HostConfig.deployWAR Deploying web application archive [C:\THA105_WebApp\apache-tomcat-9.0.65\webapps\Servlet4.war]
19-Jan-2024 13:48:59.031 INFO [main] org.apache.jasper.servlet.TldScanner.scanJars At least one JAR was scanned for TLDs yet contained no TLDs. Enable debug logging for this logger for a complete list of JARs that were scanned but no TLDs were found in them. Skipping unneeded JARs during scanning can improve startup time and JSP compilation time.
19-Jan-2024 13:48:59.034 INFO [main] org.apache.catalina.startup.HostConfig.deployWAR Deployment of web application archive [C:\THA105_WebApp\apache-tomcat-9.0.65\webapps\Servlet4.war] has finished in [708] ms
19-Jan-2024 13:48:59.035 INFO [main] org.apache.catalina.startup.HostConfig.deployDirectory Deploying web application directory [C:\THA105_WebApp\apache-tomcat-9.0.65\webapps\docs]
19-Jan-2024 13:48:59.620 INFO [main] org.apache.jasper.servlet.TldScanner.scanJars At least one JAR was scanned for TLDs yet contained no TLDs. Enable debug logging for this logger for a complete list of JARs that were scanned but no TLDs were found in them. Skipping unneeded JARs during scanning can improve startup time and JSP compilation time.
19-Jan-2024 13:48:59.623 INFO [main] org.apache.catalina.startup.HostConfig.deployDirectory Deployment of web application directory [C:\THA105_WebApp\apache-tomcat-9.0.65\webapps\docs] has finished in [588] ms
19-Jan-2024 13:48:59.624 INFO [main] org.apache.catalina.startup.HostConfig.deployDirectory Deploying web application directory [C:\THA105_WebApp\apache-tomcat-9.0.65\webapps\examples]
19-Jan-2024 13:49:00.515 INFO [main] org.apache.jasper.servlet.TldScanner.scanJars At least one JAR was scanned for TLDs yet contained no TLDs. Enable debug logging for this logger for a complete list of JARs that were scanned but no TLDs were found in them. Skipping unneeded JARs during scanning can improve startup time and JSP compilation time.
19-Jan-2024 13:49:00.573 INFO [main] org.apache.catalina.startup.HostConfig.deployDirectory Deployment of web application directory [C:\THA105_WebApp\apache-tomcat-9.0.65\webapps\examples] has finished in [949] ms
19-Jan-2024 13:49:00.574 INFO [main] org.apache.catalina.startup.HostConfig.deployDirectory Deploying web application directory [C:\THA105_WebApp\apache-tomcat-9.0.65\webapps\host-manager]
19-Jan-2024 13:49:01.329 INFO [main] org.apache.jasper.servlet.TldScanner.scanJars At least one JAR was scanned for TLDs yet contained no TLDs. Enable debug logging for this logger for a complete list of JARs that were scanned but no TLDs were found in them. Skipping unneeded JARs during scanning can improve startup time and JSP compilation time.
19-Jan-2024 13:49:01.342 INFO [main] org.apache.catalina.startup.HostConfig.deployDirectory Deployment of web application directory [C:\THA105_WebApp\apache-tomcat-9.0.65\webapps\host-manager] has finished in [768] ms
19-Jan-2024 13:49:01.343 INFO [main] org.apache.catalina.startup.HostConfig.deployDirectory Deploying web application directory [C:\THA105_WebApp\apache-tomcat-9.0.65\webapps\IBM_9]
19-Jan-2024 13:49:02.016 INFO [main] org.apache.jasper.servlet.TldScanner.scanJars At least one JAR was scanned for TLDs yet contained no TLDs. Enable debug logging for this logger for a complete list of JARs that were scanned but no TLDs were found in them. Skipping unneeded JARs during scanning can improve startup time and JSP compilation time.
19-Jan-2024 13:49:02.019 INFO [main] org.apache.catalina.startup.HostConfig.deployDirectory Deployment of web application directory [C:\THA105_WebApp\apache-tomcat-9.0.65\webapps\IBM_9] has finished in [676] ms
19-Jan-2024 13:49:02.020 INFO [main] org.apache.catalina.startup.HostConfig.deployDirectory Deploying web application directory [C:\THA105_WebApp\apache-tomcat-9.0.65\webapps\manager]
19-Jan-2024 13:49:02.660 INFO [main] org.apache.jasper.servlet.TldScanner.scanJars At least one JAR was scanned for TLDs yet contained no TLDs. Enable debug logging for this logger for a complete list of JARs that were scanned but no TLDs were found in them. Skipping unneeded JARs during scanning can improve startup time and JSP compilation time.
19-Jan-2024 13:49:02.663 INFO [main] org.apache.catalina.startup.HostConfig.deployDirectory Deployment of web application directory [C:\THA105_WebApp\apache-tomcat-9.0.65\webapps\manager] has finished in [642] ms
19-Jan-2024 13:49:02.663 INFO [main] org.apache.catalina.startup.HostConfig.deployDirectory Deploying web application directory [C:\THA105_WebApp\apache-tomcat-9.0.65\webapps\ROOT]
19-Jan-2024 13:49:03.231 INFO [main] org.apache.jasper.servlet.TldScanner.scanJars At least one JAR was scanned for TLDs yet contained no TLDs. Enable debug logging for this logger for a complete list of JARs that were scanned but no TLDs were found in them. Skipping unneeded JARs during scanning can improve startup time and JSP compilation time.
19-Jan-2024 13:49:03.234 INFO [main] org.apache.catalina.startup.HostConfig.deployDirectory Deployment of web application directory [C:\THA105_WebApp\apache-tomcat-9.0.65\webapps\ROOT] has finished in [571] ms
19-Jan-2024 13:49:03.239 INFO [main] org.apache.catalina.startup.Catalina.start Server startup in [7470] milliseconds
19-Jan-2024 13:49:03.244 SEVERE [main] org.apache.catalina.core.StandardServer.await Failed to create server shutdown socket on address [localhost] and port [8005] (base port [8005] and offset [0])
	java.net.BindException: Address already in use: bind
		at java.base/sun.nio.ch.Net.bind0(Native Method)
		at java.base/sun.nio.ch.Net.bind(Net.java:555)
		at java.base/sun.nio.ch.Net.bind(Net.java:544)
		at java.base/sun.nio.ch.NioSocketImpl.bind(NioSocketImpl.java:643)
		at java.base/java.net.ServerSocket.bind(ServerSocket.java:388)
		at java.base/java.net.ServerSocket.<init>(ServerSocket.java:274)
		at org.apache.catalina.core.StandardServer.await(StandardServer.java:580)
		at org.apache.catalina.startup.Catalina.await(Catalina.java:864)
		at org.apache.catalina.startup.Catalina.start(Catalina.java:810)
		at java.base/jdk.internal.reflect.NativeMethodAccessorImpl.invoke0(Native Method)
		at java.base/jdk.internal.reflect.NativeMethodAccessorImpl.invoke(NativeMethodAccessorImpl.java:77)
		at java.base/jdk.internal.reflect.DelegatingMethodAccessorImpl.invoke(DelegatingMethodAccessorImpl.java:43)
		at java.base/java.lang.reflect.Method.invoke(Method.java:568)
		at org.apache.catalina.startup.Bootstrap.start(Bootstrap.java:345)
		at org.apache.catalina.startup.Bootstrap.main(Bootstrap.java:476)
19-Jan-2024 13:49:03.245 INFO [main] org.apache.coyote.AbstractProtocol.pause Pausing ProtocolHandler ["http-nio-8081"]
19-Jan-2024 13:49:03.245 INFO [main] org.apache.catalina.core.StandardService.stopInternal Stopping service [Catalina]
19-Jan-2024 13:49:03.277 INFO [main] org.apache.coyote.AbstractProtocol.stop Stopping ProtocolHandler ["http-nio-8081"]
19-Jan-2024 13:49:03.280 INFO [main] org.apache.coyote.AbstractProtocol.destroy Destroying ProtocolHandler ["http-nio-8081"]
19-Jan-2024 13:53:57.953 INFO [main] org.apache.catalina.startup.VersionLoggerListener.log Server version name:   Apache Tomcat/9.0.65
19-Jan-2024 13:53:57.958 INFO [main] org.apache.catalina.startup.VersionLoggerListener.log Server built:          Jul 14 2022 12:28:53 UTC
19-Jan-2024 13:53:57.958 INFO [main] org.apache.catalina.startup.VersionLoggerListener.log Server version number: 9.0.65.0
19-Jan-2024 13:53:57.959 INFO [main] org.apache.catalina.startup.VersionLoggerListener.log OS Name:               Windows 10
19-Jan-2024 13:53:57.959 INFO [main] org.apache.catalina.startup.VersionLoggerListener.log OS Version:            10.0
19-Jan-2024 13:53:57.960 INFO [main] org.apache.catalina.startup.VersionLoggerListener.log Architecture:          amd64
19-Jan-2024 13:53:57.960 INFO [main] org.apache.catalina.startup.VersionLoggerListener.log Java Home:             C:\jdk-17.0.6
19-Jan-2024 13:53:57.960 INFO [main] org.apache.catalina.startup.VersionLoggerListener.log JVM Version:           17.0.6+9-LTS-190
19-Jan-2024 13:53:57.960 INFO [main] org.apache.catalina.startup.VersionLoggerListener.log JVM Vendor:            Oracle Corporation
19-Jan-2024 13:53:57.961 INFO [main] org.apache.catalina.startup.VersionLoggerListener.log CATALINA_BASE:         C:\THA105_WebApp\apache-tomcat-9.0.65
19-Jan-2024 13:53:57.961 INFO [main] org.apache.catalina.startup.VersionLoggerListener.log CATALINA_HOME:         C:\THA105_WebApp\apache-tomcat-9.0.65
19-Jan-2024 13:53:57.970 INFO [main] org.apache.catalina.startup.VersionLoggerListener.log Command line argument: --add-opens=java.base/java.lang=ALL-UNNAMED
19-Jan-2024 13:53:57.972 INFO [main] org.apache.catalina.startup.VersionLoggerListener.log Command line argument: --add-opens=java.base/java.io=ALL-UNNAMED
19-Jan-2024 13:53:57.972 INFO [main] org.apache.catalina.startup.VersionLoggerListener.log Command line argument: --add-opens=java.base/java.util=ALL-UNNAMED
19-Jan-2024 13:53:57.972 INFO [main] org.apache.catalina.startup.VersionLoggerListener.log Command line argument: --add-opens=java.base/java.util.concurrent=ALL-UNNAMED
19-Jan-2024 13:53:57.973 INFO [main] org.apache.catalina.startup.VersionLoggerListener.log Command line argument: --add-opens=java.rmi/sun.rmi.transport=ALL-UNNAMED
19-Jan-2024 13:53:57.974 INFO [main] org.apache.catalina.startup.VersionLoggerListener.log Command line argument: -Djava.util.logging.config.file=C:\THA105_WebApp\apache-tomcat-9.0.65\conf\logging.properties
19-Jan-2024 13:53:57.975 INFO [main] org.apache.catalina.startup.VersionLoggerListener.log Command line argument: -Djava.util.logging.manager=org.apache.juli.ClassLoaderLogManager
19-Jan-2024 13:53:57.976 INFO [main] org.apache.catalina.startup.VersionLoggerListener.log Command line argument: -Djdk.tls.ephemeralDHKeySize=2048
19-Jan-2024 13:53:57.976 INFO [main] org.apache.catalina.startup.VersionLoggerListener.log Command line argument: -Djava.protocol.handler.pkgs=org.apache.catalina.webresources
19-Jan-2024 13:53:57.977 INFO [main] org.apache.catalina.startup.VersionLoggerListener.log Command line argument: -Dignore.endorsed.dirs=
19-Jan-2024 13:53:57.977 INFO [main] org.apache.catalina.startup.VersionLoggerListener.log Command line argument: -Dcatalina.base=C:\THA105_WebApp\apache-tomcat-9.0.65
19-Jan-2024 13:53:57.978 INFO [main] org.apache.catalina.startup.VersionLoggerListener.log Command line argument: -Dcatalina.home=C:\THA105_WebApp\apache-tomcat-9.0.65
19-Jan-2024 13:53:57.979 INFO [main] org.apache.catalina.startup.VersionLoggerListener.log Command line argument: -Djava.io.tmpdir=C:\THA105_WebApp\apache-tomcat-9.0.65\temp
19-Jan-2024 13:53:57.992 INFO [main] org.apache.catalina.core.AprLifecycleListener.lifecycleEvent The Apache Tomcat Native library which allows using OpenSSL was not found on the java.library.path: [C:\jdk-17.0.6\bin;C:\WINDOWS\Sun\Java\bin;C:\WINDOWS\system32;C:\WINDOWS;C:\jdk-17.0.6\bin;C:\Program Files\Common Files\Oracle\Java\javapath;C:\Windows\system32;C:\Windows;C:\Windows\System32\Wbem;C:\Windows\System32\WindowsPowerShell\v1.0\;C:\Windows\System32\OpenSSH\;C:\Program Files (x86)\NVIDIA Corporation\PhysX\Common;C:\Program Files\NVIDIA Corporation\NVIDIA NvDLISR;C:\WINDOWS\system32;C:\WINDOWS;C:\WINDOWS\System32\Wbem;C:\WINDOWS\System32\WindowsPowerShell\v1.0\;C:\WINDOWS\System32\OpenSSH\;C:\Program Files\Bandizip\;C:\Program Files\Docker\Docker\resources\bin;C:\Program Files\Git\cmd;C:\Redis\;C:\Users\EX14\AppData\Local\Programs\Microsoft VS Code\bin;C:\Program Files\nodejs\;C:\Users\EX14\AppData\Roaming\npm;C:\PROGRA~2\IDMCOM~1\ULTRAE~1;C:\Users\EX14\AppData\Roaming\npm;;.]
19-Jan-2024 13:53:58.359 INFO [main] org.apache.coyote.AbstractProtocol.init Initializing ProtocolHandler ["http-nio-8081"]
19-Jan-2024 13:53:58.384 SEVERE [main] org.apache.catalina.util.LifecycleBase.handleSubClassException Failed to initialize component [Connector[HTTP/1.1-8081]]
	org.apache.catalina.LifecycleException: Protocol handler initialization failed
		at org.apache.catalina.connector.Connector.initInternal(Connector.java:1051)
		at org.apache.catalina.util.LifecycleBase.init(LifecycleBase.java:136)
		at org.apache.catalina.core.StandardService.initInternal(StandardService.java:556)
		at org.apache.catalina.util.LifecycleBase.init(LifecycleBase.java:136)
		at org.apache.catalina.core.StandardServer.initInternal(StandardServer.java:1045)
		at org.apache.catalina.util.LifecycleBase.init(LifecycleBase.java:136)
		at org.apache.catalina.startup.Catalina.load(Catalina.java:724)
		at org.apache.catalina.startup.Catalina.load(Catalina.java:746)
		at java.base/jdk.internal.reflect.NativeMethodAccessorImpl.invoke0(Native Method)
		at java.base/jdk.internal.reflect.NativeMethodAccessorImpl.invoke(NativeMethodAccessorImpl.java:77)
		at java.base/jdk.internal.reflect.DelegatingMethodAccessorImpl.invoke(DelegatingMethodAccessorImpl.java:43)
		at java.base/java.lang.reflect.Method.invoke(Method.java:568)
		at org.apache.catalina.startup.Bootstrap.load(Bootstrap.java:305)
		at org.apache.catalina.startup.Bootstrap.main(Bootstrap.java:475)
	Caused by: java.net.BindException: Address already in use: bind
		at java.base/sun.nio.ch.Net.bind0(Native Method)
		at java.base/sun.nio.ch.Net.bind(Net.java:555)
		at java.base/sun.nio.ch.ServerSocketChannelImpl.netBind(ServerSocketChannelImpl.java:337)
		at java.base/sun.nio.ch.ServerSocketChannelImpl.bind(ServerSocketChannelImpl.java:294)
		at org.apache.tomcat.util.net.NioEndpoint.initServerSocket(NioEndpoint.java:275)
		at org.apache.tomcat.util.net.NioEndpoint.bind(NioEndpoint.java:230)
		at org.apache.tomcat.util.net.AbstractEndpoint.bindWithCleanup(AbstractEndpoint.java:1227)
		at org.apache.tomcat.util.net.AbstractEndpoint.init(AbstractEndpoint.java:1240)
		at org.apache.coyote.AbstractProtocol.init(AbstractProtocol.java:603)
		at org.apache.coyote.http11.AbstractHttp11Protocol.init(AbstractHttp11Protocol.java:80)
		at org.apache.catalina.connector.Connector.initInternal(Connector.java:1048)
		... 13 more
19-Jan-2024 13:53:58.387 INFO [main] org.apache.catalina.startup.Catalina.load Server initialization in [642] milliseconds
19-Jan-2024 13:53:58.469 INFO [main] org.apache.catalina.core.StandardService.startInternal Starting service [Catalina]
19-Jan-2024 13:53:58.469 INFO [main] org.apache.catalina.core.StandardEngine.startInternal Starting Servlet engine: [Apache Tomcat/9.0.65]
19-Jan-2024 13:53:58.501 INFO [main] org.apache.catalina.startup.HostConfig.deployWAR Deploying web application archive [C:\THA105_WebApp\apache-tomcat-9.0.65\webapps\IBM.war]
19-Jan-2024 13:53:59.727 INFO [main] org.apache.jasper.servlet.TldScanner.scanJars At least one JAR was scanned for TLDs yet contained no TLDs. Enable debug logging for this logger for a complete list of JARs that were scanned but no TLDs were found in them. Skipping unneeded JARs during scanning can improve startup time and JSP compilation time.
19-Jan-2024 13:53:59.830 INFO [main] org.apache.catalina.startup.HostConfig.deployWAR Deployment of web application archive [C:\THA105_WebApp\apache-tomcat-9.0.65\webapps\IBM.war] has finished in [1,328] ms
19-Jan-2024 13:53:59.832 INFO [main] org.apache.catalina.startup.HostConfig.deployWAR Deploying web application archive [C:\THA105_WebApp\apache-tomcat-9.0.65\webapps\IBM2.war]
19-Jan-2024 13:54:00.766 INFO [main] org.apache.jasper.servlet.TldScanner.scanJars At least one JAR was scanned for TLDs yet contained no TLDs. Enable debug logging for this logger for a complete list of JARs that were scanned but no TLDs were found in them. Skipping unneeded JARs during scanning can improve startup time and JSP compilation time.
19-Jan-2024 13:54:00.772 INFO [main] org.apache.catalina.startup.HostConfig.deployWAR Deployment of web application archive [C:\THA105_WebApp\apache-tomcat-9.0.65\webapps\IBM2.war] has finished in [940] ms
19-Jan-2024 13:54:00.774 INFO [main] org.apache.catalina.startup.HostConfig.deployWAR Deploying web application archive [C:\THA105_WebApp\apache-tomcat-9.0.65\webapps\Servlet4.war]
19-Jan-2024 13:54:01.539 INFO [main] org.apache.jasper.servlet.TldScanner.scanJars At least one JAR was scanned for TLDs yet contained no TLDs. Enable debug logging for this logger for a complete list of JARs that were scanned but no TLDs were found in them. Skipping unneeded JARs during scanning can improve startup time and JSP compilation time.
19-Jan-2024 13:54:01.543 INFO [main] org.apache.catalina.startup.HostConfig.deployWAR Deployment of web application archive [C:\THA105_WebApp\apache-tomcat-9.0.65\webapps\Servlet4.war] has finished in [768] ms
19-Jan-2024 13:54:01.544 INFO [main] org.apache.catalina.startup.HostConfig.deployDirectory Deploying web application directory [C:\THA105_WebApp\apache-tomcat-9.0.65\webapps\docs]
19-Jan-2024 13:54:02.067 INFO [main] org.apache.jasper.servlet.TldScanner.scanJars At least one JAR was scanned for TLDs yet contained no TLDs. Enable debug logging for this logger for a complete list of JARs that were scanned but no TLDs were found in them. Skipping unneeded JARs during scanning can improve startup time and JSP compilation time.
19-Jan-2024 13:54:02.069 INFO [main] org.apache.catalina.startup.HostConfig.deployDirectory Deployment of web application directory [C:\THA105_WebApp\apache-tomcat-9.0.65\webapps\docs] has finished in [525] ms
19-Jan-2024 13:54:02.070 INFO [main] org.apache.catalina.startup.HostConfig.deployDirectory Deploying web application directory [C:\THA105_WebApp\apache-tomcat-9.0.65\webapps\examples]
19-Jan-2024 13:54:02.807 INFO [main] org.apache.jasper.servlet.TldScanner.scanJars At least one JAR was scanned for TLDs yet contained no TLDs. Enable debug logging for this logger for a complete list of JARs that were scanned but no TLDs were found in them. Skipping unneeded JARs during scanning can improve startup time and JSP compilation time.
19-Jan-2024 13:54:02.872 INFO [main] org.apache.catalina.startup.HostConfig.deployDirectory Deployment of web application directory [C:\THA105_WebApp\apache-tomcat-9.0.65\webapps\examples] has finished in [801] ms
19-Jan-2024 13:54:02.872 INFO [main] org.apache.catalina.startup.HostConfig.deployDirectory Deploying web application directory [C:\THA105_WebApp\apache-tomcat-9.0.65\webapps\host-manager]
19-Jan-2024 13:54:03.602 INFO [main] org.apache.jasper.servlet.TldScanner.scanJars At least one JAR was scanned for TLDs yet contained no TLDs. Enable debug logging for this logger for a complete list of JARs that were scanned but no TLDs were found in them. Skipping unneeded JARs during scanning can improve startup time and JSP compilation time.
19-Jan-2024 13:54:03.613 INFO [main] org.apache.catalina.startup.HostConfig.deployDirectory Deployment of web application directory [C:\THA105_WebApp\apache-tomcat-9.0.65\webapps\host-manager] has finished in [740] ms
19-Jan-2024 13:54:03.614 INFO [main] org.apache.catalina.startup.HostConfig.deployDirectory Deploying web application directory [C:\THA105_WebApp\apache-tomcat-9.0.65\webapps\IBM_9]
19-Jan-2024 13:54:04.256 INFO [main] org.apache.jasper.servlet.TldScanner.scanJars At least one JAR was scanned for TLDs yet contained no TLDs. Enable debug logging for this logger for a complete list of JARs that were scanned but no TLDs were found in them. Skipping unneeded JARs during scanning can improve startup time and JSP compilation time.
19-Jan-2024 13:54:04.260 INFO [main] org.apache.catalina.startup.HostConfig.deployDirectory Deployment of web application directory [C:\THA105_WebApp\apache-tomcat-9.0.65\webapps\IBM_9] has finished in [646] ms
19-Jan-2024 13:54:04.261 INFO [main] org.apache.catalina.startup.HostConfig.deployDirectory Deploying web application directory [C:\THA105_WebApp\apache-tomcat-9.0.65\webapps\manager]
19-Jan-2024 13:54:04.808 INFO [main] org.apache.jasper.servlet.TldScanner.scanJars At least one JAR was scanned for TLDs yet contained no TLDs. Enable debug logging for this logger for a complete list of JARs that were scanned but no TLDs were found in them. Skipping unneeded JARs during scanning can improve startup time and JSP compilation time.
19-Jan-2024 13:54:04.811 INFO [main] org.apache.catalina.startup.HostConfig.deployDirectory Deployment of web application directory [C:\THA105_WebApp\apache-tomcat-9.0.65\webapps\manager] has finished in [550] ms
19-Jan-2024 13:54:04.812 INFO [main] org.apache.catalina.startup.HostConfig.deployDirectory Deploying web application directory [C:\THA105_WebApp\apache-tomcat-9.0.65\webapps\ROOT]
19-Jan-2024 13:54:05.310 INFO [main] org.apache.jasper.servlet.TldScanner.scanJars At least one JAR was scanned for TLDs yet contained no TLDs. Enable debug logging for this logger for a complete list of JARs that were scanned but no TLDs were found in them. Skipping unneeded JARs during scanning can improve startup time and JSP compilation time.
19-Jan-2024 13:54:05.312 INFO [main] org.apache.catalina.startup.HostConfig.deployDirectory Deployment of web application directory [C:\THA105_WebApp\apache-tomcat-9.0.65\webapps\ROOT] has finished in [500] ms
19-Jan-2024 13:54:05.318 INFO [main] org.apache.catalina.startup.Catalina.start Server startup in [6930] milliseconds
19-Jan-2024 13:54:05.323 SEVERE [main] org.apache.catalina.core.StandardServer.await Failed to create server shutdown socket on address [localhost] and port [8005] (base port [8005] and offset [0])
	java.net.BindException: Address already in use: bind
		at java.base/sun.nio.ch.Net.bind0(Native Method)
		at java.base/sun.nio.ch.Net.bind(Net.java:555)
		at java.base/sun.nio.ch.Net.bind(Net.java:544)
		at java.base/sun.nio.ch.NioSocketImpl.bind(NioSocketImpl.java:643)
		at java.base/java.net.ServerSocket.bind(ServerSocket.java:388)
		at java.base/java.net.ServerSocket.<init>(ServerSocket.java:274)
		at org.apache.catalina.core.StandardServer.await(StandardServer.java:580)
		at org.apache.catalina.startup.Catalina.await(Catalina.java:864)
		at org.apache.catalina.startup.Catalina.start(Catalina.java:810)
		at java.base/jdk.internal.reflect.NativeMethodAccessorImpl.invoke0(Native Method)
		at java.base/jdk.internal.reflect.NativeMethodAccessorImpl.invoke(NativeMethodAccessorImpl.java:77)
		at java.base/jdk.internal.reflect.DelegatingMethodAccessorImpl.invoke(DelegatingMethodAccessorImpl.java:43)
		at java.base/java.lang.reflect.Method.invoke(Method.java:568)
		at org.apache.catalina.startup.Bootstrap.start(Bootstrap.java:345)
		at org.apache.catalina.startup.Bootstrap.main(Bootstrap.java:476)
19-Jan-2024 13:54:05.323 INFO [main] org.apache.coyote.AbstractProtocol.pause Pausing ProtocolHandler ["http-nio-8081"]
19-Jan-2024 13:54:05.324 INFO [main] org.apache.catalina.core.StandardService.stopInternal Stopping service [Catalina]
19-Jan-2024 13:54:05.349 INFO [main] org.apache.coyote.AbstractProtocol.stop Stopping ProtocolHandler ["http-nio-8081"]
19-Jan-2024 13:54:05.351 INFO [main] org.apache.coyote.AbstractProtocol.destroy Destroying ProtocolHandler ["http-nio-8081"]
19-Jan-2024 14:26:38.960 INFO [main] org.apache.catalina.startup.VersionLoggerListener.log Server version name:   Apache Tomcat/9.0.65
19-Jan-2024 14:26:38.965 INFO [main] org.apache.catalina.startup.VersionLoggerListener.log Server built:          Jul 14 2022 12:28:53 UTC
19-Jan-2024 14:26:38.965 INFO [main] org.apache.catalina.startup.VersionLoggerListener.log Server version number: 9.0.65.0
19-Jan-2024 14:26:38.966 INFO [main] org.apache.catalina.startup.VersionLoggerListener.log OS Name:               Windows 10
19-Jan-2024 14:26:38.966 INFO [main] org.apache.catalina.startup.VersionLoggerListener.log OS Version:            10.0
19-Jan-2024 14:26:38.966 INFO [main] org.apache.catalina.startup.VersionLoggerListener.log Architecture:          amd64
19-Jan-2024 14:26:38.967 INFO [main] org.apache.catalina.startup.VersionLoggerListener.log Java Home:             C:\jdk-17.0.6
19-Jan-2024 14:26:38.967 INFO [main] org.apache.catalina.startup.VersionLoggerListener.log JVM Version:           17.0.6+9-LTS-190
19-Jan-2024 14:26:38.967 INFO [main] org.apache.catalina.startup.VersionLoggerListener.log JVM Vendor:            Oracle Corporation
19-Jan-2024 14:26:38.968 INFO [main] org.apache.catalina.startup.VersionLoggerListener.log CATALINA_BASE:         C:\THA105_WebApp\apache-tomcat-9.0.65
19-Jan-2024 14:26:38.968 INFO [main] org.apache.catalina.startup.VersionLoggerListener.log CATALINA_HOME:         C:\THA105_WebApp\apache-tomcat-9.0.65
19-Jan-2024 14:26:38.981 INFO [main] org.apache.catalina.startup.VersionLoggerListener.log Command line argument: --add-opens=java.base/java.lang=ALL-UNNAMED
19-Jan-2024 14:26:38.981 INFO [main] org.apache.catalina.startup.VersionLoggerListener.log Command line argument: --add-opens=java.base/java.io=ALL-UNNAMED
19-Jan-2024 14:26:38.982 INFO [main] org.apache.catalina.startup.VersionLoggerListener.log Command line argument: --add-opens=java.base/java.util=ALL-UNNAMED
19-Jan-2024 14:26:38.982 INFO [main] org.apache.catalina.startup.VersionLoggerListener.log Command line argument: --add-opens=java.base/java.util.concurrent=ALL-UNNAMED
19-Jan-2024 14:26:38.982 INFO [main] org.apache.catalina.startup.VersionLoggerListener.log Command line argument: --add-opens=java.rmi/sun.rmi.transport=ALL-UNNAMED
19-Jan-2024 14:26:38.983 INFO [main] org.apache.catalina.startup.VersionLoggerListener.log Command line argument: -Djava.util.logging.config.file=C:\THA105_WebApp\apache-tomcat-9.0.65\conf\logging.properties
19-Jan-2024 14:26:38.984 INFO [main] org.apache.catalina.startup.VersionLoggerListener.log Command line argument: -Djava.util.logging.manager=org.apache.juli.ClassLoaderLogManager
19-Jan-2024 14:26:38.984 INFO [main] org.apache.catalina.startup.VersionLoggerListener.log Command line argument: -Djdk.tls.ephemeralDHKeySize=2048
19-Jan-2024 14:26:38.985 INFO [main] org.apache.catalina.startup.VersionLoggerListener.log Command line argument: -Djava.protocol.handler.pkgs=org.apache.catalina.webresources
19-Jan-2024 14:26:38.985 INFO [main] org.apache.catalina.startup.VersionLoggerListener.log Command line argument: -Dignore.endorsed.dirs=
19-Jan-2024 14:26:38.986 INFO [main] org.apache.catalina.startup.VersionLoggerListener.log Command line argument: -Dcatalina.base=C:\THA105_WebApp\apache-tomcat-9.0.65
19-Jan-2024 14:26:38.986 INFO [main] org.apache.catalina.startup.VersionLoggerListener.log Command line argument: -Dcatalina.home=C:\THA105_WebApp\apache-tomcat-9.0.65
19-Jan-2024 14:26:38.991 INFO [main] org.apache.catalina.startup.VersionLoggerListener.log Command line argument: -Djava.io.tmpdir=C:\THA105_WebApp\apache-tomcat-9.0.65\temp
19-Jan-2024 14:26:39.005 INFO [main] org.apache.catalina.core.AprLifecycleListener.lifecycleEvent The Apache Tomcat Native library which allows using OpenSSL was not found on the java.library.path: [C:\jdk-17.0.6\bin;C:\WINDOWS\Sun\Java\bin;C:\WINDOWS\system32;C:\WINDOWS;C:\jdk-17.0.6\bin;C:\Program Files\Common Files\Oracle\Java\javapath;C:\Windows\system32;C:\Windows;C:\Windows\System32\Wbem;C:\Windows\System32\WindowsPowerShell\v1.0\;C:\Windows\System32\OpenSSH\;C:\Program Files (x86)\NVIDIA Corporation\PhysX\Common;C:\Program Files\NVIDIA Corporation\NVIDIA NvDLISR;C:\WINDOWS\system32;C:\WINDOWS;C:\WINDOWS\System32\Wbem;C:\WINDOWS\System32\WindowsPowerShell\v1.0\;C:\WINDOWS\System32\OpenSSH\;C:\Program Files\Bandizip\;C:\Program Files\Docker\Docker\resources\bin;C:\Program Files\Git\cmd;C:\Redis\;C:\Users\EX14\AppData\Local\Programs\Microsoft VS Code\bin;C:\Program Files\nodejs\;C:\Users\EX14\AppData\Roaming\npm;C:\PROGRA~2\IDMCOM~1\ULTRAE~1;C:\Users\EX14\AppData\Roaming\npm;;.]
19-Jan-2024 14:26:39.413 INFO [main] org.apache.coyote.AbstractProtocol.init Initializing ProtocolHandler ["http-nio-8081"]
19-Jan-2024 14:26:39.441 SEVERE [main] org.apache.catalina.util.LifecycleBase.handleSubClassException Failed to initialize component [Connector[HTTP/1.1-8081]]
	org.apache.catalina.LifecycleException: Protocol handler initialization failed
		at org.apache.catalina.connector.Connector.initInternal(Connector.java:1051)
		at org.apache.catalina.util.LifecycleBase.init(LifecycleBase.java:136)
		at org.apache.catalina.core.StandardService.initInternal(StandardService.java:556)
		at org.apache.catalina.util.LifecycleBase.init(LifecycleBase.java:136)
		at org.apache.catalina.core.StandardServer.initInternal(StandardServer.java:1045)
		at org.apache.catalina.util.LifecycleBase.init(LifecycleBase.java:136)
		at org.apache.catalina.startup.Catalina.load(Catalina.java:724)
		at org.apache.catalina.startup.Catalina.load(Catalina.java:746)
		at java.base/jdk.internal.reflect.NativeMethodAccessorImpl.invoke0(Native Method)
		at java.base/jdk.internal.reflect.NativeMethodAccessorImpl.invoke(NativeMethodAccessorImpl.java:77)
		at java.base/jdk.internal.reflect.DelegatingMethodAccessorImpl.invoke(DelegatingMethodAccessorImpl.java:43)
		at java.base/java.lang.reflect.Method.invoke(Method.java:568)
		at org.apache.catalina.startup.Bootstrap.load(Bootstrap.java:305)
		at org.apache.catalina.startup.Bootstrap.main(Bootstrap.java:475)
	Caused by: java.net.BindException: Address already in use: bind
		at java.base/sun.nio.ch.Net.bind0(Native Method)
		at java.base/sun.nio.ch.Net.bind(Net.java:555)
		at java.base/sun.nio.ch.ServerSocketChannelImpl.netBind(ServerSocketChannelImpl.java:337)
		at java.base/sun.nio.ch.ServerSocketChannelImpl.bind(ServerSocketChannelImpl.java:294)
		at org.apache.tomcat.util.net.NioEndpoint.initServerSocket(NioEndpoint.java:275)
		at org.apache.tomcat.util.net.NioEndpoint.bind(NioEndpoint.java:230)
		at org.apache.tomcat.util.net.AbstractEndpoint.bindWithCleanup(AbstractEndpoint.java:1227)
		at org.apache.tomcat.util.net.AbstractEndpoint.init(AbstractEndpoint.java:1240)
		at org.apache.coyote.AbstractProtocol.init(AbstractProtocol.java:603)
		at org.apache.coyote.http11.AbstractHttp11Protocol.init(AbstractHttp11Protocol.java:80)
		at org.apache.catalina.connector.Connector.initInternal(Connector.java:1048)
		... 13 more
19-Jan-2024 14:26:39.444 INFO [main] org.apache.catalina.startup.Catalina.load Server initialization in [713] milliseconds
19-Jan-2024 14:26:39.517 INFO [main] org.apache.catalina.core.StandardService.startInternal Starting service [Catalina]
19-Jan-2024 14:26:39.518 INFO [main] org.apache.catalina.core.StandardEngine.startInternal Starting Servlet engine: [Apache Tomcat/9.0.65]
19-Jan-2024 14:26:39.547 INFO [main] org.apache.catalina.startup.HostConfig.deployWAR Deploying web application archive [C:\THA105_WebApp\apache-tomcat-9.0.65\webapps\IBM.war]
19-Jan-2024 14:26:40.911 INFO [main] org.apache.jasper.servlet.TldScanner.scanJars At least one JAR was scanned for TLDs yet contained no TLDs. Enable debug logging for this logger for a complete list of JARs that were scanned but no TLDs were found in them. Skipping unneeded JARs during scanning can improve startup time and JSP compilation time.
19-Jan-2024 14:26:41.050 INFO [main] org.apache.catalina.startup.HostConfig.deployWAR Deployment of web application archive [C:\THA105_WebApp\apache-tomcat-9.0.65\webapps\IBM.war] has finished in [1,502] ms
19-Jan-2024 14:26:41.053 INFO [main] org.apache.catalina.startup.HostConfig.deployWAR Deploying web application archive [C:\THA105_WebApp\apache-tomcat-9.0.65\webapps\IBM2.war]
19-Jan-2024 14:26:42.106 INFO [main] org.apache.jasper.servlet.TldScanner.scanJars At least one JAR was scanned for TLDs yet contained no TLDs. Enable debug logging for this logger for a complete list of JARs that were scanned but no TLDs were found in them. Skipping unneeded JARs during scanning can improve startup time and JSP compilation time.
19-Jan-2024 14:26:42.113 INFO [main] org.apache.catalina.startup.HostConfig.deployWAR Deployment of web application archive [C:\THA105_WebApp\apache-tomcat-9.0.65\webapps\IBM2.war] has finished in [1,059] ms
19-Jan-2024 14:26:42.115 INFO [main] org.apache.catalina.startup.HostConfig.deployWAR Deploying web application archive [C:\THA105_WebApp\apache-tomcat-9.0.65\webapps\Servlet4.war]
19-Jan-2024 14:26:42.957 INFO [main] org.apache.jasper.servlet.TldScanner.scanJars At least one JAR was scanned for TLDs yet contained no TLDs. Enable debug logging for this logger for a complete list of JARs that were scanned but no TLDs were found in them. Skipping unneeded JARs during scanning can improve startup time and JSP compilation time.
19-Jan-2024 14:26:42.961 INFO [main] org.apache.catalina.startup.HostConfig.deployWAR Deployment of web application archive [C:\THA105_WebApp\apache-tomcat-9.0.65\webapps\Servlet4.war] has finished in [846] ms
19-Jan-2024 14:26:42.963 INFO [main] org.apache.catalina.startup.HostConfig.deployDirectory Deploying web application directory [C:\THA105_WebApp\apache-tomcat-9.0.65\webapps\docs]
19-Jan-2024 14:26:43.576 INFO [main] org.apache.jasper.servlet.TldScanner.scanJars At least one JAR was scanned for TLDs yet contained no TLDs. Enable debug logging for this logger for a complete list of JARs that were scanned but no TLDs were found in them. Skipping unneeded JARs during scanning can improve startup time and JSP compilation time.
19-Jan-2024 14:26:43.578 INFO [main] org.apache.catalina.startup.HostConfig.deployDirectory Deployment of web application directory [C:\THA105_WebApp\apache-tomcat-9.0.65\webapps\docs] has finished in [615] ms
19-Jan-2024 14:26:43.580 INFO [main] org.apache.catalina.startup.HostConfig.deployDirectory Deploying web application directory [C:\THA105_WebApp\apache-tomcat-9.0.65\webapps\examples]
19-Jan-2024 14:26:44.468 INFO [main] org.apache.jasper.servlet.TldScanner.scanJars At least one JAR was scanned for TLDs yet contained no TLDs. Enable debug logging for this logger for a complete list of JARs that were scanned but no TLDs were found in them. Skipping unneeded JARs during scanning can improve startup time and JSP compilation time.
19-Jan-2024 14:26:44.538 INFO [main] org.apache.catalina.startup.HostConfig.deployDirectory Deployment of web application directory [C:\THA105_WebApp\apache-tomcat-9.0.65\webapps\examples] has finished in [957] ms
19-Jan-2024 14:26:44.538 INFO [main] org.apache.catalina.startup.HostConfig.deployDirectory Deploying web application directory [C:\THA105_WebApp\apache-tomcat-9.0.65\webapps\host-manager]
19-Jan-2024 14:26:45.226 INFO [main] org.apache.jasper.servlet.TldScanner.scanJars At least one JAR was scanned for TLDs yet contained no TLDs. Enable debug logging for this logger for a complete list of JARs that were scanned but no TLDs were found in them. Skipping unneeded JARs during scanning can improve startup time and JSP compilation time.
19-Jan-2024 14:26:45.235 INFO [main] org.apache.catalina.startup.HostConfig.deployDirectory Deployment of web application directory [C:\THA105_WebApp\apache-tomcat-9.0.65\webapps\host-manager] has finished in [697] ms
19-Jan-2024 14:26:45.236 INFO [main] org.apache.catalina.startup.HostConfig.deployDirectory Deploying web application directory [C:\THA105_WebApp\apache-tomcat-9.0.65\webapps\IBM_9]
19-Jan-2024 14:26:45.939 INFO [main] org.apache.jasper.servlet.TldScanner.scanJars At least one JAR was scanned for TLDs yet contained no TLDs. Enable debug logging for this logger for a complete list of JARs that were scanned but no TLDs were found in them. Skipping unneeded JARs during scanning can improve startup time and JSP compilation time.
19-Jan-2024 14:26:45.942 INFO [main] org.apache.catalina.startup.HostConfig.deployDirectory Deployment of web application directory [C:\THA105_WebApp\apache-tomcat-9.0.65\webapps\IBM_9] has finished in [706] ms
19-Jan-2024 14:26:45.943 INFO [main] org.apache.catalina.startup.HostConfig.deployDirectory Deploying web application directory [C:\THA105_WebApp\apache-tomcat-9.0.65\webapps\manager]
19-Jan-2024 14:26:46.545 INFO [main] org.apache.jasper.servlet.TldScanner.scanJars At least one JAR was scanned for TLDs yet contained no TLDs. Enable debug logging for this logger for a complete list of JARs that were scanned but no TLDs were found in them. Skipping unneeded JARs during scanning can improve startup time and JSP compilation time.
19-Jan-2024 14:26:46.549 INFO [main] org.apache.catalina.startup.HostConfig.deployDirectory Deployment of web application directory [C:\THA105_WebApp\apache-tomcat-9.0.65\webapps\manager] has finished in [605] ms
19-Jan-2024 14:26:46.549 INFO [main] org.apache.catalina.startup.HostConfig.deployDirectory Deploying web application directory [C:\THA105_WebApp\apache-tomcat-9.0.65\webapps\ROOT]
19-Jan-2024 14:26:47.089 INFO [main] org.apache.jasper.servlet.TldScanner.scanJars At least one JAR was scanned for TLDs yet contained no TLDs. Enable debug logging for this logger for a complete list of JARs that were scanned but no TLDs were found in them. Skipping unneeded JARs during scanning can improve startup time and JSP compilation time.
19-Jan-2024 14:26:47.092 INFO [main] org.apache.catalina.startup.HostConfig.deployDirectory Deployment of web application directory [C:\THA105_WebApp\apache-tomcat-9.0.65\webapps\ROOT] has finished in [542] ms
19-Jan-2024 14:26:47.095 INFO [main] org.apache.catalina.startup.Catalina.start Server startup in [7651] milliseconds
19-Jan-2024 14:26:47.101 SEVERE [main] org.apache.catalina.core.StandardServer.await Failed to create server shutdown socket on address [localhost] and port [8005] (base port [8005] and offset [0])
	java.net.BindException: Address already in use: bind
		at java.base/sun.nio.ch.Net.bind0(Native Method)
		at java.base/sun.nio.ch.Net.bind(Net.java:555)
		at java.base/sun.nio.ch.Net.bind(Net.java:544)
		at java.base/sun.nio.ch.NioSocketImpl.bind(NioSocketImpl.java:643)
		at java.base/java.net.ServerSocket.bind(ServerSocket.java:388)
		at java.base/java.net.ServerSocket.<init>(ServerSocket.java:274)
		at org.apache.catalina.core.StandardServer.await(StandardServer.java:580)
		at org.apache.catalina.startup.Catalina.await(Catalina.java:864)
		at org.apache.catalina.startup.Catalina.start(Catalina.java:810)
		at java.base/jdk.internal.reflect.NativeMethodAccessorImpl.invoke0(Native Method)
		at java.base/jdk.internal.reflect.NativeMethodAccessorImpl.invoke(NativeMethodAccessorImpl.java:77)
		at java.base/jdk.internal.reflect.DelegatingMethodAccessorImpl.invoke(DelegatingMethodAccessorImpl.java:43)
		at java.base/java.lang.reflect.Method.invoke(Method.java:568)
		at org.apache.catalina.startup.Bootstrap.start(Bootstrap.java:345)
		at org.apache.catalina.startup.Bootstrap.main(Bootstrap.java:476)
19-Jan-2024 14:26:47.103 INFO [main] org.apache.coyote.AbstractProtocol.pause Pausing ProtocolHandler ["http-nio-8081"]
19-Jan-2024 14:26:47.103 INFO [main] org.apache.catalina.core.StandardService.stopInternal Stopping service [Catalina]
19-Jan-2024 14:26:47.131 INFO [main] org.apache.coyote.AbstractProtocol.stop Stopping ProtocolHandler ["http-nio-8081"]
19-Jan-2024 14:26:47.133 INFO [main] org.apache.coyote.AbstractProtocol.destroy Destroying ProtocolHandler ["http-nio-8081"]
19-Jan-2024 14:28:24.189 INFO [main] org.apache.catalina.startup.VersionLoggerListener.log Server version name:   Apache Tomcat/9.0.65
19-Jan-2024 14:28:24.193 INFO [main] org.apache.catalina.startup.VersionLoggerListener.log Server built:          Jul 14 2022 12:28:53 UTC
19-Jan-2024 14:28:24.194 INFO [main] org.apache.catalina.startup.VersionLoggerListener.log Server version number: 9.0.65.0
19-Jan-2024 14:28:24.194 INFO [main] org.apache.catalina.startup.VersionLoggerListener.log OS Name:               Windows 10
19-Jan-2024 14:28:24.194 INFO [main] org.apache.catalina.startup.VersionLoggerListener.log OS Version:            10.0
19-Jan-2024 14:28:24.195 INFO [main] org.apache.catalina.startup.VersionLoggerListener.log Architecture:          amd64
19-Jan-2024 14:28:24.195 INFO [main] org.apache.catalina.startup.VersionLoggerListener.log Java Home:             C:\jdk-17.0.6
19-Jan-2024 14:28:24.195 INFO [main] org.apache.catalina.startup.VersionLoggerListener.log JVM Version:           17.0.6+9-LTS-190
19-Jan-2024 14:28:24.196 INFO [main] org.apache.catalina.startup.VersionLoggerListener.log JVM Vendor:            Oracle Corporation
19-Jan-2024 14:28:24.197 INFO [main] org.apache.catalina.startup.VersionLoggerListener.log CATALINA_BASE:         C:\THA105_WebApp\apache-tomcat-9.0.65
19-Jan-2024 14:28:24.197 INFO [main] org.apache.catalina.startup.VersionLoggerListener.log CATALINA_HOME:         C:\THA105_WebApp\apache-tomcat-9.0.65
19-Jan-2024 14:28:24.206 INFO [main] org.apache.catalina.startup.VersionLoggerListener.log Command line argument: --add-opens=java.base/java.lang=ALL-UNNAMED
19-Jan-2024 14:28:24.207 INFO [main] org.apache.catalina.startup.VersionLoggerListener.log Command line argument: --add-opens=java.base/java.io=ALL-UNNAMED
19-Jan-2024 14:28:24.207 INFO [main] org.apache.catalina.startup.VersionLoggerListener.log Command line argument: --add-opens=java.base/java.util=ALL-UNNAMED
19-Jan-2024 14:28:24.207 INFO [main] org.apache.catalina.startup.VersionLoggerListener.log Command line argument: --add-opens=java.base/java.util.concurrent=ALL-UNNAMED
19-Jan-2024 14:28:24.208 INFO [main] org.apache.catalina.startup.VersionLoggerListener.log Command line argument: --add-opens=java.rmi/sun.rmi.transport=ALL-UNNAMED
19-Jan-2024 14:28:24.208 INFO [main] org.apache.catalina.startup.VersionLoggerListener.log Command line argument: -Djava.util.logging.config.file=C:\THA105_WebApp\apache-tomcat-9.0.65\conf\logging.properties
19-Jan-2024 14:28:24.209 INFO [main] org.apache.catalina.startup.VersionLoggerListener.log Command line argument: -Djava.util.logging.manager=org.apache.juli.ClassLoaderLogManager
19-Jan-2024 14:28:24.210 INFO [main] org.apache.catalina.startup.VersionLoggerListener.log Command line argument: -Djdk.tls.ephemeralDHKeySize=2048
19-Jan-2024 14:28:24.211 INFO [main] org.apache.catalina.startup.VersionLoggerListener.log Command line argument: -Djava.protocol.handler.pkgs=org.apache.catalina.webresources
19-Jan-2024 14:28:24.211 INFO [main] org.apache.catalina.startup.VersionLoggerListener.log Command line argument: -Dignore.endorsed.dirs=
19-Jan-2024 14:28:24.212 INFO [main] org.apache.catalina.startup.VersionLoggerListener.log Command line argument: -Dcatalina.base=C:\THA105_WebApp\apache-tomcat-9.0.65
19-Jan-2024 14:28:24.218 INFO [main] org.apache.catalina.startup.VersionLoggerListener.log Command line argument: -Dcatalina.home=C:\THA105_WebApp\apache-tomcat-9.0.65
19-Jan-2024 14:28:24.219 INFO [main] org.apache.catalina.startup.VersionLoggerListener.log Command line argument: -Djava.io.tmpdir=C:\THA105_WebApp\apache-tomcat-9.0.65\temp
19-Jan-2024 14:28:24.232 INFO [main] org.apache.catalina.core.AprLifecycleListener.lifecycleEvent The Apache Tomcat Native library which allows using OpenSSL was not found on the java.library.path: [C:\jdk-17.0.6\bin;C:\WINDOWS\Sun\Java\bin;C:\WINDOWS\system32;C:\WINDOWS;C:\jdk-17.0.6\bin;C:\Program Files\Common Files\Oracle\Java\javapath;C:\Windows\system32;C:\Windows;C:\Windows\System32\Wbem;C:\Windows\System32\WindowsPowerShell\v1.0\;C:\Windows\System32\OpenSSH\;C:\Program Files (x86)\NVIDIA Corporation\PhysX\Common;C:\Program Files\NVIDIA Corporation\NVIDIA NvDLISR;C:\WINDOWS\system32;C:\WINDOWS;C:\WINDOWS\System32\Wbem;C:\WINDOWS\System32\WindowsPowerShell\v1.0\;C:\WINDOWS\System32\OpenSSH\;C:\Program Files\Bandizip\;C:\Program Files\Docker\Docker\resources\bin;C:\Program Files\Git\cmd;C:\Redis\;C:\Users\EX14\AppData\Local\Programs\Microsoft VS Code\bin;C:\Program Files\nodejs\;C:\Users\EX14\AppData\Roaming\npm;C:\PROGRA~2\IDMCOM~1\ULTRAE~1;C:\Users\EX14\AppData\Roaming\npm;;.]
19-Jan-2024 14:28:24.681 INFO [main] org.apache.coyote.AbstractProtocol.init Initializing ProtocolHandler ["http-nio-8081"]
19-Jan-2024 14:28:24.710 SEVERE [main] org.apache.catalina.util.LifecycleBase.handleSubClassException Failed to initialize component [Connector[HTTP/1.1-8081]]
	org.apache.catalina.LifecycleException: Protocol handler initialization failed
		at org.apache.catalina.connector.Connector.initInternal(Connector.java:1051)
		at org.apache.catalina.util.LifecycleBase.init(LifecycleBase.java:136)
		at org.apache.catalina.core.StandardService.initInternal(StandardService.java:556)
		at org.apache.catalina.util.LifecycleBase.init(LifecycleBase.java:136)
		at org.apache.catalina.core.StandardServer.initInternal(StandardServer.java:1045)
		at org.apache.catalina.util.LifecycleBase.init(LifecycleBase.java:136)
		at org.apache.catalina.startup.Catalina.load(Catalina.java:724)
		at org.apache.catalina.startup.Catalina.load(Catalina.java:746)
		at java.base/jdk.internal.reflect.NativeMethodAccessorImpl.invoke0(Native Method)
		at java.base/jdk.internal.reflect.NativeMethodAccessorImpl.invoke(NativeMethodAccessorImpl.java:77)
		at java.base/jdk.internal.reflect.DelegatingMethodAccessorImpl.invoke(DelegatingMethodAccessorImpl.java:43)
		at java.base/java.lang.reflect.Method.invoke(Method.java:568)
		at org.apache.catalina.startup.Bootstrap.load(Bootstrap.java:305)
		at org.apache.catalina.startup.Bootstrap.main(Bootstrap.java:475)
	Caused by: java.net.BindException: Address already in use: bind
		at java.base/sun.nio.ch.Net.bind0(Native Method)
		at java.base/sun.nio.ch.Net.bind(Net.java:555)
		at java.base/sun.nio.ch.ServerSocketChannelImpl.netBind(ServerSocketChannelImpl.java:337)
		at java.base/sun.nio.ch.ServerSocketChannelImpl.bind(ServerSocketChannelImpl.java:294)
		at org.apache.tomcat.util.net.NioEndpoint.initServerSocket(NioEndpoint.java:275)
		at org.apache.tomcat.util.net.NioEndpoint.bind(NioEndpoint.java:230)
		at org.apache.tomcat.util.net.AbstractEndpoint.bindWithCleanup(AbstractEndpoint.java:1227)
		at org.apache.tomcat.util.net.AbstractEndpoint.init(AbstractEndpoint.java:1240)
		at org.apache.coyote.AbstractProtocol.init(AbstractProtocol.java:603)
		at org.apache.coyote.http11.AbstractHttp11Protocol.init(AbstractHttp11Protocol.java:80)
		at org.apache.catalina.connector.Connector.initInternal(Connector.java:1048)
		... 13 more
19-Jan-2024 14:28:24.715 INFO [main] org.apache.catalina.startup.Catalina.load Server initialization in [735] milliseconds
19-Jan-2024 14:28:24.796 INFO [main] org.apache.catalina.core.StandardService.startInternal Starting service [Catalina]
19-Jan-2024 14:28:24.797 INFO [main] org.apache.catalina.core.StandardEngine.startInternal Starting Servlet engine: [Apache Tomcat/9.0.65]
19-Jan-2024 14:28:24.823 INFO [main] org.apache.catalina.startup.HostConfig.deployWAR Deploying web application archive [C:\THA105_WebApp\apache-tomcat-9.0.65\webapps\IBM.war]
19-Jan-2024 14:28:26.030 INFO [main] org.apache.jasper.servlet.TldScanner.scanJars At least one JAR was scanned for TLDs yet contained no TLDs. Enable debug logging for this logger for a complete list of JARs that were scanned but no TLDs were found in them. Skipping unneeded JARs during scanning can improve startup time and JSP compilation time.
19-Jan-2024 14:28:26.135 INFO [main] org.apache.catalina.startup.HostConfig.deployWAR Deployment of web application archive [C:\THA105_WebApp\apache-tomcat-9.0.65\webapps\IBM.war] has finished in [1,311] ms
19-Jan-2024 14:28:26.137 INFO [main] org.apache.catalina.startup.HostConfig.deployWAR Deploying web application archive [C:\THA105_WebApp\apache-tomcat-9.0.65\webapps\IBM2.war]
19-Jan-2024 14:28:26.970 INFO [main] org.apache.jasper.servlet.TldScanner.scanJars At least one JAR was scanned for TLDs yet contained no TLDs. Enable debug logging for this logger for a complete list of JARs that were scanned but no TLDs were found in them. Skipping unneeded JARs during scanning can improve startup time and JSP compilation time.
19-Jan-2024 14:28:26.974 INFO [main] org.apache.catalina.startup.HostConfig.deployWAR Deployment of web application archive [C:\THA105_WebApp\apache-tomcat-9.0.65\webapps\IBM2.war] has finished in [837] ms
19-Jan-2024 14:28:26.976 INFO [main] org.apache.catalina.startup.HostConfig.deployWAR Deploying web application archive [C:\THA105_WebApp\apache-tomcat-9.0.65\webapps\Servlet4.war]
19-Jan-2024 14:28:27.585 INFO [main] org.apache.jasper.servlet.TldScanner.scanJars At least one JAR was scanned for TLDs yet contained no TLDs. Enable debug logging for this logger for a complete list of JARs that were scanned but no TLDs were found in them. Skipping unneeded JARs during scanning can improve startup time and JSP compilation time.
19-Jan-2024 14:28:27.589 INFO [main] org.apache.catalina.startup.HostConfig.deployWAR Deployment of web application archive [C:\THA105_WebApp\apache-tomcat-9.0.65\webapps\Servlet4.war] has finished in [613] ms
19-Jan-2024 14:28:27.590 INFO [main] org.apache.catalina.startup.HostConfig.deployDirectory Deploying web application directory [C:\THA105_WebApp\apache-tomcat-9.0.65\webapps\docs]
19-Jan-2024 14:28:28.071 INFO [main] org.apache.jasper.servlet.TldScanner.scanJars At least one JAR was scanned for TLDs yet contained no TLDs. Enable debug logging for this logger for a complete list of JARs that were scanned but no TLDs were found in them. Skipping unneeded JARs during scanning can improve startup time and JSP compilation time.
19-Jan-2024 14:28:28.074 INFO [main] org.apache.catalina.startup.HostConfig.deployDirectory Deployment of web application directory [C:\THA105_WebApp\apache-tomcat-9.0.65\webapps\docs] has finished in [484] ms
19-Jan-2024 14:28:28.075 INFO [main] org.apache.catalina.startup.HostConfig.deployDirectory Deploying web application directory [C:\THA105_WebApp\apache-tomcat-9.0.65\webapps\examples]
19-Jan-2024 14:28:28.809 INFO [main] org.apache.jasper.servlet.TldScanner.scanJars At least one JAR was scanned for TLDs yet contained no TLDs. Enable debug logging for this logger for a complete list of JARs that were scanned but no TLDs were found in them. Skipping unneeded JARs during scanning can improve startup time and JSP compilation time.
19-Jan-2024 14:28:28.857 INFO [main] org.apache.catalina.startup.HostConfig.deployDirectory Deployment of web application directory [C:\THA105_WebApp\apache-tomcat-9.0.65\webapps\examples] has finished in [782] ms
19-Jan-2024 14:28:28.858 INFO [main] org.apache.catalina.startup.HostConfig.deployDirectory Deploying web application directory [C:\THA105_WebApp\apache-tomcat-9.0.65\webapps\host-manager]
19-Jan-2024 14:28:29.422 INFO [main] org.apache.jasper.servlet.TldScanner.scanJars At least one JAR was scanned for TLDs yet contained no TLDs. Enable debug logging for this logger for a complete list of JARs that were scanned but no TLDs were found in them. Skipping unneeded JARs during scanning can improve startup time and JSP compilation time.
19-Jan-2024 14:28:29.430 INFO [main] org.apache.catalina.startup.HostConfig.deployDirectory Deployment of web application directory [C:\THA105_WebApp\apache-tomcat-9.0.65\webapps\host-manager] has finished in [572] ms
19-Jan-2024 14:28:29.431 INFO [main] org.apache.catalina.startup.HostConfig.deployDirectory Deploying web application directory [C:\THA105_WebApp\apache-tomcat-9.0.65\webapps\IBM_9]
19-Jan-2024 14:28:29.943 INFO [main] org.apache.jasper.servlet.TldScanner.scanJars At least one JAR was scanned for TLDs yet contained no TLDs. Enable debug logging for this logger for a complete list of JARs that were scanned but no TLDs were found in them. Skipping unneeded JARs during scanning can improve startup time and JSP compilation time.
19-Jan-2024 14:28:29.946 INFO [main] org.apache.catalina.startup.HostConfig.deployDirectory Deployment of web application directory [C:\THA105_WebApp\apache-tomcat-9.0.65\webapps\IBM_9] has finished in [515] ms
19-Jan-2024 14:28:29.946 INFO [main] org.apache.catalina.startup.HostConfig.deployDirectory Deploying web application directory [C:\THA105_WebApp\apache-tomcat-9.0.65\webapps\manager]
19-Jan-2024 14:28:30.472 INFO [main] org.apache.jasper.servlet.TldScanner.scanJars At least one JAR was scanned for TLDs yet contained no TLDs. Enable debug logging for this logger for a complete list of JARs that were scanned but no TLDs were found in them. Skipping unneeded JARs during scanning can improve startup time and JSP compilation time.
19-Jan-2024 14:28:30.475 INFO [main] org.apache.catalina.startup.HostConfig.deployDirectory Deployment of web application directory [C:\THA105_WebApp\apache-tomcat-9.0.65\webapps\manager] has finished in [529] ms
19-Jan-2024 14:28:30.478 INFO [main] org.apache.catalina.startup.HostConfig.deployDirectory Deploying web application directory [C:\THA105_WebApp\apache-tomcat-9.0.65\webapps\ROOT]
19-Jan-2024 14:28:30.947 INFO [main] org.apache.jasper.servlet.TldScanner.scanJars At least one JAR was scanned for TLDs yet contained no TLDs. Enable debug logging for this logger for a complete list of JARs that were scanned but no TLDs were found in them. Skipping unneeded JARs during scanning can improve startup time and JSP compilation time.
19-Jan-2024 14:28:30.950 INFO [main] org.apache.catalina.startup.HostConfig.deployDirectory Deployment of web application directory [C:\THA105_WebApp\apache-tomcat-9.0.65\webapps\ROOT] has finished in [471] ms
19-Jan-2024 14:28:30.952 INFO [main] org.apache.catalina.startup.Catalina.start Server startup in [6231] milliseconds
19-Jan-2024 14:28:32.115 SEVERE [main] org.apache.catalina.startup.Catalina.stopServer Could not contact [localhost:8005] (base port [8005] and offset [0]). Tomcat may not be running.
19-Jan-2024 14:28:33.708 INFO [main] org.apache.catalina.startup.VersionLoggerListener.log Server version name:   Apache Tomcat/9.0.65
19-Jan-2024 14:28:33.713 INFO [main] org.apache.catalina.startup.VersionLoggerListener.log Server built:          Jul 14 2022 12:28:53 UTC
19-Jan-2024 14:28:33.714 INFO [main] org.apache.catalina.startup.VersionLoggerListener.log Server version number: 9.0.65.0
19-Jan-2024 14:28:33.715 INFO [main] org.apache.catalina.startup.VersionLoggerListener.log OS Name:               Windows 10
19-Jan-2024 14:28:33.715 INFO [main] org.apache.catalina.startup.VersionLoggerListener.log OS Version:            10.0
19-Jan-2024 14:28:33.715 INFO [main] org.apache.catalina.startup.VersionLoggerListener.log Architecture:          amd64
19-Jan-2024 14:28:33.716 INFO [main] org.apache.catalina.startup.VersionLoggerListener.log Java Home:             C:\jdk-17.0.6
19-Jan-2024 14:28:33.716 INFO [main] org.apache.catalina.startup.VersionLoggerListener.log JVM Version:           17.0.6+9-LTS-190
19-Jan-2024 14:28:33.716 INFO [main] org.apache.catalina.startup.VersionLoggerListener.log JVM Vendor:            Oracle Corporation
19-Jan-2024 14:28:33.717 INFO [main] org.apache.catalina.startup.VersionLoggerListener.log CATALINA_BASE:         C:\THA105_WebApp\apache-tomcat-9.0.65
19-Jan-2024 14:28:33.717 INFO [main] org.apache.catalina.startup.VersionLoggerListener.log CATALINA_HOME:         C:\THA105_WebApp\apache-tomcat-9.0.65
19-Jan-2024 14:28:33.727 INFO [main] org.apache.catalina.startup.VersionLoggerListener.log Command line argument: --add-opens=java.base/java.lang=ALL-UNNAMED
19-Jan-2024 14:28:33.728 INFO [main] org.apache.catalina.startup.VersionLoggerListener.log Command line argument: --add-opens=java.base/java.io=ALL-UNNAMED
19-Jan-2024 14:28:33.728 INFO [main] org.apache.catalina.startup.VersionLoggerListener.log Command line argument: --add-opens=java.base/java.util=ALL-UNNAMED
19-Jan-2024 14:28:33.729 INFO [main] org.apache.catalina.startup.VersionLoggerListener.log Command line argument: --add-opens=java.base/java.util.concurrent=ALL-UNNAMED
19-Jan-2024 14:28:33.729 INFO [main] org.apache.catalina.startup.VersionLoggerListener.log Command line argument: --add-opens=java.rmi/sun.rmi.transport=ALL-UNNAMED
19-Jan-2024 14:28:33.730 INFO [main] org.apache.catalina.startup.VersionLoggerListener.log Command line argument: -Djava.util.logging.config.file=C:\THA105_WebApp\apache-tomcat-9.0.65\conf\logging.properties
19-Jan-2024 14:28:33.731 INFO [main] org.apache.catalina.startup.VersionLoggerListener.log Command line argument: -Djava.util.logging.manager=org.apache.juli.ClassLoaderLogManager
19-Jan-2024 14:28:33.731 INFO [main] org.apache.catalina.startup.VersionLoggerListener.log Command line argument: -Djdk.tls.ephemeralDHKeySize=2048
19-Jan-2024 14:28:33.732 INFO [main] org.apache.catalina.startup.VersionLoggerListener.log Command line argument: -Djava.protocol.handler.pkgs=org.apache.catalina.webresources
19-Jan-2024 14:28:33.733 INFO [main] org.apache.catalina.startup.VersionLoggerListener.log Command line argument: -Dignore.endorsed.dirs=
19-Jan-2024 14:28:33.733 INFO [main] org.apache.catalina.startup.VersionLoggerListener.log Command line argument: -Dcatalina.base=C:\THA105_WebApp\apache-tomcat-9.0.65
19-Jan-2024 14:28:33.734 INFO [main] org.apache.catalina.startup.VersionLoggerListener.log Command line argument: -Dcatalina.home=C:\THA105_WebApp\apache-tomcat-9.0.65
19-Jan-2024 14:28:33.734 INFO [main] org.apache.catalina.startup.VersionLoggerListener.log Command line argument: -Djava.io.tmpdir=C:\THA105_WebApp\apache-tomcat-9.0.65\temp
19-Jan-2024 14:28:33.744 INFO [main] org.apache.catalina.core.AprLifecycleListener.lifecycleEvent The Apache Tomcat Native library which allows using OpenSSL was not found on the java.library.path: [C:\jdk-17.0.6\bin;C:\WINDOWS\Sun\Java\bin;C:\WINDOWS\system32;C:\WINDOWS;C:\jdk-17.0.6\bin;C:\Program Files\Common Files\Oracle\Java\javapath;C:\Windows\system32;C:\Windows;C:\Windows\System32\Wbem;C:\Windows\System32\WindowsPowerShell\v1.0\;C:\Windows\System32\OpenSSH\;C:\Program Files (x86)\NVIDIA Corporation\PhysX\Common;C:\Program Files\NVIDIA Corporation\NVIDIA NvDLISR;C:\WINDOWS\system32;C:\WINDOWS;C:\WINDOWS\System32\Wbem;C:\WINDOWS\System32\WindowsPowerShell\v1.0\;C:\WINDOWS\System32\OpenSSH\;C:\Program Files\Bandizip\;C:\Program Files\Docker\Docker\resources\bin;C:\Program Files\Git\cmd;C:\Redis\;C:\Users\EX14\AppData\Local\Programs\Microsoft VS Code\bin;C:\Program Files\nodejs\;C:\Users\EX14\AppData\Roaming\npm;C:\PROGRA~2\IDMCOM~1\ULTRAE~1;C:\Users\EX14\AppData\Roaming\npm;;.]
19-Jan-2024 14:28:34.116 INFO [main] org.apache.coyote.AbstractProtocol.init Initializing ProtocolHandler ["http-nio-8081"]
19-Jan-2024 14:28:34.153 INFO [main] org.apache.catalina.startup.Catalina.load Server initialization in [658] milliseconds
19-Jan-2024 14:28:34.229 INFO [main] org.apache.catalina.core.StandardService.startInternal Starting service [Catalina]
19-Jan-2024 14:28:34.230 INFO [main] org.apache.catalina.core.StandardEngine.startInternal Starting Servlet engine: [Apache Tomcat/9.0.65]
19-Jan-2024 14:28:34.260 INFO [main] org.apache.catalina.startup.HostConfig.deployWAR Deploying web application archive [C:\THA105_WebApp\apache-tomcat-9.0.65\webapps\IBM.war]
19-Jan-2024 14:28:35.697 INFO [main] org.apache.jasper.servlet.TldScanner.scanJars At least one JAR was scanned for TLDs yet contained no TLDs. Enable debug logging for this logger for a complete list of JARs that were scanned but no TLDs were found in them. Skipping unneeded JARs during scanning can improve startup time and JSP compilation time.
19-Jan-2024 14:28:35.825 INFO [main] org.apache.catalina.startup.HostConfig.deployWAR Deployment of web application archive [C:\THA105_WebApp\apache-tomcat-9.0.65\webapps\IBM.war] has finished in [1,564] ms
19-Jan-2024 14:28:35.827 INFO [main] org.apache.catalina.startup.HostConfig.deployWAR Deploying web application archive [C:\THA105_WebApp\apache-tomcat-9.0.65\webapps\IBM2.war]
19-Jan-2024 14:28:36.683 INFO [main] org.apache.jasper.servlet.TldScanner.scanJars At least one JAR was scanned for TLDs yet contained no TLDs. Enable debug logging for this logger for a complete list of JARs that were scanned but no TLDs were found in them. Skipping unneeded JARs during scanning can improve startup time and JSP compilation time.
19-Jan-2024 14:28:36.691 INFO [main] org.apache.catalina.startup.HostConfig.deployWAR Deployment of web application archive [C:\THA105_WebApp\apache-tomcat-9.0.65\webapps\IBM2.war] has finished in [864] ms
19-Jan-2024 14:28:36.693 INFO [main] org.apache.catalina.startup.HostConfig.deployWAR Deploying web application archive [C:\THA105_WebApp\apache-tomcat-9.0.65\webapps\Servlet4.war]
19-Jan-2024 14:28:37.597 INFO [main] org.apache.jasper.servlet.TldScanner.scanJars At least one JAR was scanned for TLDs yet contained no TLDs. Enable debug logging for this logger for a complete list of JARs that were scanned but no TLDs were found in them. Skipping unneeded JARs during scanning can improve startup time and JSP compilation time.
19-Jan-2024 14:28:37.601 INFO [main] org.apache.catalina.startup.HostConfig.deployWAR Deployment of web application archive [C:\THA105_WebApp\apache-tomcat-9.0.65\webapps\Servlet4.war] has finished in [908] ms
19-Jan-2024 14:28:37.602 INFO [main] org.apache.catalina.startup.HostConfig.deployDirectory Deploying web application directory [C:\THA105_WebApp\apache-tomcat-9.0.65\webapps\docs]
19-Jan-2024 14:28:38.146 INFO [main] org.apache.jasper.servlet.TldScanner.scanJars At least one JAR was scanned for TLDs yet contained no TLDs. Enable debug logging for this logger for a complete list of JARs that were scanned but no TLDs were found in them. Skipping unneeded JARs during scanning can improve startup time and JSP compilation time.
19-Jan-2024 14:28:38.149 INFO [main] org.apache.catalina.startup.HostConfig.deployDirectory Deployment of web application directory [C:\THA105_WebApp\apache-tomcat-9.0.65\webapps\docs] has finished in [547] ms
19-Jan-2024 14:28:38.149 INFO [main] org.apache.catalina.startup.HostConfig.deployDirectory Deploying web application directory [C:\THA105_WebApp\apache-tomcat-9.0.65\webapps\examples]
19-Jan-2024 14:28:39.043 INFO [main] org.apache.jasper.servlet.TldScanner.scanJars At least one JAR was scanned for TLDs yet contained no TLDs. Enable debug logging for this logger for a complete list of JARs that were scanned but no TLDs were found in them. Skipping unneeded JARs during scanning can improve startup time and JSP compilation time.
19-Jan-2024 14:28:39.109 INFO [main] org.apache.catalina.startup.HostConfig.deployDirectory Deployment of web application directory [C:\THA105_WebApp\apache-tomcat-9.0.65\webapps\examples] has finished in [960] ms
19-Jan-2024 14:28:39.110 INFO [main] org.apache.catalina.startup.HostConfig.deployDirectory Deploying web application directory [C:\THA105_WebApp\apache-tomcat-9.0.65\webapps\host-manager]
19-Jan-2024 14:28:39.810 INFO [main] org.apache.jasper.servlet.TldScanner.scanJars At least one JAR was scanned for TLDs yet contained no TLDs. Enable debug logging for this logger for a complete list of JARs that were scanned but no TLDs were found in them. Skipping unneeded JARs during scanning can improve startup time and JSP compilation time.
19-Jan-2024 14:28:39.820 INFO [main] org.apache.catalina.startup.HostConfig.deployDirectory Deployment of web application directory [C:\THA105_WebApp\apache-tomcat-9.0.65\webapps\host-manager] has finished in [709] ms
19-Jan-2024 14:28:39.821 INFO [main] org.apache.catalina.startup.HostConfig.deployDirectory Deploying web application directory [C:\THA105_WebApp\apache-tomcat-9.0.65\webapps\IBM_9]
19-Jan-2024 14:28:40.452 INFO [main] org.apache.jasper.servlet.TldScanner.scanJars At least one JAR was scanned for TLDs yet contained no TLDs. Enable debug logging for this logger for a complete list of JARs that were scanned but no TLDs were found in them. Skipping unneeded JARs during scanning can improve startup time and JSP compilation time.
19-Jan-2024 14:28:40.455 INFO [main] org.apache.catalina.startup.HostConfig.deployDirectory Deployment of web application directory [C:\THA105_WebApp\apache-tomcat-9.0.65\webapps\IBM_9] has finished in [634] ms
19-Jan-2024 14:28:40.456 INFO [main] org.apache.catalina.startup.HostConfig.deployDirectory Deploying web application directory [C:\THA105_WebApp\apache-tomcat-9.0.65\webapps\manager]
19-Jan-2024 14:28:41.017 INFO [main] org.apache.jasper.servlet.TldScanner.scanJars At least one JAR was scanned for TLDs yet contained no TLDs. Enable debug logging for this logger for a complete list of JARs that were scanned but no TLDs were found in them. Skipping unneeded JARs during scanning can improve startup time and JSP compilation time.
19-Jan-2024 14:28:41.021 INFO [main] org.apache.catalina.startup.HostConfig.deployDirectory Deployment of web application directory [C:\THA105_WebApp\apache-tomcat-9.0.65\webapps\manager] has finished in [565] ms
19-Jan-2024 14:28:41.021 INFO [main] org.apache.catalina.startup.HostConfig.deployDirectory Deploying web application directory [C:\THA105_WebApp\apache-tomcat-9.0.65\webapps\ROOT]
19-Jan-2024 14:28:41.507 INFO [main] org.apache.jasper.servlet.TldScanner.scanJars At least one JAR was scanned for TLDs yet contained no TLDs. Enable debug logging for this logger for a complete list of JARs that were scanned but no TLDs were found in them. Skipping unneeded JARs during scanning can improve startup time and JSP compilation time.
19-Jan-2024 14:28:41.510 INFO [main] org.apache.catalina.startup.HostConfig.deployDirectory Deployment of web application directory [C:\THA105_WebApp\apache-tomcat-9.0.65\webapps\ROOT] has finished in [489] ms
19-Jan-2024 14:28:41.513 INFO [main] org.apache.coyote.AbstractProtocol.start Starting ProtocolHandler ["http-nio-8081"]
19-Jan-2024 14:28:41.568 INFO [main] org.apache.catalina.startup.Catalina.start Server startup in [7413] milliseconds
19-Jan-2024 15:53:23.340 INFO [main] org.apache.catalina.core.StandardServer.await A valid shutdown command was received via the shutdown port. Stopping the Server instance.
19-Jan-2024 15:53:23.341 INFO [main] org.apache.coyote.AbstractProtocol.pause Pausing ProtocolHandler ["http-nio-8081"]
19-Jan-2024 15:53:23.361 INFO [main] org.apache.catalina.core.StandardService.stopInternal Stopping service [Catalina]
19-Jan-2024 15:53:23.427 INFO [main] org.apache.coyote.AbstractProtocol.stop Stopping ProtocolHandler ["http-nio-8081"]
19-Jan-2024 15:53:23.447 INFO [main] org.apache.coyote.AbstractProtocol.destroy Destroying ProtocolHandler ["http-nio-8081"]
