19-Jan-2024 09:31:43.726 INFO [main] org.apache.catalina.core.ApplicationContext.log ContextListener: contextInitialized()
19-Jan-2024 09:31:43.726 INFO [main] org.apache.catalina.core.ApplicationContext.log SessionListener: contextInitialized()
19-Jan-2024 09:31:43.727 INFO [main] org.apache.catalina.core.ApplicationContext.log ContextListener: attributeAdded('StockTicker', 'async.Stockticker@38eaac79')
19-Jan-2024 09:33:22.281 INFO [main] org.apache.catalina.core.ApplicationContext.log SessionListener: contextDestroyed()
19-Jan-2024 09:33:22.281 INFO [main] org.apache.catalina.core.ApplicationContext.log ContextListener: contextDestroyed()
19-Jan-2024 09:33:32.075 INFO [main] org.apache.catalina.core.ApplicationContext.log ContextListener: contextInitialized()
19-Jan-2024 09:33:32.075 INFO [main] org.apache.catalina.core.ApplicationContext.log SessionListener: contextInitialized()
19-Jan-2024 09:33:32.076 INFO [main] org.apache.catalina.core.ApplicationContext.log ContextListener: attributeAdded('StockTicker', 'async.Stockticker@59cfabaf')
19-Jan-2024 13:49:00.561 INFO [main] org.apache.catalina.core.ApplicationContext.log ContextListener: contextInitialized()
19-Jan-2024 13:49:00.562 INFO [main] org.apache.catalina.core.ApplicationContext.log SessionListener: contextInitialized()
19-Jan-2024 13:49:00.563 INFO [main] org.apache.catalina.core.ApplicationContext.log ContextListener: attributeAdded('StockTicker', 'async.Stockticker@388b4f68')
19-Jan-2024 13:49:03.261 INFO [main] org.apache.catalina.core.ApplicationContext.log SessionListener: contextDestroyed()
19-Jan-2024 13:49:03.261 INFO [main] org.apache.catalina.core.ApplicationContext.log ContextListener: contextDestroyed()
19-Jan-2024 13:54:02.858 INFO [main] org.apache.catalina.core.ApplicationContext.log ContextListener: contextInitialized()
19-Jan-2024 13:54:02.858 INFO [main] org.apache.catalina.core.ApplicationContext.log SessionListener: contextInitialized()
19-Jan-2024 13:54:02.860 INFO [main] org.apache.catalina.core.ApplicationContext.log ContextListener: attributeAdded('StockTicker', 'async.Stockticker@67ee26af')
19-Jan-2024 13:54:05.337 INFO [main] org.apache.catalina.core.ApplicationContext.log SessionListener: contextDestroyed()
19-Jan-2024 13:54:05.337 INFO [main] org.apache.catalina.core.ApplicationContext.log ContextListener: contextDestroyed()
19-Jan-2024 14:26:44.520 INFO [main] org.apache.catalina.core.ApplicationContext.log ContextListener: contextInitialized()
19-Jan-2024 14:26:44.520 INFO [main] org.apache.catalina.core.ApplicationContext.log SessionListener: contextInitialized()
19-Jan-2024 14:26:44.523 INFO [main] org.apache.catalina.core.ApplicationContext.log ContextListener: attributeAdded('StockTicker', 'async.Stockticker@46805e99')
19-Jan-2024 14:26:47.118 INFO [main] org.apache.catalina.core.ApplicationContext.log SessionListener: contextDestroyed()
19-Jan-2024 14:26:47.118 INFO [main] org.apache.catalina.core.ApplicationContext.log ContextListener: contextDestroyed()
19-Jan-2024 14:27:52.520 SEVERE [http-nio-8081-exec-3] org.apache.catalina.core.StandardWrapperValve.invoke Servlet.service() for servlet [jsp] in context with path [/IBM_9] threw exception [An exception occurred processing [/select_page_Basic-mySQL.jsp] at line [14]

11: <%
12:        Context ctx = new javax.naming.InitialContext();
13:        DataSource ds = (DataSource) ctx.lookup("java:comp/env/jdbc/TestDB2");
14:        Connection con =  ds.getConnection();
15:        Statement stmt = con.createStatement();
16:        ResultSet rs = stmt.executeQuery("SELECT EMPNO 員工編號,  ENAME 員工姓名,  JOB 職位, HIREDATE 雇用日期,  SAL 薪水 from emp2");
17:             


Stacktrace:] with root cause
	java.net.ConnectException: Connection refused: connect
		at java.base/sun.nio.ch.Net.connect0(Native Method)
		at java.base/sun.nio.ch.Net.connect(Net.java:579)
		at java.base/sun.nio.ch.Net.connect(Net.java:568)
		at java.base/sun.nio.ch.NioSocketImpl.connect(NioSocketImpl.java:588)
		at java.base/java.net.SocksSocketImpl.connect(SocksSocketImpl.java:327)
		at java.base/java.net.Socket.connect(Socket.java:633)
		at com.mysql.cj.protocol.StandardSocketFactory.connect(StandardSocketFactory.java:153)
		at com.mysql.cj.protocol.a.NativeSocketConnection.connect(NativeSocketConnection.java:63)
		at com.mysql.cj.NativeSession.connect(NativeSession.java:120)
		at com.mysql.cj.jdbc.ConnectionImpl.connectOneTryOnly(ConnectionImpl.java:948)
		at com.mysql.cj.jdbc.ConnectionImpl.createNewIO(ConnectionImpl.java:818)
		at com.mysql.cj.jdbc.ConnectionImpl.<init>(ConnectionImpl.java:448)
		at com.mysql.cj.jdbc.ConnectionImpl.getInstance(ConnectionImpl.java:241)
		at com.mysql.cj.jdbc.NonRegisteringDriver.connect(NonRegisteringDriver.java:198)
		at org.apache.tomcat.dbcp.dbcp2.DriverConnectionFactory.createConnection(DriverConnectionFactory.java:52)
		at org.apache.tomcat.dbcp.dbcp2.PoolableConnectionFactory.makeObject(PoolableConnectionFactory.java:415)
		at org.apache.tomcat.dbcp.dbcp2.BasicDataSource.validateConnectionFactory(BasicDataSource.java:111)
		at org.apache.tomcat.dbcp.dbcp2.BasicDataSource.createPoolableConnectionFactory(BasicDataSource.java:649)
		at org.apache.tomcat.dbcp.dbcp2.BasicDataSource.createDataSource(BasicDataSource.java:532)
		at org.apache.tomcat.dbcp.dbcp2.BasicDataSource.getConnection(BasicDataSource.java:731)
		at org.apache.jsp.select_005fpage_005fBasic_002dmySQL_jsp._jspService(select_005fpage_005fBasic_002dmySQL_jsp.java:135)
		at org.apache.jasper.runtime.HttpJspBase.service(HttpJspBase.java:70)
		at javax.servlet.http.HttpServlet.service(HttpServlet.java:764)
		at org.apache.jasper.servlet.JspServletWrapper.service(JspServletWrapper.java:466)
		at org.apache.jasper.servlet.JspServlet.serviceJspFile(JspServlet.java:379)
		at org.apache.jasper.servlet.JspServlet.service(JspServlet.java:327)
		at javax.servlet.http.HttpServlet.service(HttpServlet.java:764)
		at org.apache.catalina.core.ApplicationFilterChain.internalDoFilter(ApplicationFilterChain.java:227)
		at org.apache.catalina.core.ApplicationFilterChain.doFilter(ApplicationFilterChain.java:162)
		at org.apache.tomcat.websocket.server.WsFilter.doFilter(WsFilter.java:53)
		at org.apache.catalina.core.ApplicationFilterChain.internalDoFilter(ApplicationFilterChain.java:189)
		at org.apache.catalina.core.ApplicationFilterChain.doFilter(ApplicationFilterChain.java:162)
		at org.apache.catalina.core.StandardWrapperValve.invoke(StandardWrapperValve.java:197)
		at org.apache.catalina.core.StandardContextValve.invoke(StandardContextValve.java:97)
		at org.apache.catalina.authenticator.AuthenticatorBase.invoke(AuthenticatorBase.java:541)
		at org.apache.catalina.core.StandardHostValve.invoke(StandardHostValve.java:135)
		at org.apache.catalina.valves.ErrorReportValve.invoke(ErrorReportValve.java:92)
		at org.apache.catalina.valves.AbstractAccessLogValve.invoke(AbstractAccessLogValve.java:687)
		at org.apache.catalina.core.StandardEngineValve.invoke(StandardEngineValve.java:78)
		at org.apache.catalina.connector.CoyoteAdapter.service(CoyoteAdapter.java:360)
		at org.apache.coyote.http11.Http11Processor.service(Http11Processor.java:399)
		at org.apache.coyote.AbstractProcessorLight.process(AbstractProcessorLight.java:65)
		at org.apache.coyote.AbstractProtocol$ConnectionHandler.process(AbstractProtocol.java:890)
		at org.apache.tomcat.util.net.NioEndpoint$SocketProcessor.doRun(NioEndpoint.java:1789)
		at org.apache.tomcat.util.net.SocketProcessorBase.run(SocketProcessorBase.java:49)
		at org.apache.tomcat.util.threads.ThreadPoolExecutor.runWorker(ThreadPoolExecutor.java:1191)
		at org.apache.tomcat.util.threads.ThreadPoolExecutor$Worker.run(ThreadPoolExecutor.java:659)
		at org.apache.tomcat.util.threads.TaskThread$WrappingRunnable.run(TaskThread.java:61)
		at java.base/java.lang.Thread.run(Thread.java:833)
19-Jan-2024 14:27:57.485 SEVERE [http-nio-8081-exec-6] org.apache.catalina.core.StandardWrapperValve.invoke Servlet.service() for servlet [jsp] in context with path [/IBM_9] threw exception [An exception occurred processing [/select_page_Basic-mySQL.jsp] at line [14]

11: <%
12:        Context ctx = new javax.naming.InitialContext();
13:        DataSource ds = (DataSource) ctx.lookup("java:comp/env/jdbc/TestDB2");
14:        Connection con =  ds.getConnection();
15:        Statement stmt = con.createStatement();
16:        ResultSet rs = stmt.executeQuery("SELECT EMPNO 員工編號,  ENAME 員工姓名,  JOB 職位, HIREDATE 雇用日期,  SAL 薪水 from emp2");
17:             


Stacktrace:] with root cause
	java.net.ConnectException: Connection refused: connect
		at java.base/sun.nio.ch.Net.connect0(Native Method)
		at java.base/sun.nio.ch.Net.connect(Net.java:579)
		at java.base/sun.nio.ch.Net.connect(Net.java:568)
		at java.base/sun.nio.ch.NioSocketImpl.connect(NioSocketImpl.java:588)
		at java.base/java.net.SocksSocketImpl.connect(SocksSocketImpl.java:327)
		at java.base/java.net.Socket.connect(Socket.java:633)
		at com.mysql.cj.protocol.StandardSocketFactory.connect(StandardSocketFactory.java:153)
		at com.mysql.cj.protocol.a.NativeSocketConnection.connect(NativeSocketConnection.java:63)
		at com.mysql.cj.NativeSession.connect(NativeSession.java:120)
		at com.mysql.cj.jdbc.ConnectionImpl.connectOneTryOnly(ConnectionImpl.java:948)
		at com.mysql.cj.jdbc.ConnectionImpl.createNewIO(ConnectionImpl.java:818)
		at com.mysql.cj.jdbc.ConnectionImpl.<init>(ConnectionImpl.java:448)
		at com.mysql.cj.jdbc.ConnectionImpl.getInstance(ConnectionImpl.java:241)
		at com.mysql.cj.jdbc.NonRegisteringDriver.connect(NonRegisteringDriver.java:198)
		at org.apache.tomcat.dbcp.dbcp2.DriverConnectionFactory.createConnection(DriverConnectionFactory.java:52)
		at org.apache.tomcat.dbcp.dbcp2.PoolableConnectionFactory.makeObject(PoolableConnectionFactory.java:415)
		at org.apache.tomcat.dbcp.dbcp2.BasicDataSource.validateConnectionFactory(BasicDataSource.java:111)
		at org.apache.tomcat.dbcp.dbcp2.BasicDataSource.createPoolableConnectionFactory(BasicDataSource.java:649)
		at org.apache.tomcat.dbcp.dbcp2.BasicDataSource.createDataSource(BasicDataSource.java:532)
		at org.apache.tomcat.dbcp.dbcp2.BasicDataSource.getConnection(BasicDataSource.java:731)
		at org.apache.jsp.select_005fpage_005fBasic_002dmySQL_jsp._jspService(select_005fpage_005fBasic_002dmySQL_jsp.java:135)
		at org.apache.jasper.runtime.HttpJspBase.service(HttpJspBase.java:70)
		at javax.servlet.http.HttpServlet.service(HttpServlet.java:764)
		at org.apache.jasper.servlet.JspServletWrapper.service(JspServletWrapper.java:466)
		at org.apache.jasper.servlet.JspServlet.serviceJspFile(JspServlet.java:379)
		at org.apache.jasper.servlet.JspServlet.service(JspServlet.java:327)
		at javax.servlet.http.HttpServlet.service(HttpServlet.java:764)
		at org.apache.catalina.core.ApplicationFilterChain.internalDoFilter(ApplicationFilterChain.java:227)
		at org.apache.catalina.core.ApplicationFilterChain.doFilter(ApplicationFilterChain.java:162)
		at org.apache.tomcat.websocket.server.WsFilter.doFilter(WsFilter.java:53)
		at org.apache.catalina.core.ApplicationFilterChain.internalDoFilter(ApplicationFilterChain.java:189)
		at org.apache.catalina.core.ApplicationFilterChain.doFilter(ApplicationFilterChain.java:162)
		at org.apache.catalina.core.StandardWrapperValve.invoke(StandardWrapperValve.java:197)
		at org.apache.catalina.core.StandardContextValve.invoke(StandardContextValve.java:97)
		at org.apache.catalina.authenticator.AuthenticatorBase.invoke(AuthenticatorBase.java:541)
		at org.apache.catalina.core.StandardHostValve.invoke(StandardHostValve.java:135)
		at org.apache.catalina.valves.ErrorReportValve.invoke(ErrorReportValve.java:92)
		at org.apache.catalina.valves.AbstractAccessLogValve.invoke(AbstractAccessLogValve.java:687)
		at org.apache.catalina.core.StandardEngineValve.invoke(StandardEngineValve.java:78)
		at org.apache.catalina.connector.CoyoteAdapter.service(CoyoteAdapter.java:360)
		at org.apache.coyote.http11.Http11Processor.service(Http11Processor.java:399)
		at org.apache.coyote.AbstractProcessorLight.process(AbstractProcessorLight.java:65)
		at org.apache.coyote.AbstractProtocol$ConnectionHandler.process(AbstractProtocol.java:890)
		at org.apache.tomcat.util.net.NioEndpoint$SocketProcessor.doRun(NioEndpoint.java:1789)
		at org.apache.tomcat.util.net.SocketProcessorBase.run(SocketProcessorBase.java:49)
		at org.apache.tomcat.util.threads.ThreadPoolExecutor.runWorker(ThreadPoolExecutor.java:1191)
		at org.apache.tomcat.util.threads.ThreadPoolExecutor$Worker.run(ThreadPoolExecutor.java:659)
		at org.apache.tomcat.util.threads.TaskThread$WrappingRunnable.run(TaskThread.java:61)
		at java.base/java.lang.Thread.run(Thread.java:833)
19-Jan-2024 14:27:58.228 SEVERE [http-nio-8081-exec-2] org.apache.catalina.core.StandardWrapperValve.invoke Servlet.service() for servlet [jsp] in context with path [/IBM_9] threw exception [An exception occurred processing [/select_page_Basic-mySQL.jsp] at line [14]

11: <%
12:        Context ctx = new javax.naming.InitialContext();
13:        DataSource ds = (DataSource) ctx.lookup("java:comp/env/jdbc/TestDB2");
14:        Connection con =  ds.getConnection();
15:        Statement stmt = con.createStatement();
16:        ResultSet rs = stmt.executeQuery("SELECT EMPNO 員工編號,  ENAME 員工姓名,  JOB 職位, HIREDATE 雇用日期,  SAL 薪水 from emp2");
17:             


Stacktrace:] with root cause
	java.net.ConnectException: Connection refused: connect
		at java.base/sun.nio.ch.Net.connect0(Native Method)
		at java.base/sun.nio.ch.Net.connect(Net.java:579)
		at java.base/sun.nio.ch.Net.connect(Net.java:568)
		at java.base/sun.nio.ch.NioSocketImpl.connect(NioSocketImpl.java:588)
		at java.base/java.net.SocksSocketImpl.connect(SocksSocketImpl.java:327)
		at java.base/java.net.Socket.connect(Socket.java:633)
		at com.mysql.cj.protocol.StandardSocketFactory.connect(StandardSocketFactory.java:153)
		at com.mysql.cj.protocol.a.NativeSocketConnection.connect(NativeSocketConnection.java:63)
		at com.mysql.cj.NativeSession.connect(NativeSession.java:120)
		at com.mysql.cj.jdbc.ConnectionImpl.connectOneTryOnly(ConnectionImpl.java:948)
		at com.mysql.cj.jdbc.ConnectionImpl.createNewIO(ConnectionImpl.java:818)
		at com.mysql.cj.jdbc.ConnectionImpl.<init>(ConnectionImpl.java:448)
		at com.mysql.cj.jdbc.ConnectionImpl.getInstance(ConnectionImpl.java:241)
		at com.mysql.cj.jdbc.NonRegisteringDriver.connect(NonRegisteringDriver.java:198)
		at org.apache.tomcat.dbcp.dbcp2.DriverConnectionFactory.createConnection(DriverConnectionFactory.java:52)
		at org.apache.tomcat.dbcp.dbcp2.PoolableConnectionFactory.makeObject(PoolableConnectionFactory.java:415)
		at org.apache.tomcat.dbcp.dbcp2.BasicDataSource.validateConnectionFactory(BasicDataSource.java:111)
		at org.apache.tomcat.dbcp.dbcp2.BasicDataSource.createPoolableConnectionFactory(BasicDataSource.java:649)
		at org.apache.tomcat.dbcp.dbcp2.BasicDataSource.createDataSource(BasicDataSource.java:532)
		at org.apache.tomcat.dbcp.dbcp2.BasicDataSource.getConnection(BasicDataSource.java:731)
		at org.apache.jsp.select_005fpage_005fBasic_002dmySQL_jsp._jspService(select_005fpage_005fBasic_002dmySQL_jsp.java:135)
		at org.apache.jasper.runtime.HttpJspBase.service(HttpJspBase.java:70)
		at javax.servlet.http.HttpServlet.service(HttpServlet.java:764)
		at org.apache.jasper.servlet.JspServletWrapper.service(JspServletWrapper.java:466)
		at org.apache.jasper.servlet.JspServlet.serviceJspFile(JspServlet.java:379)
		at org.apache.jasper.servlet.JspServlet.service(JspServlet.java:327)
		at javax.servlet.http.HttpServlet.service(HttpServlet.java:764)
		at org.apache.catalina.core.ApplicationFilterChain.internalDoFilter(ApplicationFilterChain.java:227)
		at org.apache.catalina.core.ApplicationFilterChain.doFilter(ApplicationFilterChain.java:162)
		at org.apache.tomcat.websocket.server.WsFilter.doFilter(WsFilter.java:53)
		at org.apache.catalina.core.ApplicationFilterChain.internalDoFilter(ApplicationFilterChain.java:189)
		at org.apache.catalina.core.ApplicationFilterChain.doFilter(ApplicationFilterChain.java:162)
		at org.apache.catalina.core.StandardWrapperValve.invoke(StandardWrapperValve.java:197)
		at org.apache.catalina.core.StandardContextValve.invoke(StandardContextValve.java:97)
		at org.apache.catalina.authenticator.AuthenticatorBase.invoke(AuthenticatorBase.java:541)
		at org.apache.catalina.core.StandardHostValve.invoke(StandardHostValve.java:135)
		at org.apache.catalina.valves.ErrorReportValve.invoke(ErrorReportValve.java:92)
		at org.apache.catalina.valves.AbstractAccessLogValve.invoke(AbstractAccessLogValve.java:687)
		at org.apache.catalina.core.StandardEngineValve.invoke(StandardEngineValve.java:78)
		at org.apache.catalina.connector.CoyoteAdapter.service(CoyoteAdapter.java:360)
		at org.apache.coyote.http11.Http11Processor.service(Http11Processor.java:399)
		at org.apache.coyote.AbstractProcessorLight.process(AbstractProcessorLight.java:65)
		at org.apache.coyote.AbstractProtocol$ConnectionHandler.process(AbstractProtocol.java:890)
		at org.apache.tomcat.util.net.NioEndpoint$SocketProcessor.doRun(NioEndpoint.java:1789)
		at org.apache.tomcat.util.net.SocketProcessorBase.run(SocketProcessorBase.java:49)
		at org.apache.tomcat.util.threads.ThreadPoolExecutor.runWorker(ThreadPoolExecutor.java:1191)
		at org.apache.tomcat.util.threads.ThreadPoolExecutor$Worker.run(ThreadPoolExecutor.java:659)
		at org.apache.tomcat.util.threads.TaskThread$WrappingRunnable.run(TaskThread.java:61)
		at java.base/java.lang.Thread.run(Thread.java:833)
19-Jan-2024 14:27:58.811 SEVERE [http-nio-8081-exec-4] org.apache.catalina.core.StandardWrapperValve.invoke Servlet.service() for servlet [jsp] in context with path [/IBM_9] threw exception [An exception occurred processing [/select_page_Basic-mySQL.jsp] at line [14]

11: <%
12:        Context ctx = new javax.naming.InitialContext();
13:        DataSource ds = (DataSource) ctx.lookup("java:comp/env/jdbc/TestDB2");
14:        Connection con =  ds.getConnection();
15:        Statement stmt = con.createStatement();
16:        ResultSet rs = stmt.executeQuery("SELECT EMPNO 員工編號,  ENAME 員工姓名,  JOB 職位, HIREDATE 雇用日期,  SAL 薪水 from emp2");
17:             


Stacktrace:] with root cause
	java.net.ConnectException: Connection refused: connect
		at java.base/sun.nio.ch.Net.connect0(Native Method)
		at java.base/sun.nio.ch.Net.connect(Net.java:579)
		at java.base/sun.nio.ch.Net.connect(Net.java:568)
		at java.base/sun.nio.ch.NioSocketImpl.connect(NioSocketImpl.java:588)
		at java.base/java.net.SocksSocketImpl.connect(SocksSocketImpl.java:327)
		at java.base/java.net.Socket.connect(Socket.java:633)
		at com.mysql.cj.protocol.StandardSocketFactory.connect(StandardSocketFactory.java:153)
		at com.mysql.cj.protocol.a.NativeSocketConnection.connect(NativeSocketConnection.java:63)
		at com.mysql.cj.NativeSession.connect(NativeSession.java:120)
		at com.mysql.cj.jdbc.ConnectionImpl.connectOneTryOnly(ConnectionImpl.java:948)
		at com.mysql.cj.jdbc.ConnectionImpl.createNewIO(ConnectionImpl.java:818)
		at com.mysql.cj.jdbc.ConnectionImpl.<init>(ConnectionImpl.java:448)
		at com.mysql.cj.jdbc.ConnectionImpl.getInstance(ConnectionImpl.java:241)
		at com.mysql.cj.jdbc.NonRegisteringDriver.connect(NonRegisteringDriver.java:198)
		at org.apache.tomcat.dbcp.dbcp2.DriverConnectionFactory.createConnection(DriverConnectionFactory.java:52)
		at org.apache.tomcat.dbcp.dbcp2.PoolableConnectionFactory.makeObject(PoolableConnectionFactory.java:415)
		at org.apache.tomcat.dbcp.dbcp2.BasicDataSource.validateConnectionFactory(BasicDataSource.java:111)
		at org.apache.tomcat.dbcp.dbcp2.BasicDataSource.createPoolableConnectionFactory(BasicDataSource.java:649)
		at org.apache.tomcat.dbcp.dbcp2.BasicDataSource.createDataSource(BasicDataSource.java:532)
		at org.apache.tomcat.dbcp.dbcp2.BasicDataSource.getConnection(BasicDataSource.java:731)
		at org.apache.jsp.select_005fpage_005fBasic_002dmySQL_jsp._jspService(select_005fpage_005fBasic_002dmySQL_jsp.java:135)
		at org.apache.jasper.runtime.HttpJspBase.service(HttpJspBase.java:70)
		at javax.servlet.http.HttpServlet.service(HttpServlet.java:764)
		at org.apache.jasper.servlet.JspServletWrapper.service(JspServletWrapper.java:466)
		at org.apache.jasper.servlet.JspServlet.serviceJspFile(JspServlet.java:379)
		at org.apache.jasper.servlet.JspServlet.service(JspServlet.java:327)
		at javax.servlet.http.HttpServlet.service(HttpServlet.java:764)
		at org.apache.catalina.core.ApplicationFilterChain.internalDoFilter(ApplicationFilterChain.java:227)
		at org.apache.catalina.core.ApplicationFilterChain.doFilter(ApplicationFilterChain.java:162)
		at org.apache.tomcat.websocket.server.WsFilter.doFilter(WsFilter.java:53)
		at org.apache.catalina.core.ApplicationFilterChain.internalDoFilter(ApplicationFilterChain.java:189)
		at org.apache.catalina.core.ApplicationFilterChain.doFilter(ApplicationFilterChain.java:162)
		at org.apache.catalina.core.StandardWrapperValve.invoke(StandardWrapperValve.java:197)
		at org.apache.catalina.core.StandardContextValve.invoke(StandardContextValve.java:97)
		at org.apache.catalina.authenticator.AuthenticatorBase.invoke(AuthenticatorBase.java:541)
		at org.apache.catalina.core.StandardHostValve.invoke(StandardHostValve.java:135)
		at org.apache.catalina.valves.ErrorReportValve.invoke(ErrorReportValve.java:92)
		at org.apache.catalina.valves.AbstractAccessLogValve.invoke(AbstractAccessLogValve.java:687)
		at org.apache.catalina.core.StandardEngineValve.invoke(StandardEngineValve.java:78)
		at org.apache.catalina.connector.CoyoteAdapter.service(CoyoteAdapter.java:360)
		at org.apache.coyote.http11.Http11Processor.service(Http11Processor.java:399)
		at org.apache.coyote.AbstractProcessorLight.process(AbstractProcessorLight.java:65)
		at org.apache.coyote.AbstractProtocol$ConnectionHandler.process(AbstractProtocol.java:890)
		at org.apache.tomcat.util.net.NioEndpoint$SocketProcessor.doRun(NioEndpoint.java:1789)
		at org.apache.tomcat.util.net.SocketProcessorBase.run(SocketProcessorBase.java:49)
		at org.apache.tomcat.util.threads.ThreadPoolExecutor.runWorker(ThreadPoolExecutor.java:1191)
		at org.apache.tomcat.util.threads.ThreadPoolExecutor$Worker.run(ThreadPoolExecutor.java:659)
		at org.apache.tomcat.util.threads.TaskThread$WrappingRunnable.run(TaskThread.java:61)
		at java.base/java.lang.Thread.run(Thread.java:833)
19-Jan-2024 14:28:17.698 SEVERE [http-nio-8081-exec-10] org.apache.catalina.core.StandardWrapperValve.invoke Servlet.service() for servlet [jsp] in context with path [/IBM_9] threw exception [An exception occurred processing [/select_page_Basic-mySQL.jsp] at line [14]

11: <%
12:        Context ctx = new javax.naming.InitialContext();
13:        DataSource ds = (DataSource) ctx.lookup("java:comp/env/jdbc/TestDB2");
14:        Connection con =  ds.getConnection();
15:        Statement stmt = con.createStatement();
16:        ResultSet rs = stmt.executeQuery("SELECT EMPNO 員工編號,  ENAME 員工姓名,  JOB 職位, HIREDATE 雇用日期,  SAL 薪水 from emp2");
17:             


Stacktrace:] with root cause
	java.net.ConnectException: Connection refused: connect
		at java.base/sun.nio.ch.Net.connect0(Native Method)
		at java.base/sun.nio.ch.Net.connect(Net.java:579)
		at java.base/sun.nio.ch.Net.connect(Net.java:568)
		at java.base/sun.nio.ch.NioSocketImpl.connect(NioSocketImpl.java:588)
		at java.base/java.net.SocksSocketImpl.connect(SocksSocketImpl.java:327)
		at java.base/java.net.Socket.connect(Socket.java:633)
		at com.mysql.cj.protocol.StandardSocketFactory.connect(StandardSocketFactory.java:153)
		at com.mysql.cj.protocol.a.NativeSocketConnection.connect(NativeSocketConnection.java:63)
		at com.mysql.cj.NativeSession.connect(NativeSession.java:120)
		at com.mysql.cj.jdbc.ConnectionImpl.connectOneTryOnly(ConnectionImpl.java:948)
		at com.mysql.cj.jdbc.ConnectionImpl.createNewIO(ConnectionImpl.java:818)
		at com.mysql.cj.jdbc.ConnectionImpl.<init>(ConnectionImpl.java:448)
		at com.mysql.cj.jdbc.ConnectionImpl.getInstance(ConnectionImpl.java:241)
		at com.mysql.cj.jdbc.NonRegisteringDriver.connect(NonRegisteringDriver.java:198)
		at org.apache.tomcat.dbcp.dbcp2.DriverConnectionFactory.createConnection(DriverConnectionFactory.java:52)
		at org.apache.tomcat.dbcp.dbcp2.PoolableConnectionFactory.makeObject(PoolableConnectionFactory.java:415)
		at org.apache.tomcat.dbcp.dbcp2.BasicDataSource.validateConnectionFactory(BasicDataSource.java:111)
		at org.apache.tomcat.dbcp.dbcp2.BasicDataSource.createPoolableConnectionFactory(BasicDataSource.java:649)
		at org.apache.tomcat.dbcp.dbcp2.BasicDataSource.createDataSource(BasicDataSource.java:532)
		at org.apache.tomcat.dbcp.dbcp2.BasicDataSource.getConnection(BasicDataSource.java:731)
		at org.apache.jsp.select_005fpage_005fBasic_002dmySQL_jsp._jspService(select_005fpage_005fBasic_002dmySQL_jsp.java:135)
		at org.apache.jasper.runtime.HttpJspBase.service(HttpJspBase.java:70)
		at javax.servlet.http.HttpServlet.service(HttpServlet.java:764)
		at org.apache.jasper.servlet.JspServletWrapper.service(JspServletWrapper.java:466)
		at org.apache.jasper.servlet.JspServlet.serviceJspFile(JspServlet.java:379)
		at org.apache.jasper.servlet.JspServlet.service(JspServlet.java:327)
		at javax.servlet.http.HttpServlet.service(HttpServlet.java:764)
		at org.apache.catalina.core.ApplicationFilterChain.internalDoFilter(ApplicationFilterChain.java:227)
		at org.apache.catalina.core.ApplicationFilterChain.doFilter(ApplicationFilterChain.java:162)
		at org.apache.tomcat.websocket.server.WsFilter.doFilter(WsFilter.java:53)
		at org.apache.catalina.core.ApplicationFilterChain.internalDoFilter(ApplicationFilterChain.java:189)
		at org.apache.catalina.core.ApplicationFilterChain.doFilter(ApplicationFilterChain.java:162)
		at org.apache.catalina.core.StandardWrapperValve.invoke(StandardWrapperValve.java:197)
		at org.apache.catalina.core.StandardContextValve.invoke(StandardContextValve.java:97)
		at org.apache.catalina.authenticator.AuthenticatorBase.invoke(AuthenticatorBase.java:541)
		at org.apache.catalina.core.StandardHostValve.invoke(StandardHostValve.java:135)
		at org.apache.catalina.valves.ErrorReportValve.invoke(ErrorReportValve.java:92)
		at org.apache.catalina.valves.AbstractAccessLogValve.invoke(AbstractAccessLogValve.java:687)
		at org.apache.catalina.core.StandardEngineValve.invoke(StandardEngineValve.java:78)
		at org.apache.catalina.connector.CoyoteAdapter.service(CoyoteAdapter.java:360)
		at org.apache.coyote.http11.Http11Processor.service(Http11Processor.java:399)
		at org.apache.coyote.AbstractProcessorLight.process(AbstractProcessorLight.java:65)
		at org.apache.coyote.AbstractProtocol$ConnectionHandler.process(AbstractProtocol.java:890)
		at org.apache.tomcat.util.net.NioEndpoint$SocketProcessor.doRun(NioEndpoint.java:1789)
		at org.apache.tomcat.util.net.SocketProcessorBase.run(SocketProcessorBase.java:49)
		at org.apache.tomcat.util.threads.ThreadPoolExecutor.runWorker(ThreadPoolExecutor.java:1191)
		at org.apache.tomcat.util.threads.ThreadPoolExecutor$Worker.run(ThreadPoolExecutor.java:659)
		at org.apache.tomcat.util.threads.TaskThread$WrappingRunnable.run(TaskThread.java:61)
		at java.base/java.lang.Thread.run(Thread.java:833)
19-Jan-2024 14:28:28.847 INFO [main] org.apache.catalina.core.ApplicationContext.log ContextListener: contextInitialized()
19-Jan-2024 14:28:28.847 INFO [main] org.apache.catalina.core.ApplicationContext.log SessionListener: contextInitialized()
19-Jan-2024 14:28:28.847 INFO [main] org.apache.catalina.core.ApplicationContext.log ContextListener: attributeAdded('StockTicker', 'async.Stockticker@37b117dd')
19-Jan-2024 14:28:39.097 INFO [main] org.apache.catalina.core.ApplicationContext.log ContextListener: contextInitialized()
19-Jan-2024 14:28:39.097 INFO [main] org.apache.catalina.core.ApplicationContext.log SessionListener: contextInitialized()
19-Jan-2024 14:28:39.099 INFO [main] org.apache.catalina.core.ApplicationContext.log ContextListener: attributeAdded('StockTicker', 'async.Stockticker@174bbe8e')
19-Jan-2024 15:53:23.393 INFO [main] org.apache.catalina.core.ApplicationContext.log SessionListener: contextDestroyed()
19-Jan-2024 15:53:23.394 INFO [main] org.apache.catalina.core.ApplicationContext.log ContextListener: contextDestroyed()
