!SESSION 2024-01-29 10:28:34.998 -----------------------------------------------
eclipse.buildId=4.27.0.20230309-1200
java.version=17.0.10
java.vendor=Eclipse Adoptium
BootLoader constants: OS=win32, ARCH=x86_64, WS=win32, NL=zh_TW
Framework arguments:  -product org.eclipse.epp.package.jee.product
Command-line arguments:  -os win32 -ws win32 -arch x86_64 -product org.eclipse.epp.package.jee.product

!ENTRY org.eclipse.emf.ecore 2 0 2024-01-29 10:28:39.020
!MESSAGE Both 'org.eclipse.jst.j2ee.core' and 'org.eclipse.jst.j2ee.core' register a package for 'application.xmi'

!ENTRY org.eclipse.epp.mpc.core 4 0 2024-01-29 10:28:40.165
!MESSAGE FrameworkEvent ERROR
!STACK 0
org.osgi.framework.BundleException: Could not resolve module: org.eclipse.epp.mpc.core [342]
  Unresolved requirement: Import-Package: org.apache.hc.client5.http; version="[5.1.0,5.2.0)"

	at org.eclipse.osgi.container.Module.start(Module.java:463)
	at org.eclipse.osgi.container.ModuleContainer$ContainerStartLevel$2.run(ModuleContainer.java:1852)
	at org.eclipse.osgi.internal.framework.EquinoxContainerAdaptor$1$1.execute(EquinoxContainerAdaptor.java:136)
	at org.eclipse.osgi.container.ModuleContainer$ContainerStartLevel.incStartLevel(ModuleContainer.java:1845)
	at org.eclipse.osgi.container.ModuleContainer$ContainerStartLevel.incStartLevel(ModuleContainer.java:1786)
	at org.eclipse.osgi.container.ModuleContainer$ContainerStartLevel.doContainerStartLevel(ModuleContainer.java:1750)
	at org.eclipse.osgi.container.ModuleContainer$ContainerStartLevel.dispatchEvent(ModuleContainer.java:1672)
	at org.eclipse.osgi.container.ModuleContainer$ContainerStartLevel.dispatchEvent(ModuleContainer.java:1)
	at org.eclipse.osgi.framework.eventmgr.EventManager.dispatchEvent(EventManager.java:234)
	at org.eclipse.osgi.framework.eventmgr.EventManager$EventThread.run(EventManager.java:345)

!ENTRY org.eclipse.epp.mpc.core.win32 4 0 2024-01-29 10:28:40.169
!MESSAGE FrameworkEvent ERROR
!STACK 0
org.osgi.framework.BundleException: Could not resolve module: org.eclipse.epp.mpc.core.win32 [343]
  Unresolved requirement: Import-Package: org.apache.hc.client5.http.auth; version="[5.1.0,5.2.0)"

	at org.eclipse.osgi.container.Module.start(Module.java:463)
	at org.eclipse.osgi.container.ModuleContainer$ContainerStartLevel$2.run(ModuleContainer.java:1852)
	at org.eclipse.osgi.internal.framework.EquinoxContainerAdaptor$1$1.execute(EquinoxContainerAdaptor.java:136)
	at org.eclipse.osgi.container.ModuleContainer$ContainerStartLevel.incStartLevel(ModuleContainer.java:1845)
	at org.eclipse.osgi.container.ModuleContainer$ContainerStartLevel.incStartLevel(ModuleContainer.java:1786)
	at org.eclipse.osgi.container.ModuleContainer$ContainerStartLevel.doContainerStartLevel(ModuleContainer.java:1750)
	at org.eclipse.osgi.container.ModuleContainer$ContainerStartLevel.dispatchEvent(ModuleContainer.java:1672)
	at org.eclipse.osgi.container.ModuleContainer$ContainerStartLevel.dispatchEvent(ModuleContainer.java:1)
	at org.eclipse.osgi.framework.eventmgr.EventManager.dispatchEvent(EventManager.java:234)
	at org.eclipse.osgi.framework.eventmgr.EventManager$EventThread.run(EventManager.java:345)

!ENTRY org.eclipse.epp.mpc.ui 4 0 2024-01-29 10:28:40.170
!MESSAGE FrameworkEvent ERROR
!STACK 0
org.osgi.framework.BundleException: Could not resolve module: org.eclipse.epp.mpc.ui [345]
  Unresolved requirement: Require-Bundle: org.eclipse.epp.mpc.core; bundle-version="[1.10.1,2.0.0)"
    -> Bundle-SymbolicName: org.eclipse.epp.mpc.core; bundle-version="1.10.1.v20221110-1841"; singleton:="true"
       org.eclipse.epp.mpc.core [342]
         Unresolved requirement: Import-Package: org.apache.hc.client5.http; version="[5.1.0,5.2.0)"

	at org.eclipse.osgi.container.Module.start(Module.java:463)
	at org.eclipse.osgi.container.ModuleContainer$ContainerStartLevel$2.run(ModuleContainer.java:1852)
	at org.eclipse.osgi.internal.framework.EquinoxContainerAdaptor$1$1.execute(EquinoxContainerAdaptor.java:136)
	at org.eclipse.osgi.container.ModuleContainer$ContainerStartLevel.incStartLevel(ModuleContainer.java:1845)
	at org.eclipse.osgi.container.ModuleContainer$ContainerStartLevel.incStartLevel(ModuleContainer.java:1786)
	at org.eclipse.osgi.container.ModuleContainer$ContainerStartLevel.doContainerStartLevel(ModuleContainer.java:1750)
	at org.eclipse.osgi.container.ModuleContainer$ContainerStartLevel.dispatchEvent(ModuleContainer.java:1672)
	at org.eclipse.osgi.container.ModuleContainer$ContainerStartLevel.dispatchEvent(ModuleContainer.java:1)
	at org.eclipse.osgi.framework.eventmgr.EventManager.dispatchEvent(EventManager.java:234)
	at org.eclipse.osgi.framework.eventmgr.EventManager$EventThread.run(EventManager.java:345)
